Level	Date and Time	Source	Event ID	Task Category
Information	2014-11-21 오후 3:12:43	Microsoft-Windows-Winlogon	7001	(1101)	User Logon Notification for Customer Experience Improvement Program
Information	2014-11-21 오후 3:11:19	Microsoft-Windows-Kernel-General	12	None	The operating system started at system time ‎2014‎-‎11‎-‎21T06:11:18.610798500Z.
Information	2014-11-20 오후 4:00:21	Microsoft-Windows-Winlogon	7001	(1101)	User Logon Notification for Customer Experience Improvement Program
Information	2014-11-20 오후 2:53:46	Microsoft-Windows-Winlogon	7002	(1102)	User Logoff Notification for Customer Experience Improvement Program
Information	2014-11-20 오후 2:39:54	Microsoft-Windows-Winlogon	7001	(1101)	User Logon Notification for Customer Experience Improvement Program
Information	2014-11-20 오후 2:31:11	Microsoft-Windows-Kernel-General	12	None	The operating system started at system time ‎2014‎-‎11‎-‎20T05:31:10.626398500Z.
Information	2014-11-20 오후 12:58:56	Microsoft-Windows-Kernel-General	13	None	The operating system is shutting down at system time ‎2014‎-‎11‎-‎20T03:58:56.903611300Z.
Information	2014-11-20 오후 12:57:57	Microsoft-Windows-Winlogon	7002	(1102)	User Logoff Notification for Customer Experience Improvement Program
Information	2014-11-20 오후 12:42:29	Microsoft-Windows-Winlogon	7001	(1101)	User Logon Notification for Customer Experience Improvement Program
Information	2014-11-20 오후 12:41:41	Microsoft-Windows-Kernel-General	12	None	The operating system started at system time ‎2014‎-‎11‎-‎20T03:41:40.626398500Z.
Information	2014-11-19 오후 5:32:02	Microsoft-Windows-Kernel-General	13	None	The operating system is shutting down at system time ‎2014‎-‎11‎-‎19T08:32:02.754815500Z.
Information	2014-11-19 오후 5:31:47	Microsoft-Windows-Winlogon	7002	(1102)	User Logoff Notification for Customer Experience Improvement Program
Information	2014-11-19 오후 4:05:44	Microsoft-Windows-Winlogon	7001	(1101)	User Logon Notification for Customer Experience Improvement Program
Information	2014-11-19 오후 4:04:01	Microsoft-Windows-Kernel-General	12	None	The operating system started at system time ‎2014‎-‎11‎-‎19T07:04:00.626398500Z.
Information	2014-11-19 오후 4:02:53	Microsoft-Windows-Kernel-General	13	None	The operating system is shutting down at system time ‎2014‎-‎11‎-‎19T07:02:53.578018200Z.
Information	2014-11-19 오후 4:02:02	Microsoft-Windows-Winlogon	7002	(1102)	User Logoff Notification for Customer Experience Improvement Program
Information	2014-11-19 오후 1:02:45	Microsoft-Windows-Winlogon	7001	(1101)	User Logon Notification for Customer Experience Improvement Program
Information	2014-11-13 오후 6:51:03	Microsoft-Windows-Winlogon	7002	(1102)	User Logoff Notification for Customer Experience Improvement Program
Information	2014-11-13 오후 4:33:48	Microsoft-Windows-Winlogon	7001	(1101)	User Logon Notification for Customer Experience Improvement Program
Information	2014-11-13 오후 4:25:16	Microsoft-Windows-Kernel-General	12	None	The operating system started at system time ‎2014‎-‎11‎-‎13T07:25:15.626398500Z.
Information	2014-11-13 오후 4:24:38	Microsoft-Windows-Kernel-General	13	None	The operating system is shutting down at system time ‎2014‎-‎11‎-‎13T07:24:38.934123700Z.
Information	2014-11-13 오후 4:23:28	Microsoft-Windows-Kernel-General	12	None	The operating system started at system time ‎2014‎-‎11‎-‎13T07:23:27.626398500Z.
Information	2014-11-12 오후 4:15:40	Microsoft-Windows-Kernel-General	13	None	The operating system is shutting down at system time ‎2014‎-‎11‎-‎12T07:15:40.962222400Z.
Information	2014-11-12 오후 3:58:10	Microsoft-Windows-Winlogon	7002	(1102)	User Logoff Notification for Customer Experience Improvement Program
Information	2014-11-12 오후 2:04:23	Microsoft-Windows-Winlogon	7001	(1101)	User Logon Notification for Customer Experience Improvement Program
Information	2014-11-12 오후 2:03:34	Microsoft-Windows-Kernel-General	12	None	The operating system started at system time ‎2014‎-‎11‎-‎12T05:03:33.610798500Z.
Information	2014-11-10 오후 3:53:27	Microsoft-Windows-Kernel-General	13	None	The operating system is shutting down at system time ‎2014‎-‎11‎-‎10T06:53:27.413615800Z.
Information	2014-11-10 오후 3:53:15	Microsoft-Windows-Winlogon	7002	(1102)	User Logoff Notification for Customer Experience Improvement Program
Information	2014-11-10 오후 3:37:57	Microsoft-Windows-Winlogon	7001	(1101)	User Logon Notification for Customer Experience Improvement Program
Information	2014-11-10 오후 3:36:59	Microsoft-Windows-Kernel-General	12	None	The operating system started at system time ‎2014‎-‎11‎-‎10T06:36:58.610798500Z.
Information	2014-11-06 오후 5:29:54	Microsoft-Windows-Winlogon	7002	(1102)	User Logoff Notification for Customer Experience Improvement Program
Information	2014-11-06 오후 4:52:40	Microsoft-Windows-Winlogon	7001	(1101)	User Logon Notification for Customer Experience Improvement Program
Information	2014-11-05 오후 3:49:54	Microsoft-Windows-Winlogon	7002	(1102)	User Logoff Notification for Customer Experience Improvement Program
Information	2014-11-05 오후 2:09:40	Microsoft-Windows-Winlogon	7001	(1101)	User Logon Notification for Customer Experience Improvement Program
Information	2014-11-05 오후 2:08:16	Microsoft-Windows-Kernel-General	12	None	The operating system started at system time ‎2014‎-‎11‎-‎05T05:08:15.626398500Z.
Information	2014-11-03 오후 7:58:21	Microsoft-Windows-Kernel-General	13	None	The operating system is shutting down at system time ‎2014‎-‎11‎-‎03T10:58:21.586814800Z.
Information	2014-11-03 오후 7:58:08	Microsoft-Windows-Winlogon	7002	(1102)	User Logoff Notification for Customer Experience Improvement Program
Information	2014-11-03 오후 7:53:18	Microsoft-Windows-Winlogon	7001	(1101)	User Logon Notification for Customer Experience Improvement Program
Information	2014-11-03 오후 7:52:22	Microsoft-Windows-Kernel-General	12	None	The operating system started at system time ‎2014‎-‎11‎-‎03T10:52:21.610798500Z.
Information	2014-10-30 오후 5:51:28	Microsoft-Windows-Kernel-General	13	None	The operating system is shutting down at system time ‎2014‎-‎10‎-‎30T08:51:28.167012800Z.
Information	2014-10-30 오후 5:51:18	Microsoft-Windows-Winlogon	7002	(1102)	User Logoff Notification for Customer Experience Improvement Program
Information	2014-10-30 오후 4:43:57	Microsoft-Windows-Winlogon	7001	(1101)	User Logon Notification for Customer Experience Improvement Program
Information	2014-10-29 오후 4:49:46	Microsoft-Windows-Winlogon	7002	(1102)	User Logoff Notification for Customer Experience Improvement Program
Information	2014-10-29 오후 4:47:06	Microsoft-Windows-Winlogon	7001	(1101)	User Logon Notification for Customer Experience Improvement Program
Information	2014-10-29 오후 4:41:58	Microsoft-Windows-Winlogon	7002	(1102)	User Logoff Notification for Customer Experience Improvement Program
Information	2014-10-29 오후 3:50:26	Microsoft-Windows-Winlogon	7001	(1101)	User Logon Notification for Customer Experience Improvement Program
Information	2014-10-29 오후 3:47:49	Microsoft-Windows-Winlogon	7002	(1102)	User Logoff Notification for Customer Experience Improvement Program
Information	2014-10-29 오후 2:04:04	Microsoft-Windows-Winlogon	7001	(1101)	User Logon Notification for Customer Experience Improvement Program
Information	2014-10-29 오후 2:03:11	Microsoft-Windows-Kernel-General	12	None	The operating system started at system time ‎2014‎-‎10‎-‎29T05:03:10.626398500Z.
Information	2014-10-23 오후 7:00:23	Microsoft-Windows-Kernel-General	13	None	The operating system is shutting down at system time ‎2014‎-‎10‎-‎23T10:00:23.103014700Z.
Information	2014-10-23 오후 7:00:11	Microsoft-Windows-Winlogon	7002	(1102)	User Logoff Notification for Customer Experience Improvement Program
Information	2014-10-23 오후 6:58:25	Microsoft-Windows-Winlogon	7001	(1101)	User Logon Notification for Customer Experience Improvement Program
Information	2014-10-23 오후 6:57:24	Microsoft-Windows-Winlogon	7002	(1102)	User Logoff Notification for Customer Experience Improvement Program
Information	2014-10-23 오후 4:21:52	Microsoft-Windows-Winlogon	7001	(1101)	User Logon Notification for Customer Experience Improvement Program
Information	2014-10-23 오후 4:20:50	Microsoft-Windows-Kernel-General	12	None	The operating system started at system time ‎2014‎-‎10‎-‎23T07:20:49.610798500Z.
Information	2014-10-23 오후 3:58:21	Microsoft-Windows-Kernel-General	13	None	The operating system is shutting down at system time ‎2014‎-‎10‎-‎23T06:58:21.385012400Z.
Information	2014-10-23 오후 3:58:13	Microsoft-Windows-Winlogon	7002	(1102)	User Logoff Notification for Customer Experience Improvement Program
Information	2014-10-23 오후 3:56:28	Microsoft-Windows-Winlogon	7001	(1101)	User Logon Notification for Customer Experience Improvement Program
Information	2014-10-23 오후 3:56:09	Microsoft-Windows-Winlogon	7002	(1102)	User Logoff Notification for Customer Experience Improvement Program
Information	2014-10-23 오후 3:10:07	Microsoft-Windows-Winlogon	7001	(1101)	User Logon Notification for Customer Experience Improvement Program
Information	2014-10-22 오후 3:50:00	Microsoft-Windows-Winlogon	7002	(1102)	User Logoff Notification for Customer Experience Improvement Program
Information	2014-10-22 오후 2:06:43	Microsoft-Windows-Winlogon	7001	(1101)	User Logon Notification for Customer Experience Improvement Program
Information	2014-10-22 오후 2:05:50	Microsoft-Windows-Kernel-General	12	None	The operating system started at system time ‎2014‎-‎10‎-‎22T05:05:49.626398500Z.
Information	2014-10-22 오후 2:05:17	Microsoft-Windows-Kernel-General	13	None	The operating system is shutting down at system time ‎2014‎-‎10‎-‎22T05:05:17.518013500Z.
Information	2014-10-22 오후 2:05:07	Microsoft-Windows-Winlogon	7002	(1102)	User Logoff Notification for Customer Experience Improvement Program
Information	2014-10-22 오후 2:03:47	Microsoft-Windows-Winlogon	7001	(1101)	User Logon Notification for Customer Experience Improvement Program
Information	2014-10-22 오전 10:57:09	Microsoft-Windows-Winlogon	7002	(1102)	User Logoff Notification for Customer Experience Improvement Program
Information	2014-10-22 오전 10:51:25	Microsoft-Windows-Winlogon	7001	(1101)	User Logon Notification for Customer Experience Improvement Program
Information	2014-10-20 오후 6:19:42	Microsoft-Windows-Winlogon	7002	(1102)	User Logoff Notification for Customer Experience Improvement Program
Information	2014-10-20 오후 4:28:11	Microsoft-Windows-Winlogon	7001	(1101)	User Logon Notification for Customer Experience Improvement Program
Information	2014-10-20 오후 3:18:09	Microsoft-Windows-Winlogon	7002	(1102)	User Logoff Notification for Customer Experience Improvement Program
Information	2014-10-20 오후 2:59:17	Microsoft-Windows-Winlogon	7001	(1101)	User Logon Notification for Customer Experience Improvement Program
Information	2014-10-20 오후 2:58:35	Microsoft-Windows-Kernel-General	12	None	The operating system started at system time ‎2014‎-‎10‎-‎20T05:58:34.626398500Z.
Information	2014-10-17 오후 4:24:26	Microsoft-Windows-Kernel-General	13	None	The operating system is shutting down at system time ‎2014‎-‎10‎-‎17T07:24:26.614821200Z.
Information	2014-10-17 오후 4:24:09	Microsoft-Windows-Winlogon	7002	(1102)	User Logoff Notification for Customer Experience Improvement Program
Information	2014-10-17 오후 4:23:40	Microsoft-Windows-Winlogon	7001	(1101)	User Logon Notification for Customer Experience Improvement Program
Information	2014-10-17 오후 4:23:12	Microsoft-Windows-Winlogon	7002	(1102)	User Logoff Notification for Customer Experience Improvement Program
Information	2014-10-17 오전 10:52:28	Microsoft-Windows-Winlogon	7001	(1101)	User Logon Notification for Customer Experience Improvement Program
Information	2014-10-17 오전 10:39:50	Microsoft-Windows-Kernel-General	12	None	The operating system started at system time ‎2014‎-‎10‎-‎17T01:39:49.610798500Z.
Information	2014-10-17 오전 10:39:15	Microsoft-Windows-Kernel-General	13	None	The operating system is shutting down at system time ‎2014‎-‎10‎-‎17T01:39:15.513811900Z.
Information	2014-10-17 오전 10:13:20	Microsoft-Windows-Kernel-General	12	None	The operating system started at system time ‎2014‎-‎10‎-‎17T01:13:19.626398500Z.
Information	2014-10-17 오전 10:12:42	Microsoft-Windows-Kernel-General	13	None	The operating system is shutting down at system time ‎2014‎-‎10‎-‎17T01:12:42.932525400Z.
Information	2014-10-17 오전 10:11:31	Microsoft-Windows-Kernel-General	12	None	The operating system started at system time ‎2014‎-‎10‎-‎17T01:11:30.610798400Z.
Information	2014-10-16 오후 8:10:04	Microsoft-Windows-Kernel-General	13	None	The operating system is shutting down at system time ‎2014‎-‎10‎-‎16T11:10:04.045618400Z.
Information	2014-10-16 오후 7:53:24	Microsoft-Windows-Winlogon	7002	(1102)	User Logoff Notification for Customer Experience Improvement Program
Information	2014-10-16 오후 4:18:51	Microsoft-Windows-Winlogon	7001	(1101)	User Logon Notification for Customer Experience Improvement Program
Information	2014-10-16 오후 3:47:32	Microsoft-Windows-Winlogon	7002	(1102)	User Logoff Notification for Customer Experience Improvement Program
Information	2014-10-16 오후 3:33:52	Microsoft-Windows-Winlogon	7001	(1101)	User Logon Notification for Customer Experience Improvement Program
Information	2014-10-16 오후 3:33:35	Microsoft-Windows-Winlogon	7002	(1102)	User Logoff Notification for Customer Experience Improvement Program
Information	2014-10-16 오후 1:25:29	Microsoft-Windows-Winlogon	7001	(1101)	User Logon Notification for Customer Experience Improvement Program
Information	2014-10-16 오전 10:20:59	Microsoft-Windows-Winlogon	7002	(1102)	User Logoff Notification for Customer Experience Improvement Program
Information	2014-10-16 오전 10:18:48	Microsoft-Windows-Winlogon	7001	(1101)	User Logon Notification for Customer Experience Improvement Program
Information	2014-10-16 오전 10:18:01	Microsoft-Windows-Kernel-General	12	None	The operating system started at system time ‎2014‎-‎10‎-‎16T01:18:00.610798500Z.
Information	2014-10-08 오후 4:25:43	Microsoft-Windows-Kernel-General	13	None	The operating system is shutting down at system time ‎2014‎-‎10‎-‎08T07:25:43.956212800Z.
Information	2014-10-08 오후 4:25:34	Microsoft-Windows-Winlogon	7002	(1102)	User Logoff Notification for Customer Experience Improvement Program
Information	2014-10-08 오후 3:55:17	Microsoft-Windows-Winlogon	7001	(1101)	User Logon Notification for Customer Experience Improvement Program
Information	2014-10-08 오후 3:52:23	Microsoft-Windows-Winlogon	7002	(1102)	User Logoff Notification for Customer Experience Improvement Program
Information	2014-10-08 오후 2:00:05	Microsoft-Windows-Winlogon	7001	(1101)	User Logon Notification for Customer Experience Improvement Program
Information	2014-10-08 오후 1:58:55	Microsoft-Windows-Kernel-General	12	None	The operating system started at system time ‎2014‎-‎10‎-‎08T04:58:54.626398500Z.
Information	2014-10-08 오후 1:56:29	Microsoft-Windows-Kernel-General	13	None	The operating system is shutting down at system time ‎2014‎-‎10‎-‎08T04:56:29.454412300Z.
Information	2014-10-08 오후 1:56:19	Microsoft-Windows-Winlogon	7002	(1102)	User Logoff Notification for Customer Experience Improvement Program
Information	2014-10-08 오후 1:39:53	Microsoft-Windows-Winlogon	7001	(1101)	User Logon Notification for Customer Experience Improvement Program
Information	2014-10-07 오후 2:01:42	Microsoft-Windows-Winlogon	7002	(1102)	User Logoff Notification for Customer Experience Improvement Program
Information	2014-10-07 오후 1:59:54	Microsoft-Windows-Winlogon	7001	(1101)	User Logon Notification for Customer Experience Improvement Program
Information	2014-10-07 오전 9:01:54	Microsoft-Windows-Winlogon	7002	(1102)	User Logoff Notification for Customer Experience Improvement Program
Information	2014-10-06 오후 3:20:04	Microsoft-Windows-Winlogon	7001	(1101)	User Logon Notification for Customer Experience Improvement Program
Information	2014-10-06 오전 10:52:42	Microsoft-Windows-Kernel-General	12	None	The operating system started at system time ‎2014‎-‎10‎-‎06T01:52:41.610798500Z.
Information	2014-10-04 오후 12:30:37	Microsoft-Windows-Kernel-General	13	None	The operating system is shutting down at system time ‎2014‎-‎10‎-‎04T03:30:37.503023000Z.
Information	2014-10-02 오후 6:02:15	Microsoft-Windows-Winlogon	7002	(1102)	User Logoff Notification for Customer Experience Improvement Program
Information	2014-10-02 오후 4:23:04	Microsoft-Windows-Winlogon	7001	(1101)	User Logon Notification for Customer Experience Improvement Program
Information	2014-10-02 오후 4:22:22	Microsoft-Windows-Kernel-General	12	None	The operating system started at system time ‎2014‎-‎10‎-‎02T07:22:21.610798500Z.
Information	2014-10-02 오후 1:38:40	Microsoft-Windows-Kernel-General	13	None	The operating system is shutting down at system time ‎2014‎-‎10‎-‎02T04:38:40.047013100Z.
Information	2014-10-02 오후 1:38:30	Microsoft-Windows-Winlogon	7002	(1102)	User Logoff Notification for Customer Experience Improvement Program
Information	2014-10-02 오후 1:34:03	Microsoft-Windows-Winlogon	7001	(1101)	User Logon Notification for Customer Experience Improvement Program
Information	2014-10-01 오후 4:36:23	Microsoft-Windows-Winlogon	7002	(1102)	User Logoff Notification for Customer Experience Improvement Program
Information	2014-10-01 오후 3:49:27	Microsoft-Windows-Winlogon	7001	(1101)	User Logon Notification for Customer Experience Improvement Program
Information	2014-10-01 오후 3:48:35	Microsoft-Windows-Winlogon	7002	(1102)	User Logoff Notification for Customer Experience Improvement Program
Information	2014-10-01 오후 2:09:50	Microsoft-Windows-Winlogon	7001	(1101)	User Logon Notification for Customer Experience Improvement Program
Information	2014-09-29 오후 3:42:16	Microsoft-Windows-Winlogon	7002	(1102)	User Logoff Notification for Customer Experience Improvement Program
Information	2014-09-29 오후 1:45:42	Microsoft-Windows-Winlogon	7001	(1101)	User Logon Notification for Customer Experience Improvement Program
Information	2014-09-26 오후 1:46:26	Microsoft-Windows-Winlogon	7002	(1102)	User Logoff Notification for Customer Experience Improvement Program
Information	2014-09-26 오후 1:43:25	Microsoft-Windows-Winlogon	7001	(1101)	User Logon Notification for Customer Experience Improvement Program
Information	2014-09-26 오후 1:36:29	Microsoft-Windows-Kernel-General	12	None	The operating system started at system time ‎2014‎-‎09‎-‎26T04:36:28.626398500Z.
Information	2014-09-25 오후 6:53:14	Microsoft-Windows-Kernel-General	13	None	The operating system is shutting down at system time ‎2014‎-‎09‎-‎25T09:53:14.511211600Z.
Information	2014-09-25 오후 6:53:04	Microsoft-Windows-Winlogon	7002	(1102)	User Logoff Notification for Customer Experience Improvement Program
Information	2014-09-25 오후 3:35:05	Microsoft-Windows-Winlogon	7001	(1101)	User Logon Notification for Customer Experience Improvement Program
Information	2014-09-25 오전 11:05:16	Microsoft-Windows-Kernel-General	12	None	The operating system started at system time ‎2014‎-‎09‎-‎25T02:05:15.626398500Z.
Information	2014-09-24 오후 5:35:55	Microsoft-Windows-Kernel-General	13	None	The operating system is shutting down at system time ‎2014‎-‎09‎-‎24T08:35:55.377816500Z.
Information	2014-09-24 오후 5:35:42	Microsoft-Windows-Winlogon	7002	(1102)	User Logoff Notification for Customer Experience Improvement Program
Information	2014-09-24 오후 5:01:05	Microsoft-Windows-Winlogon	7001	(1101)	User Logon Notification for Customer Experience Improvement Program
Information	2014-09-24 오후 3:56:26	Microsoft-Windows-Winlogon	7002	(1102)	User Logoff Notification for Customer Experience Improvement Program
Information	2014-09-24 오후 2:13:03	Microsoft-Windows-Winlogon	7001	(1101)	User Logon Notification for Customer Experience Improvement Program
Information	2014-09-24 오후 2:11:07	Microsoft-Windows-Kernel-General	12	None	The operating system started at system time ‎2014‎-‎09‎-‎24T05:11:06.610798400Z.
Information	2014-09-22 오후 10:43:40	Microsoft-Windows-Kernel-General	13	None	The operating system is shutting down at system time ‎2014‎-‎09‎-‎22T13:43:40.768012600Z.
Information	2014-09-22 오후 10:43:31	Microsoft-Windows-Winlogon	7002	(1102)	User Logoff Notification for Customer Experience Improvement Program
Information	2014-09-22 오후 5:51:57	Microsoft-Windows-Winlogon	7001	(1101)	User Logon Notification for Customer Experience Improvement Program
Information	2014-09-20 오후 1:34:26	Microsoft-Windows-Winlogon	7002	(1102)	User Logoff Notification for Customer Experience Improvement Program
Information	2014-09-20 오후 12:09:07	Microsoft-Windows-Winlogon	7001	(1101)	User Logon Notification for Customer Experience Improvement Program
Information	2014-09-20 오후 12:02:14	Microsoft-Windows-Kernel-General	12	None	The operating system started at system time ‎2014‎-‎09‎-‎20T03:02:13.610798400Z.
Information	2014-09-18 오후 5:19:10	Microsoft-Windows-Kernel-General	13	None	The operating system is shutting down at system time ‎2014‎-‎09‎-‎18T08:19:10.993613100Z.
Information	2014-09-18 오후 5:19:00	Microsoft-Windows-Winlogon	7002	(1102)	User Logoff Notification for Customer Experience Improvement Program
Information	2014-09-18 오후 4:22:42	Microsoft-Windows-Winlogon	7001	(1101)	User Logon Notification for Customer Experience Improvement Program
Information	2014-09-18 오후 4:22:29	Microsoft-Windows-Winlogon	7002	(1102)	User Logoff Notification for Customer Experience Improvement Program
Information	2014-09-17 오후 3:49:42	Microsoft-Windows-Winlogon	7001	(1101)	User Logon Notification for Customer Experience Improvement Program
Information	2014-09-17 오후 3:47:31	Microsoft-Windows-Winlogon	7002	(1102)	User Logoff Notification for Customer Experience Improvement Program
Information	2014-09-17 오후 3:39:12	Microsoft-Windows-Winlogon	7001	(1101)	User Logon Notification for Customer Experience Improvement Program
Information	2014-09-17 오후 3:34:14	Microsoft-Windows-Winlogon	7002	(1102)	User Logoff Notification for Customer Experience Improvement Program
Information	2014-09-17 오후 2:10:38	Microsoft-Windows-Winlogon	7001	(1101)	User Logon Notification for Customer Experience Improvement Program
Information	2014-09-17 오후 1:56:07	Microsoft-Windows-Winlogon	7002	(1102)	User Logoff Notification for Customer Experience Improvement Program
Information	2014-09-17 오후 1:02:02	Microsoft-Windows-Winlogon	7001	(1101)	User Logon Notification for Customer Experience Improvement Program
Information	2014-09-17 오후 12:58:18	Microsoft-Windows-Kernel-General	12	None	The operating system started at system time ‎2014‎-‎09‎-‎17T03:58:17.626398500Z.
Information	2014-09-15 오후 6:59:51	Microsoft-Windows-Kernel-General	13	None	The operating system is shutting down at system time ‎2014‎-‎09‎-‎15T09:59:51.437412900Z.
Information	2014-09-15 오후 6:59:42	Microsoft-Windows-Winlogon	7002	(1102)	User Logoff Notification for Customer Experience Improvement Program
Information	2014-09-15 오후 6:12:15	Microsoft-Windows-Winlogon	7001	(1101)	User Logon Notification for Customer Experience Improvement Program
Information	2014-09-15 오후 3:25:53	Microsoft-Windows-Winlogon	7002	(1102)	User Logoff Notification for Customer Experience Improvement Program
Information	2014-09-15 오후 2:20:20	Microsoft-Windows-Winlogon	7001	(1101)	User Logon Notification for Customer Experience Improvement Program
Information	2014-09-15 오후 2:05:30	Microsoft-Windows-Kernel-General	12	None	The operating system started at system time ‎2014‎-‎09‎-‎15T05:05:29.626398500Z.
Information	2014-09-15 오후 2:04:53	Microsoft-Windows-Kernel-General	13	None	The operating system is shutting down at system time ‎2014‎-‎09‎-‎15T05:04:53.433707000Z.
Information	2014-09-15 오후 2:03:52	Microsoft-Windows-Kernel-General	12	None	The operating system started at system time ‎2014‎-‎09‎-‎15T05:03:51.610798500Z.
Information	2014-09-11 오후 5:35:20	Microsoft-Windows-Kernel-General	13	None	The operating system is shutting down at system time ‎2014‎-‎09‎-‎11T08:35:20.471414700Z.
Information	2014-09-11 오후 5:22:27	Microsoft-Windows-Winlogon	7002	(1102)	User Logoff Notification for Customer Experience Improvement Program
Information	2014-09-11 오후 3:25:26	Microsoft-Windows-Winlogon	7001	(1101)	User Logon Notification for Customer Experience Improvement Program
Information	2014-09-11 오후 3:24:33	Microsoft-Windows-Kernel-General	12	None	The operating system started at system time ‎2014‎-‎09‎-‎11T06:24:32.626398500Z.
Information	2014-09-05 오후 5:14:39	Microsoft-Windows-Kernel-General	13	None	The operating system is shutting down at system time ‎2014‎-‎09‎-‎05T08:14:39.845812000Z.
Information	2014-09-05 오후 5:14:29	Microsoft-Windows-Winlogon	7002	(1102)	User Logoff Notification for Customer Experience Improvement Program
Information	2014-09-05 오후 5:08:56	Microsoft-Windows-Winlogon	7001	(1101)	User Logon Notification for Customer Experience Improvement Program
Information	2014-09-05 오후 5:07:47	Microsoft-Windows-Kernel-General	12	None	The operating system started at system time ‎2014‎-‎09‎-‎05T08:07:46.626398500Z.
Information	2014-09-04 오후 8:46:42	Microsoft-Windows-Kernel-General	13	None	The operating system is shutting down at system time ‎2014‎-‎09‎-‎04T11:46:42.385420600Z.
Information	2014-09-04 오후 8:46:27	Microsoft-Windows-Winlogon	7002	(1102)	User Logoff Notification for Customer Experience Improvement Program
Information	2014-09-04 오후 8:36:42	Microsoft-Windows-Winlogon	7001	(1101)	User Logon Notification for Customer Experience Improvement Program
Information	2014-09-04 오후 7:16:04	Microsoft-Windows-Kernel-General	12	None	The operating system started at system time ‎2014‎-‎09‎-‎04T10:16:03.610798500Z.
Information	2014-09-04 오후 4:38:47	Microsoft-Windows-Kernel-General	13	None	The operating system is shutting down at system time ‎2014‎-‎09‎-‎04T07:38:47.811014500Z.
Information	2014-09-04 오후 4:38:36	Microsoft-Windows-Winlogon	7002	(1102)	User Logoff Notification for Customer Experience Improvement Program
Information	2014-09-04 오후 3:36:39	Microsoft-Windows-Winlogon	7001	(1101)	User Logon Notification for Customer Experience Improvement Program
Information	2014-09-04 오후 3:35:55	Microsoft-Windows-Kernel-General	12	None	The operating system started at system time ‎2014‎-‎09‎-‎04T06:35:54.610798500Z.
Information	2014-09-04 오후 3:29:45	Microsoft-Windows-Kernel-General	13	None	The operating system is shutting down at system time ‎2014‎-‎09‎-‎04T06:29:45.353613600Z.
Information	2014-09-04 오후 3:29:35	Microsoft-Windows-Winlogon	7002	(1102)	User Logoff Notification for Customer Experience Improvement Program
Information	2014-09-04 오후 3:19:30	Microsoft-Windows-Winlogon	7001	(1101)	User Logon Notification for Customer Experience Improvement Program
Information	2014-09-04 오후 3:18:33	Microsoft-Windows-Kernel-General	12	None	The operating system started at system time ‎2014‎-‎09‎-‎04T06:18:32.610798500Z.
Information	2014-09-04 오후 2:36:23	Microsoft-Windows-Kernel-General	13	None	The operating system is shutting down at system time ‎2014‎-‎09‎-‎04T05:36:23.780412200Z.
Information	2014-09-04 오후 1:53:56	Microsoft-Windows-Kernel-General	12	None	The operating system started at system time ‎2014‎-‎09‎-‎04T04:53:55.610798500Z.
Information	2014-09-04 오후 1:01:16	Microsoft-Windows-Kernel-General	13	None	The operating system is shutting down at system time ‎2014‎-‎09‎-‎04T04:01:16.376414200Z.
Information	2014-09-04 오후 1:01:04	Microsoft-Windows-Winlogon	7002	(1102)	User Logoff Notification for Customer Experience Improvement Program
Information	2014-09-04 오전 11:04:20	Microsoft-Windows-Winlogon	7001	(1101)	User Logon Notification for Customer Experience Improvement Program
Information	2014-09-04 오전 10:57:17	Microsoft-Windows-Kernel-General	12	None	The operating system started at system time ‎2014‎-‎09‎-‎04T01:57:16.610798500Z.
Information	2014-09-04 오전 10:55:37	Microsoft-Windows-Kernel-General	13	None	The operating system is shutting down at system time ‎2014‎-‎09‎-‎04T01:55:37.154420900Z.
Information	2014-09-04 오전 10:55:26	Microsoft-Windows-Winlogon	7002	(1102)	User Logoff Notification for Customer Experience Improvement Program
Information	2014-09-04 오전 10:51:09	Microsoft-Windows-Winlogon	7001	(1101)	User Logon Notification for Customer Experience Improvement Program
Information	2014-09-04 오전 10:50:10	Microsoft-Windows-Kernel-General	12	None	The operating system started at system time ‎2014‎-‎09‎-‎04T01:50:09.610798500Z.
Information	2014-09-03 오후 4:30:20	Microsoft-Windows-Kernel-General	13	None	The operating system is shutting down at system time ‎2014‎-‎09‎-‎03T07:30:20.794813800Z.
Information	2014-09-03 오후 4:30:08	Microsoft-Windows-Winlogon	7002	(1102)	User Logoff Notification for Customer Experience Improvement Program
Information	2014-09-03 오후 2:45:25	Microsoft-Windows-Winlogon	7001	(1101)	User Logon Notification for Customer Experience Improvement Program
Information	2014-09-03 오후 1:57:18	Microsoft-Windows-Kernel-General	12	None	The operating system started at system time ‎2014‎-‎09‎-‎03T04:57:17.610798500Z.
Information	2014-09-03 오후 1:01:02	Microsoft-Windows-Kernel-General	13	None	The operating system is shutting down at system time ‎2014‎-‎09‎-‎03T04:01:02.718413000Z.
Information	2014-09-03 오후 1:00:34	Microsoft-Windows-Winlogon	7002	(1102)	User Logoff Notification for Customer Experience Improvement Program
Information	2014-09-03 오후 12:54:14	Microsoft-Windows-Winlogon	7001	(1101)	User Logon Notification for Customer Experience Improvement Program
Information	2014-09-03 오후 12:52:55	Microsoft-Windows-Kernel-General	12	None	The operating system started at system time ‎2014‎-‎09‎-‎03T03:52:54.610798500Z.
Information	2014-09-02 오후 6:38:18	Microsoft-Windows-Kernel-General	13	None	The operating system is shutting down at system time ‎2014‎-‎09‎-‎02T09:38:18.486492400Z.
Information	2014-09-02 오후 6:37:25	Microsoft-Windows-Kernel-General	12	None	The operating system started at system time ‎2014‎-‎09‎-‎02T09:37:24.610798500Z.
Information	2014-09-02 오후 5:21:58	Microsoft-Windows-Kernel-General	13	None	The operating system is shutting down at system time ‎2014‎-‎09‎-‎02T08:21:58.659811400Z.
Information	2014-09-02 오후 5:21:49	Microsoft-Windows-Winlogon	7002	(1102)	User Logoff Notification for Customer Experience Improvement Program
Information	2014-09-02 오후 5:16:55	Microsoft-Windows-Winlogon	7001	(1101)	User Logon Notification for Customer Experience Improvement Program
Information	2014-09-01 오후 11:00:21	Microsoft-Windows-Kernel-General	12	None	The operating system started at system time ‎2014‎-‎09‎-‎01T14:00:20.610798500Z.
Information	2014-09-01 오후 10:59:42	Microsoft-Windows-Kernel-General	13	None	The operating system is shutting down at system time ‎2014‎-‎09‎-‎01T13:59:42.807011800Z.
Information	2014-09-01 오후 10:59:32	Microsoft-Windows-Winlogon	7002	(1102)	User Logoff Notification for Customer Experience Improvement Program
Information	2014-09-01 오후 9:37:57	Microsoft-Windows-Winlogon	7001	(1101)	User Logon Notification for Customer Experience Improvement Program
Information	2014-09-01 오후 9:37:07	Microsoft-Windows-Kernel-General	12	None	The operating system started at system time ‎2014‎-‎09‎-‎01T12:37:06.610798500Z.
Information	2014-09-01 오후 9:36:29	Microsoft-Windows-Kernel-General	13	None	The operating system is shutting down at system time ‎2014‎-‎09‎-‎01T12:36:29.832812900Z.
Information	2014-09-01 오후 9:36:19	Microsoft-Windows-Winlogon	7002	(1102)	User Logoff Notification for Customer Experience Improvement Program
Information	2014-09-01 오후 9:31:59	Microsoft-Windows-Winlogon	7001	(1101)	User Logon Notification for Customer Experience Improvement Program
Information	2014-09-01 오후 9:31:27	Microsoft-Windows-Kernel-General	12	None	The operating system started at system time ‎2014‎-‎09‎-‎01T12:31:26.610798500Z.
Information	2014-09-01 오후 9:30:57	Microsoft-Windows-Kernel-General	13	None	The operating system is shutting down at system time ‎2014‎-‎09‎-‎01T12:30:57.294154700Z.
Information	2014-09-01 오후 9:30:46	Microsoft-Windows-Winlogon	7002	(1102)	User Logoff Notification for Customer Experience Improvement Program
Information	2014-09-01 오후 9:29:17	Microsoft-Windows-Winlogon	7001	(1101)	User Logon Notification for Customer Experience Improvement Program
Information	2014-09-01 오후 6:44:21	Microsoft-Windows-Kernel-General	12	None	The operating system started at system time ‎2014‎-‎09‎-‎01T09:44:20.610798500Z.
Information	2014-08-30 오후 4:38:40	Microsoft-Windows-Kernel-General	13	None	The operating system is shutting down at system time ‎2014‎-‎08‎-‎30T07:38:40.299213400Z.
Information	2014-08-30 오후 4:38:31	Microsoft-Windows-Winlogon	7002	(1102)	User Logoff Notification for Customer Experience Improvement Program
Information	2014-08-30 오후 4:32:29	Microsoft-Windows-Winlogon	7001	(1101)	User Logon Notification for Customer Experience Improvement Program
Information	2014-08-30 오후 4:31:18	Microsoft-Windows-Kernel-General	12	None	The operating system started at system time ‎2014‎-‎08‎-‎30T07:31:17.610798500Z.
Information	2014-08-30 오후 2:55:57	Microsoft-Windows-Winlogon	7001	(1101)	User Logon Notification for Customer Experience Improvement Program
Information	2014-08-30 오후 2:55:44	Microsoft-Windows-Winlogon	7002	(1102)	User Logoff Notification for Customer Experience Improvement Program
Information	2014-08-30 오후 2:44:32	Microsoft-Windows-Winlogon	7001	(1101)	User Logon Notification for Customer Experience Improvement Program
Information	2014-08-30 오후 2:44:06	Microsoft-Windows-Winlogon	7002	(1102)	User Logoff Notification for Customer Experience Improvement Program
Information	2014-08-30 오후 2:38:25	Microsoft-Windows-Winlogon	7001	(1101)	User Logon Notification for Customer Experience Improvement Program
Information	2014-08-30 오후 2:38:08	Microsoft-Windows-Winlogon	7002	(1102)	User Logoff Notification for Customer Experience Improvement Program
Information	2014-08-30 오후 2:36:43	Microsoft-Windows-Winlogon	7001	(1101)	User Logon Notification for Customer Experience Improvement Program
Information	2014-08-30 오후 2:36:03	Microsoft-Windows-Kernel-General	12	None	The operating system started at system time ‎2014‎-‎08‎-‎30T05:36:02.610798500Z.
Information	2014-08-30 오후 2:35:35	Microsoft-Windows-Kernel-General	13	None	The operating system is shutting down at system time ‎2014‎-‎08‎-‎30T05:35:35.647813800Z.
Information	2014-08-30 오후 2:35:26	Microsoft-Windows-Winlogon	7002	(1102)	User Logoff Notification for Customer Experience Improvement Program
Information	2014-08-30 오후 2:31:33	Microsoft-Windows-Winlogon	7001	(1101)	User Logon Notification for Customer Experience Improvement Program
Information	2014-08-30 오후 2:30:21	Microsoft-Windows-Kernel-General	12	None	The operating system started at system time ‎2014‎-‎08‎-‎30T05:30:20.610798500Z.
Information	2014-08-30 오후 2:29:51	Microsoft-Windows-Kernel-General	13	None	The operating system is shutting down at system time ‎2014‎-‎08‎-‎30T05:29:51.621613200Z.
Information	2014-08-30 오후 2:29:42	Microsoft-Windows-Winlogon	7002	(1102)	User Logoff Notification for Customer Experience Improvement Program
Information	2014-08-30 오후 12:43:44	Microsoft-Windows-Winlogon	7001	(1101)	User Logon Notification for Customer Experience Improvement Program
Information	2014-08-30 오후 12:42:46	Microsoft-Windows-Kernel-General	12	None	The operating system started at system time ‎2014‎-‎08‎-‎30T03:42:45.626398500Z.
Information	2014-08-30 오후 12:42:18	Microsoft-Windows-Kernel-General	13	None	The operating system is shutting down at system time ‎2014‎-‎08‎-‎30T03:42:18.052271100Z.
Information	2014-08-30 오후 12:42:08	Microsoft-Windows-Winlogon	7002	(1102)	User Logoff Notification for Customer Experience Improvement Program
Information	2014-08-30 오후 12:40:03	Microsoft-Windows-Winlogon	7001	(1101)	User Logon Notification for Customer Experience Improvement Program
Information	2014-08-30 오후 12:39:53	Microsoft-Windows-Winlogon	7002	(1102)	User Logoff Notification for Customer Experience Improvement Program
Information	2014-08-30 오후 12:39:35	Microsoft-Windows-Winlogon	7001	(1101)	User Logon Notification for Customer Experience Improvement Program
Information	2014-08-30 오후 12:39:06	Microsoft-Windows-Winlogon	7002	(1102)	User Logoff Notification for Customer Experience Improvement Program
Information	2014-08-30 오후 12:37:39	Microsoft-Windows-Winlogon	7001	(1101)	User Logon Notification for Customer Experience Improvement Program
Information	2014-08-30 오후 12:37:28	Microsoft-Windows-Winlogon	7002	(1102)	User Logoff Notification for Customer Experience Improvement Program
Information	2014-08-30 오후 12:35:55	Microsoft-Windows-Winlogon	7001	(1101)	User Logon Notification for Customer Experience Improvement Program
Information	2014-08-30 오후 12:35:49	Microsoft-Windows-Winlogon	7002	(1102)	User Logoff Notification for Customer Experience Improvement Program
Information	2014-08-30 오후 12:35:02	Microsoft-Windows-Winlogon	7001	(1101)	User Logon Notification for Customer Experience Improvement Program
Information	2014-08-30 오후 12:34:51	Microsoft-Windows-Winlogon	7002	(1102)	User Logoff Notification for Customer Experience Improvement Program
Information	2014-08-30 오후 12:34:24	Microsoft-Windows-Winlogon	7001	(1101)	User Logon Notification for Customer Experience Improvement Program
Information	2014-08-30 오후 12:34:07	Microsoft-Windows-Winlogon	7002	(1102)	User Logoff Notification for Customer Experience Improvement Program
Information	2014-08-30 오후 12:32:46	Microsoft-Windows-Winlogon	7001	(1101)	User Logon Notification for Customer Experience Improvement Program
Information	2014-08-30 오후 12:32:12	Microsoft-Windows-Kernel-General	12	None	The operating system started at system time ‎2014‎-‎08‎-‎30T03:32:11.610798500Z.
Information	2014-08-30 오후 12:31:45	Microsoft-Windows-Kernel-General	13	None	The operating system is shutting down at system time ‎2014‎-‎08‎-‎30T03:31:45.609250000Z.
Information	2014-08-30 오후 12:31:36	Microsoft-Windows-Winlogon	7002	(1102)	User Logoff Notification for Customer Experience Improvement Program
Information	2014-08-30 오후 12:29:33	Microsoft-Windows-Winlogon	7001	(1101)	User Logon Notification for Customer Experience Improvement Program
Information	2014-08-30 오후 12:28:44	Microsoft-Windows-Winlogon	7002	(1102)	User Logoff Notification for Customer Experience Improvement Program
Information	2014-08-30 오후 12:26:13	Microsoft-Windows-Winlogon	7001	(1101)	User Logon Notification for Customer Experience Improvement Program
Information	2014-08-30 오후 12:25:25	Microsoft-Windows-Kernel-General	12	None	The operating system started at system time ‎2014‎-‎08‎-‎30T03:25:24.626398500Z.
Information	2014-08-30 오후 12:24:47	Microsoft-Windows-Kernel-General	13	None	The operating system is shutting down at system time ‎2014‎-‎08‎-‎30T03:24:47.803411800Z.
Information	2014-08-30 오후 12:24:37	Microsoft-Windows-Winlogon	7002	(1102)	User Logoff Notification for Customer Experience Improvement Program
Information	2014-08-30 오후 12:18:40	Microsoft-Windows-Winlogon	7001	(1101)	User Logon Notification for Customer Experience Improvement Program
Information	2014-08-30 오후 12:18:19	Microsoft-Windows-Winlogon	7002	(1102)	User Logoff Notification for Customer Experience Improvement Program
Information	2014-08-30 오후 12:17:54	Microsoft-Windows-Winlogon	7001	(1101)	User Logon Notification for Customer Experience Improvement Program
Information	2014-08-30 오후 12:17:48	Microsoft-Windows-Winlogon	7002	(1102)	User Logoff Notification for Customer Experience Improvement Program
Information	2014-08-30 오후 12:07:23	Microsoft-Windows-Winlogon	7001	(1101)	User Logon Notification for Customer Experience Improvement Program
Information	2014-08-30 오후 12:07:14	Microsoft-Windows-Winlogon	7002	(1102)	User Logoff Notification for Customer Experience Improvement Program
Information	2014-08-30 오후 12:05:41	Microsoft-Windows-Winlogon	7001	(1101)	User Logon Notification for Customer Experience Improvement Program
Information	2014-08-30 오후 12:05:30	Microsoft-Windows-Winlogon	7002	(1102)	User Logoff Notification for Customer Experience Improvement Program
Information	2014-08-30 오전 11:47:21	Microsoft-Windows-Winlogon	7001	(1101)	User Logon Notification for Customer Experience Improvement Program
Information	2014-08-30 오전 11:47:15	Microsoft-Windows-Winlogon	7002	(1102)	User Logoff Notification for Customer Experience Improvement Program
Information	2014-08-30 오전 11:45:44	Microsoft-Windows-Winlogon	7001	(1101)	User Logon Notification for Customer Experience Improvement Program
Information	2014-08-30 오전 11:45:39	Microsoft-Windows-Winlogon	7002	(1102)	User Logoff Notification for Customer Experience Improvement Program
Information	2014-08-30 오전 11:43:50	Microsoft-Windows-Winlogon	7001	(1101)	User Logon Notification for Customer Experience Improvement Program
Information	2014-08-30 오전 11:43:41	Microsoft-Windows-Winlogon	7002	(1102)	User Logoff Notification for Customer Experience Improvement Program
Information	2014-08-30 오전 11:42:02	Microsoft-Windows-Winlogon	7001	(1101)	User Logon Notification for Customer Experience Improvement Program
Information	2014-08-30 오전 11:41:56	Microsoft-Windows-Winlogon	7002	(1102)	User Logoff Notification for Customer Experience Improvement Program
Information	2014-08-30 오전 11:40:56	Microsoft-Windows-Winlogon	7001	(1101)	User Logon Notification for Customer Experience Improvement Program
Information	2014-08-30 오전 11:40:51	Microsoft-Windows-Winlogon	7002	(1102)	User Logoff Notification for Customer Experience Improvement Program
Information	2014-08-30 오전 11:40:01	Microsoft-Windows-Winlogon	7001	(1101)	User Logon Notification for Customer Experience Improvement Program
Information	2014-08-30 오전 11:39:36	Microsoft-Windows-Winlogon	7002	(1102)	User Logoff Notification for Customer Experience Improvement Program
Information	2014-08-30 오전 11:39:28	Microsoft-Windows-Winlogon	7001	(1101)	User Logon Notification for Customer Experience Improvement Program
Information	2014-08-30 오전 11:39:20	Microsoft-Windows-Winlogon	7002	(1102)	User Logoff Notification for Customer Experience Improvement Program
Information	2014-08-30 오전 11:35:52	Microsoft-Windows-Winlogon	7001	(1101)	User Logon Notification for Customer Experience Improvement Program
Information	2014-08-30 오전 11:35:42	Microsoft-Windows-Winlogon	7002	(1102)	User Logoff Notification for Customer Experience Improvement Program
Information	2014-08-30 오전 1:47:34	Microsoft-Windows-Winlogon	7001	(1101)	User Logon Notification for Customer Experience Improvement Program
Information	2014-08-30 오전 1:46:49	Microsoft-Windows-Winlogon	7002	(1102)	User Logoff Notification for Customer Experience Improvement Program
Information	2014-08-30 오전 1:25:04	Microsoft-Windows-Winlogon	7001	(1101)	User Logon Notification for Customer Experience Improvement Program
Information	2014-08-30 오전 1:24:11	Microsoft-Windows-Kernel-General	12	None	The operating system started at system time ‎2014‎-‎08‎-‎29T16:24:10.626398500Z.
Information	2014-08-29 오후 11:50:03	Microsoft-Windows-Winlogon	7001	(1101)	User Logon Notification for Customer Experience Improvement Program
Information	2014-08-29 오후 8:56:34	Microsoft-Windows-Winlogon	7001	(1101)	User Logon Notification for Customer Experience Improvement Program
Information	2014-08-29 오후 8:56:24	Microsoft-Windows-Winlogon	7002	(1102)	User Logoff Notification for Customer Experience Improvement Program
Information	2014-08-29 오후 8:50:44	Microsoft-Windows-Winlogon	7001	(1101)	User Logon Notification for Customer Experience Improvement Program
Information	2014-08-29 오후 8:50:24	Microsoft-Windows-Winlogon	7002	(1102)	User Logoff Notification for Customer Experience Improvement Program
Information	2014-08-29 오후 8:49:52	Microsoft-Windows-Winlogon	7001	(1101)	User Logon Notification for Customer Experience Improvement Program
Information	2014-08-29 오후 8:49:47	Microsoft-Windows-Winlogon	7002	(1102)	User Logoff Notification for Customer Experience Improvement Program
Information	2014-08-29 오후 8:34:01	Microsoft-Windows-Winlogon	7001	(1101)	User Logon Notification for Customer Experience Improvement Program
Information	2014-08-29 오후 8:33:08	Microsoft-Windows-Kernel-General	12	None	The operating system started at system time ‎2014‎-‎08‎-‎29T11:33:07.626398500Z.
Information	2014-08-29 오후 8:30:01	Microsoft-Windows-Kernel-General	13	None	The operating system is shutting down at system time ‎2014‎-‎08‎-‎29T11:30:01.459550200Z.
Information	2014-08-29 오후 8:28:35	Microsoft-Windows-Kernel-General	12	None	The operating system started at system time ‎2014‎-‎08‎-‎29T11:28:34.626398500Z.
Information	2014-08-29 오후 8:12:02	Microsoft-Windows-Kernel-General	13	None	The operating system is shutting down at system time ‎2014‎-‎08‎-‎29T11:12:02.370483100Z.
Information	2014-08-29 오후 8:11:51	Microsoft-Windows-Winlogon	7002	(1102)	User Logoff Notification for Customer Experience Improvement Program
Information	2014-08-29 오후 8:09:57	Microsoft-Windows-Winlogon	7001	(1101)	User Logon Notification for Customer Experience Improvement Program
Information	2014-08-29 오후 8:09:20	Microsoft-Windows-Kernel-General	12	None	The operating system started at system time ‎2014‎-‎08‎-‎29T11:09:19.626398500Z.
Information	2014-08-29 오후 8:08:43	Microsoft-Windows-Kernel-General	13	None	The operating system is shutting down at system time ‎2014‎-‎08‎-‎29T11:08:43.275995300Z.
Information	2014-08-29 오후 8:08:34	Microsoft-Windows-Winlogon	7002	(1102)	User Logoff Notification for Customer Experience Improvement Program
Information	2014-08-29 오후 8:05:39	Microsoft-Windows-Winlogon	7001	(1101)	User Logon Notification for Customer Experience Improvement Program
Information	2014-08-29 오후 8:04:57	Microsoft-Windows-Kernel-General	12	None	The operating system started at system time ‎2014‎-‎08‎-‎29T11:04:56.626398500Z.
Information	2014-08-30 오전 3:50:37	Microsoft-Windows-Kernel-General	13	None	The operating system is shutting down at system time ‎2014‎-‎08‎-‎29T18:50:37.792929200Z.
Information	2014-08-30 오전 3:49:23	Microsoft-Windows-Kernel-General	12	None	The operating system started at system time ‎2014‎-‎08‎-‎29T18:49:22.626398500Z.
Information	2014-08-30 오전 2:32:26	Microsoft-Windows-Kernel-General	13	None	The operating system is shutting down at system time ‎2014‎-‎08‎-‎29T17:32:26.967141300Z.
Information	2014-08-30 오전 2:32:17	Microsoft-Windows-Winlogon	7002	(1102)	User Logoff Notification for Customer Experience Improvement Program
Information	2014-08-30 오전 2:26:09	Microsoft-Windows-Winlogon	7001	(1101)	User Logon Notification for Customer Experience Improvement Program
Information	2014-08-30 오전 2:25:24	Microsoft-Windows-Kernel-General	12	None	The operating system started at system time ‎2014‎-‎08‎-‎29T17:25:23.626398500Z.
Information	2014-08-30 오전 2:23:01	Microsoft-Windows-Kernel-General	13	None	The operating system is shutting down at system time ‎2014‎-‎08‎-‎29T17:23:01.272769300Z.
Information	2014-08-30 오전 2:22:46	Microsoft-Windows-Winlogon	7002	(1102)	User Logoff Notification for Customer Experience Improvement Program
Information	2014-08-30 오전 1:43:50	Microsoft-Windows-Winlogon	7001	(1101)	User Logon Notification for Customer Experience Improvement Program
Information	2014-08-30 오전 1:42:26	Microsoft-Windows-Kernel-General	12	None	The operating system started at system time ‎2014‎-‎08‎-‎29T16:42:25.626398500Z.
Information	2014-08-30 오전 1:30:41	Microsoft-Windows-Kernel-General	13	None	The operating system is shutting down at system time ‎2014‎-‎08‎-‎29T16:30:41.932734800Z.
Information	2014-08-30 오전 1:30:25	Microsoft-Windows-Winlogon	7002	(1102)	User Logoff Notification for Customer Experience Improvement Program
Information	2014-08-30 오전 1:26:04	Microsoft-Windows-Winlogon	7001	(1101)	User Logon Notification for Customer Experience Improvement Program
Information	2014-08-30 오전 1:24:40	Microsoft-Windows-Kernel-General	12	None	The operating system started at system time ‎2014‎-‎08‎-‎29T16:24:39.626398500Z.
Information	2014-08-30 오전 1:24:12	Microsoft-Windows-Kernel-General	13	None	The operating system is shutting down at system time ‎2014‎-‎08‎-‎29T16:24:12.465957600Z.
Information	2014-08-30 오전 1:24:03	Microsoft-Windows-Winlogon	7002	(1102)	User Logoff Notification for Customer Experience Improvement Program
Information	2014-08-30 오전 1:22:13	Microsoft-Windows-Winlogon	7001	(1101)	User Logon Notification for Customer Experience Improvement Program
Information	2014-08-30 오전 1:20:48	Microsoft-Windows-Kernel-General	12	None	The operating system started at system time ‎2014‎-‎08‎-‎29T16:20:47.626398500Z.
Information	2014-08-30 오전 1:18:51	Microsoft-Windows-Kernel-General	13	None	The operating system is shutting down at system time ‎2014‎-‎08‎-‎29T16:18:51.928412600Z.
Information	2014-08-30 오전 1:18:43	Microsoft-Windows-Winlogon	7002	(1102)	User Logoff Notification for Customer Experience Improvement Program
Information	2014-08-30 오전 1:16:21	Microsoft-Windows-Winlogon	7001	(1101)	User Logon Notification for Customer Experience Improvement Program
Information	2014-08-30 오전 1:14:56	Microsoft-Windows-Kernel-General	12	None	The operating system started at system time ‎2014‎-‎08‎-‎29T16:14:55.626398500Z.
Information	2014-08-30 오전 1:13:06	Microsoft-Windows-Kernel-General	13	None	The operating system is shutting down at system time ‎2014‎-‎08‎-‎29T16:13:06.137628000Z.
Information	2014-08-30 오전 1:12:56	Microsoft-Windows-Winlogon	7002	(1102)	User Logoff Notification for Customer Experience Improvement Program
Information	2014-08-30 오전 1:11:18	Microsoft-Windows-Winlogon	7001	(1101)	User Logon Notification for Customer Experience Improvement Program
Information	2014-08-30 오전 1:09:01	Microsoft-Windows-Kernel-General	12	None	The operating system started at system time ‎2014‎-‎08‎-‎29T16:09:00.626398500Z.
Information	2014-08-30 오전 12:29:14	Microsoft-Windows-Kernel-General	13	None	The operating system is shutting down at system time ‎2014‎-‎08‎-‎29T15:29:14.575569200Z.
Information	2014-08-30 오전 12:29:01	Microsoft-Windows-Winlogon	7002	(1102)	User Logoff Notification for Customer Experience Improvement Program
