Level	Date and Time	Source	Event ID	Task Category
Information	2014-11-21 오후 3:36:48	Microsoft-Windows-Winlogon	7001	(1101)	User Logon Notification for Customer Experience Improvement Program
Information	2014-11-21 오후 3:35:44	Microsoft-Windows-Kernel-General	12	None	The operating system started at system time ‎2014‎-‎11‎-‎21T06:35:43.610798400Z.
Information	2014-11-20 오후 6:00:06	Microsoft-Windows-Kernel-General	13	None	The operating system is shutting down at system time ‎2014‎-‎11‎-‎20T09:00:06.080213300Z.
Information	2014-11-20 오후 5:59:53	Microsoft-Windows-Winlogon	7002	(1102)	User Logoff Notification for Customer Experience Improvement Program
Information	2014-11-20 오후 5:03:47	Microsoft-Windows-Winlogon	7001	(1101)	User Logon Notification for Customer Experience Improvement Program
Information	2014-11-20 오전 5:03:39	Microsoft-Windows-Kernel-General	12	None	The operating system started at system time ‎2014‎-‎11‎-‎19T20:03:38.626398500Z.
Information	2014-11-20 오전 5:03:01	Microsoft-Windows-Kernel-General	13	None	The operating system is shutting down at system time ‎2014‎-‎11‎-‎19T20:03:01.267814700Z.
Information	2014-11-19 오후 3:51:49	Microsoft-Windows-Winlogon	7002	(1102)	User Logoff Notification for Customer Experience Improvement Program
Information	2014-11-19 오후 12:26:47	Microsoft-Windows-Winlogon	7001	(1101)	User Logon Notification for Customer Experience Improvement Program
Information	2014-11-19 오후 12:25:46	Microsoft-Windows-Kernel-General	12	None	The operating system started at system time ‎2014‎-‎11‎-‎19T03:25:45.626398500Z.
Information	2014-11-13 오후 6:51:12	Microsoft-Windows-Kernel-General	13	None	The operating system is shutting down at system time ‎2014‎-‎11‎-‎13T09:51:12.105412600Z.
Information	2014-11-13 오후 6:51:03	Microsoft-Windows-Winlogon	7002	(1102)	User Logoff Notification for Customer Experience Improvement Program
Information	2014-11-13 오후 4:09:28	Microsoft-Windows-Winlogon	7001	(1101)	User Logon Notification for Customer Experience Improvement Program
Information	2014-11-13 오전 5:22:28	Microsoft-Windows-Kernel-General	12	None	The operating system started at system time ‎2014‎-‎11‎-‎12T20:22:27.626398500Z.
Information	2014-11-13 오전 5:21:49	Microsoft-Windows-Kernel-General	13	None	The operating system is shutting down at system time ‎2014‎-‎11‎-‎12T20:21:49.396221300Z.
Information	2014-11-12 오후 3:51:44	Microsoft-Windows-Winlogon	7002	(1102)	User Logoff Notification for Customer Experience Improvement Program
Information	2014-11-12 오후 12:27:34	Microsoft-Windows-Winlogon	7001	(1101)	User Logon Notification for Customer Experience Improvement Program
Information	2014-11-12 오후 12:26:36	Microsoft-Windows-Kernel-General	12	None	The operating system started at system time ‎2014‎-‎11‎-‎12T03:26:35.610798400Z.
Information	2014-11-12 오전 4:00:54	Microsoft-Windows-Kernel-General	13	None	The operating system is shutting down at system time ‎2014‎-‎11‎-‎11T19:00:54.599812300Z.
Information	2014-11-12 오전 3:57:38	Microsoft-Windows-Winlogon	7002	(1102)	User Logoff Notification for Customer Experience Improvement Program
Information	2014-11-11 오후 6:25:41	Microsoft-Windows-Winlogon	7001	(1101)	User Logon Notification for Customer Experience Improvement Program
Information	2014-11-10 오후 5:51:52	Microsoft-Windows-Winlogon	7002	(1102)	User Logoff Notification for Customer Experience Improvement Program
Information	2014-11-10 오후 3:25:29	Microsoft-Windows-Winlogon	7001	(1101)	User Logon Notification for Customer Experience Improvement Program
Information	2014-11-10 오후 3:24:23	Microsoft-Windows-Kernel-General	12	None	The operating system started at system time ‎2014‎-‎11‎-‎10T06:24:22.626398500Z.
Information	2014-11-07 오후 6:11:31	Microsoft-Windows-Winlogon	7002	(1102)	User Logoff Notification for Customer Experience Improvement Program
Information	2014-11-07 오후 2:50:43	Microsoft-Windows-Winlogon	7001	(1101)	User Logon Notification for Customer Experience Improvement Program
Information	2014-11-06 오후 9:28:42	Microsoft-Windows-Winlogon	7002	(1102)	User Logoff Notification for Customer Experience Improvement Program
Information	2014-11-06 오후 1:47:32	Microsoft-Windows-Winlogon	7001	(1101)	User Logon Notification for Customer Experience Improvement Program
Information	2014-11-05 오후 3:48:55	Microsoft-Windows-Winlogon	7002	(1102)	User Logoff Notification for Customer Experience Improvement Program
Information	2014-11-05 오후 1:47:52	Microsoft-Windows-Winlogon	7001	(1101)	User Logon Notification for Customer Experience Improvement Program
Information	2014-11-03 오후 1:22:47	Microsoft-Windows-Winlogon	7002	(1102)	User Logoff Notification for Customer Experience Improvement Program
Information	2014-11-03 오후 12:39:59	Microsoft-Windows-Winlogon	7001	(1101)	User Logon Notification for Customer Experience Improvement Program
Information	2014-10-30 오후 5:36:19	Microsoft-Windows-Winlogon	7002	(1102)	User Logoff Notification for Customer Experience Improvement Program
Information	2014-10-30 오후 4:48:58	Microsoft-Windows-Winlogon	7001	(1101)	User Logon Notification for Customer Experience Improvement Program
Information	2014-10-29 오후 9:59:52	Microsoft-Windows-Winlogon	7002	(1102)	User Logoff Notification for Customer Experience Improvement Program
Information	2014-10-29 오후 6:32:56	Microsoft-Windows-Winlogon	7001	(1101)	User Logon Notification for Customer Experience Improvement Program
Information	2014-10-29 오후 3:48:10	Microsoft-Windows-Winlogon	7002	(1102)	User Logoff Notification for Customer Experience Improvement Program
Information	2014-10-29 오후 1:55:00	Microsoft-Windows-Winlogon	7001	(1101)	User Logon Notification for Customer Experience Improvement Program
Information	2014-10-29 오후 1:54:40	Microsoft-Windows-Winlogon	7002	(1102)	User Logoff Notification for Customer Experience Improvement Program
Information	2014-10-28 오후 2:08:25	Microsoft-Windows-Winlogon	7001	(1101)	User Logon Notification for Customer Experience Improvement Program
Information	2014-10-27 오후 1:32:46	Microsoft-Windows-Winlogon	7002	(1102)	User Logoff Notification for Customer Experience Improvement Program
Information	2014-10-27 오후 12:58:17	Microsoft-Windows-Winlogon	7001	(1101)	User Logon Notification for Customer Experience Improvement Program
Information	2014-10-23 오후 6:57:04	Microsoft-Windows-Winlogon	7002	(1102)	User Logoff Notification for Customer Experience Improvement Program
Information	2014-10-23 오후 6:55:45	Microsoft-Windows-Winlogon	7001	(1101)	User Logon Notification for Customer Experience Improvement Program
Information	2014-10-23 오후 6:52:32	Microsoft-Windows-Winlogon	7002	(1102)	User Logoff Notification for Customer Experience Improvement Program
Information	2014-10-23 오후 6:51:35	Microsoft-Windows-Winlogon	7001	(1101)	User Logon Notification for Customer Experience Improvement Program
Information	2014-10-23 오후 6:50:36	Microsoft-Windows-Winlogon	7002	(1102)	User Logoff Notification for Customer Experience Improvement Program
Information	2014-10-23 오후 4:12:43	Microsoft-Windows-Winlogon	7001	(1101)	User Logon Notification for Customer Experience Improvement Program
Information	2014-10-23 오후 3:58:18	Microsoft-Windows-Winlogon	7002	(1102)	User Logoff Notification for Customer Experience Improvement Program
Information	2014-10-23 오후 3:57:24	Microsoft-Windows-Winlogon	7001	(1101)	User Logon Notification for Customer Experience Improvement Program
Information	2014-10-23 오후 3:57:07	Microsoft-Windows-Winlogon	7002	(1102)	User Logoff Notification for Customer Experience Improvement Program
Information	2014-10-23 오후 12:14:34	Microsoft-Windows-Winlogon	7001	(1101)	User Logon Notification for Customer Experience Improvement Program
Information	2014-10-22 오후 11:32:46	Microsoft-Windows-Winlogon	7002	(1102)	User Logoff Notification for Customer Experience Improvement Program
Information	2014-10-22 오후 7:09:35	Microsoft-Windows-Winlogon	7001	(1101)	User Logon Notification for Customer Experience Improvement Program
Information	2014-10-22 오후 7:09:12	Microsoft-Windows-Winlogon	7002	(1102)	User Logoff Notification for Customer Experience Improvement Program
Information	2014-10-22 오후 4:12:00	Microsoft-Windows-Winlogon	7001	(1101)	User Logon Notification for Customer Experience Improvement Program
Information	2014-10-22 오후 3:49:48	Microsoft-Windows-Winlogon	7002	(1102)	User Logoff Notification for Customer Experience Improvement Program
Information	2014-10-22 오후 2:05:51	Microsoft-Windows-Winlogon	7001	(1101)	User Logon Notification for Customer Experience Improvement Program
Information	2014-10-22 오후 2:04:58	Microsoft-Windows-Kernel-General	12	None	The operating system started at system time ‎2014‎-‎10‎-‎22T05:04:57.610798400Z.
Information	2014-10-20 오후 3:56:19	Microsoft-Windows-Kernel-General	13	None	The operating system is shutting down at system time ‎2014‎-‎10‎-‎20T06:56:19.409615000Z.
Information	2014-10-20 오후 3:56:08	Microsoft-Windows-Winlogon	7002	(1102)	User Logoff Notification for Customer Experience Improvement Program
Information	2014-10-20 오후 12:47:05	Microsoft-Windows-Winlogon	7001	(1101)	User Logon Notification for Customer Experience Improvement Program
Information	2014-10-20 오후 12:46:21	Microsoft-Windows-Kernel-General	12	None	The operating system started at system time ‎2014‎-‎10‎-‎20T03:46:20.626398500Z.
Information	2014-10-17 오후 4:23:14	Microsoft-Windows-Kernel-General	13	None	The operating system is shutting down at system time ‎2014‎-‎10‎-‎17T07:23:14.903814600Z.
Information	2014-10-17 오후 4:23:04	Microsoft-Windows-Winlogon	7002	(1102)	User Logoff Notification for Customer Experience Improvement Program
Information	2014-10-17 오후 1:51:10	Microsoft-Windows-Winlogon	7001	(1101)	User Logon Notification for Customer Experience Improvement Program
Information	2014-10-17 오후 1:50:56	Microsoft-Windows-Winlogon	7002	(1102)	User Logoff Notification for Customer Experience Improvement Program
Information	2014-10-17 오전 11:44:04	Microsoft-Windows-Winlogon	7001	(1101)	User Logon Notification for Customer Experience Improvement Program
Information	2014-10-17 오전 11:04:37	Microsoft-Windows-Kernel-General	12	None	The operating system started at system time ‎2014‎-‎10‎-‎17T02:04:36.626398500Z.
Information	2014-10-16 오후 6:26:05	Microsoft-Windows-Kernel-General	13	None	The operating system is shutting down at system time ‎2014‎-‎10‎-‎16T09:26:05.517606700Z.
Information	2014-10-16 오후 6:25:54	Microsoft-Windows-Winlogon	7002	(1102)	User Logoff Notification for Customer Experience Improvement Program
Information	2014-10-16 오후 4:53:56	Microsoft-Windows-Winlogon	7001	(1101)	User Logon Notification for Customer Experience Improvement Program
Information	2014-10-16 오후 4:46:08	Microsoft-Windows-Kernel-General	12	None	The operating system started at system time ‎2014‎-‎10‎-‎16T07:46:07.610798400Z.
Information	2014-10-16 오후 4:45:37	Microsoft-Windows-Kernel-General	13	None	The operating system is shutting down at system time ‎2014‎-‎10‎-‎16T07:45:37.746923400Z.
Information	2014-10-16 오후 4:44:27	Microsoft-Windows-Kernel-General	12	None	The operating system started at system time ‎2014‎-‎10‎-‎16T07:44:26.626398500Z.
Information	2014-10-16 오후 3:39:06	Microsoft-Windows-Kernel-General	13	None	The operating system is shutting down at system time ‎2014‎-‎10‎-‎16T06:39:06.397018900Z.
Information	2014-10-16 오후 3:19:30	Microsoft-Windows-Winlogon	7002	(1102)	User Logoff Notification for Customer Experience Improvement Program
Information	2014-10-16 오후 2:23:50	Microsoft-Windows-Winlogon	7001	(1101)	User Logon Notification for Customer Experience Improvement Program
Information	2014-10-16 오후 2:22:50	Microsoft-Windows-Kernel-General	12	None	The operating system started at system time ‎2014‎-‎10‎-‎16T05:22:49.626398500Z.
Information	2014-10-15 오후 5:57:10	Microsoft-Windows-Kernel-General	13	None	The operating system is shutting down at system time ‎2014‎-‎10‎-‎15T08:57:10.470213200Z.
Information	2014-10-15 오후 5:56:57	Microsoft-Windows-Winlogon	7002	(1102)	User Logoff Notification for Customer Experience Improvement Program
Information	2014-10-15 오후 4:02:10	Microsoft-Windows-Winlogon	7001	(1101)	User Logon Notification for Customer Experience Improvement Program
Information	2014-10-15 오후 4:00:48	Microsoft-Windows-Kernel-General	12	None	The operating system started at system time ‎2014‎-‎10‎-‎15T07:00:47.626398500Z.
Information	2014-10-15 오후 3:54:42	Microsoft-Windows-Winlogon	7001	(1101)	User Logon Notification for Customer Experience Improvement Program
Information	2014-10-15 오후 3:53:43	Microsoft-Windows-Kernel-General	12	None	The operating system started at system time ‎2014‎-‎10‎-‎15T06:53:42.610798400Z.
Information	2014-10-09 오후 4:31:59	Microsoft-Windows-Kernel-General	13	None	The operating system is shutting down at system time ‎2014‎-‎10‎-‎09T07:31:59.848413400Z.
Information	2014-10-09 오후 4:31:49	Microsoft-Windows-Winlogon	7002	(1102)	User Logoff Notification for Customer Experience Improvement Program
Information	2014-10-09 오후 2:00:48	Microsoft-Windows-Winlogon	7001	(1101)	User Logon Notification for Customer Experience Improvement Program
Information	2014-10-08 오후 4:31:58	Microsoft-Windows-Winlogon	7002	(1102)	User Logoff Notification for Customer Experience Improvement Program
Information	2014-10-08 오후 2:06:08	Microsoft-Windows-Winlogon	7001	(1101)	User Logon Notification for Customer Experience Improvement Program
Information	2014-10-08 오전 8:10:44	Microsoft-Windows-Winlogon	7002	(1102)	User Logoff Notification for Customer Experience Improvement Program
Information	2014-10-08 오전 4:36:46	Microsoft-Windows-Winlogon	7001	(1101)	User Logon Notification for Customer Experience Improvement Program
Information	2014-10-07 오후 1:39:17	Microsoft-Windows-Winlogon	7002	(1102)	User Logoff Notification for Customer Experience Improvement Program
Information	2014-10-07 오후 1:17:16	Microsoft-Windows-Winlogon	7001	(1101)	User Logon Notification for Customer Experience Improvement Program
Information	2014-10-06 오후 1:51:46	Microsoft-Windows-Winlogon	7002	(1102)	User Logoff Notification for Customer Experience Improvement Program
Information	2014-10-06 오후 1:18:38	Microsoft-Windows-Winlogon	7001	(1101)	User Logon Notification for Customer Experience Improvement Program
Information	2014-10-06 오후 1:17:32	Microsoft-Windows-Kernel-General	12	None	The operating system started at system time ‎2014‎-‎10‎-‎06T04:17:31.626398500Z.
Information	2014-10-06 오전 10:49:43	Microsoft-Windows-Kernel-General	13	None	The operating system is shutting down at system time ‎2014‎-‎10‎-‎06T01:49:43.377213900Z.
Information	2014-10-06 오전 10:49:32	Microsoft-Windows-Winlogon	7002	(1102)	User Logoff Notification for Customer Experience Improvement Program
Information	2014-10-06 오전 10:26:08	Microsoft-Windows-Winlogon	7001	(1101)	User Logon Notification for Customer Experience Improvement Program
Information	2014-10-06 오전 10:24:11	Microsoft-Windows-Kernel-General	12	None	The operating system started at system time ‎2014‎-‎10‎-‎06T01:24:10.626398500Z.
Information	2014-10-04 오후 5:08:40	Microsoft-Windows-Kernel-General	13	None	The operating system is shutting down at system time ‎2014‎-‎10‎-‎04T08:08:40.136213300Z.
Information	2014-10-04 오후 5:06:29	Microsoft-Windows-Winlogon	7002	(1102)	User Logoff Notification for Customer Experience Improvement Program
Information	2014-10-04 오후 1:22:57	Microsoft-Windows-Winlogon	7001	(1101)	User Logon Notification for Customer Experience Improvement Program
Information	2014-10-02 오후 5:21:52	Microsoft-Windows-Winlogon	7002	(1102)	User Logoff Notification for Customer Experience Improvement Program
Information	2014-10-02 오후 3:45:50	Microsoft-Windows-Winlogon	7001	(1101)	User Logon Notification for Customer Experience Improvement Program
Information	2014-10-01 오후 3:52:05	Microsoft-Windows-Winlogon	7002	(1102)	User Logoff Notification for Customer Experience Improvement Program
Information	2014-10-01 오후 1:54:15	Microsoft-Windows-Winlogon	7001	(1101)	User Logon Notification for Customer Experience Improvement Program
Information	2014-09-29 오후 12:55:21	Microsoft-Windows-Winlogon	7002	(1102)	User Logoff Notification for Customer Experience Improvement Program
Information	2014-09-29 오후 12:37:47	Microsoft-Windows-Winlogon	7001	(1101)	User Logon Notification for Customer Experience Improvement Program
Information	2014-09-29 오후 12:35:34	Microsoft-Windows-Kernel-General	12	None	The operating system started at system time ‎2014‎-‎09‎-‎29T03:35:33.610798400Z.
Information	2014-09-26 오후 2:37:21	Microsoft-Windows-Kernel-General	13	None	The operating system is shutting down at system time ‎2014‎-‎09‎-‎26T05:37:21.859220100Z.
Information	2014-09-26 오후 2:37:08	Microsoft-Windows-Winlogon	7002	(1102)	User Logoff Notification for Customer Experience Improvement Program
Information	2014-09-26 오후 2:05:53	Microsoft-Windows-Winlogon	7001	(1101)	User Logon Notification for Customer Experience Improvement Program
Information	2014-09-25 오후 5:28:15	Microsoft-Windows-Winlogon	7002	(1102)	User Logoff Notification for Customer Experience Improvement Program
Information	2014-09-25 오후 3:46:48	Microsoft-Windows-Winlogon	7001	(1101)	User Logon Notification for Customer Experience Improvement Program
Information	2014-09-25 오후 3:45:24	Microsoft-Windows-Kernel-General	12	None	The operating system started at system time ‎2014‎-‎09‎-‎25T06:45:23.626398500Z.
Information	2014-09-25 오후 2:27:21	Microsoft-Windows-Kernel-General	13	None	The operating system is shutting down at system time ‎2014‎-‎09‎-‎25T05:27:21.503010200Z.
Information	2014-09-25 오후 2:27:11	Microsoft-Windows-Winlogon	7002	(1102)	User Logoff Notification for Customer Experience Improvement Program
Information	2014-09-25 오후 2:14:40	Microsoft-Windows-Winlogon	7001	(1101)	User Logon Notification for Customer Experience Improvement Program
Information	2014-09-25 오후 2:13:30	Microsoft-Windows-Kernel-General	12	None	The operating system started at system time ‎2014‎-‎09‎-‎25T05:13:29.626398500Z.
Information	2014-09-25 오후 12:33:55	Microsoft-Windows-Kernel-General	13	None	The operating system is shutting down at system time ‎2014‎-‎09‎-‎25T03:33:55.043211300Z.
Information	2014-09-25 오후 12:33:45	Microsoft-Windows-Winlogon	7002	(1102)	User Logoff Notification for Customer Experience Improvement Program
Information	2014-09-25 오전 11:04:07	Microsoft-Windows-Winlogon	7001	(1101)	User Logon Notification for Customer Experience Improvement Program
Information	2014-09-25 오전 11:03:08	Microsoft-Windows-Winlogon	7002	(1102)	User Logoff Notification for Customer Experience Improvement Program
Information	2014-09-24 오후 5:03:03	Microsoft-Windows-Winlogon	7001	(1101)	User Logon Notification for Customer Experience Improvement Program
Information	2014-09-24 오후 4:45:43	Microsoft-Windows-Winlogon	7002	(1102)	User Logoff Notification for Customer Experience Improvement Program
Information	2014-09-24 오후 3:57:51	Microsoft-Windows-Winlogon	7001	(1101)	User Logon Notification for Customer Experience Improvement Program
Information	2014-09-24 오후 3:56:59	Microsoft-Windows-Winlogon	7002	(1102)	User Logoff Notification for Customer Experience Improvement Program
Information	2014-09-24 오후 1:59:50	Microsoft-Windows-Winlogon	7001	(1101)	User Logon Notification for Customer Experience Improvement Program
Information	2014-09-24 오후 1:56:33	Microsoft-Windows-Kernel-General	12	None	The operating system started at system time ‎2014‎-‎09‎-‎24T04:56:32.626398500Z.
Information	2014-09-23 오후 9:22:45	Microsoft-Windows-Kernel-General	13	None	The operating system is shutting down at system time ‎2014‎-‎09‎-‎23T12:22:45.389010500Z.
Information	2014-09-23 오후 9:22:36	Microsoft-Windows-Winlogon	7002	(1102)	User Logoff Notification for Customer Experience Improvement Program
Information	2014-09-23 오후 6:56:15	Microsoft-Windows-Winlogon	7001	(1101)	User Logon Notification for Customer Experience Improvement Program
Information	2014-09-23 오후 6:26:28	Microsoft-Windows-Winlogon	7002	(1102)	User Logoff Notification for Customer Experience Improvement Program
Information	2014-09-23 오후 5:25:16	Microsoft-Windows-Winlogon	7001	(1101)	User Logon Notification for Customer Experience Improvement Program
Information	2014-09-23 오전 9:14:25	Microsoft-Windows-Winlogon	7002	(1102)	User Logoff Notification for Customer Experience Improvement Program
Information	2014-09-23 오전 8:45:36	Microsoft-Windows-Winlogon	7001	(1101)	User Logon Notification for Customer Experience Improvement Program
Information	2014-09-23 오전 8:44:31	Microsoft-Windows-Kernel-General	12	None	The operating system started at system time ‎2014‎-‎09‎-‎22T23:44:30.610798400Z.
Information	2014-09-22 오후 11:16:33	Microsoft-Windows-Kernel-General	13	None	The operating system is shutting down at system time ‎2014‎-‎09‎-‎22T14:16:33.241816900Z.
Information	2014-09-22 오후 11:16:17	Microsoft-Windows-Winlogon	7002	(1102)	User Logoff Notification for Customer Experience Improvement Program
Information	2014-09-22 오후 7:59:13	Microsoft-Windows-Winlogon	7001	(1101)	User Logon Notification for Customer Experience Improvement Program
Information	2014-09-22 오후 7:59:06	Microsoft-Windows-Winlogon	7002	(1102)	User Logoff Notification for Customer Experience Improvement Program
Information	2014-09-22 오후 7:57:54	Microsoft-Windows-Winlogon	7001	(1101)	User Logon Notification for Customer Experience Improvement Program
Information	2014-09-19 오후 6:42:26	Microsoft-Windows-Winlogon	7002	(1102)	User Logoff Notification for Customer Experience Improvement Program
Information	2014-09-19 오후 5:48:20	Microsoft-Windows-Winlogon	7001	(1101)	User Logon Notification for Customer Experience Improvement Program
Information	2014-09-19 오후 5:41:27	Microsoft-Windows-Kernel-General	12	None	The operating system started at system time ‎2014‎-‎09‎-‎19T08:41:26.610798400Z.
Information	2014-09-18 오후 5:16:50	Microsoft-Windows-Kernel-General	13	None	The operating system is shutting down at system time ‎2014‎-‎09‎-‎18T08:16:50.435410600Z.
Information	2014-09-18 오후 5:15:09	Microsoft-Windows-Winlogon	7002	(1102)	User Logoff Notification for Customer Experience Improvement Program
Information	2014-09-18 오후 3:36:46	Microsoft-Windows-Winlogon	7001	(1101)	User Logon Notification for Customer Experience Improvement Program
Information	2014-09-18 오후 3:35:37	Microsoft-Windows-Kernel-General	12	None	The operating system started at system time ‎2014‎-‎09‎-‎18T06:35:36.626398500Z.
Information	2014-09-17 오후 6:19:45	Microsoft-Windows-Kernel-General	13	None	The operating system is shutting down at system time ‎2014‎-‎09‎-‎17T09:19:45.033813400Z.
Information	2014-09-17 오후 6:19:34	Microsoft-Windows-Winlogon	7002	(1102)	User Logoff Notification for Customer Experience Improvement Program
Information	2014-09-17 오후 5:01:56	Microsoft-Windows-Winlogon	7001	(1101)	User Logon Notification for Customer Experience Improvement Program
Information	2014-09-17 오후 4:48:01	Microsoft-Windows-Winlogon	7002	(1102)	User Logoff Notification for Customer Experience Improvement Program
Information	2014-09-17 오후 3:52:05	Microsoft-Windows-Winlogon	7001	(1101)	User Logon Notification for Customer Experience Improvement Program
Information	2014-09-17 오후 3:48:21	Microsoft-Windows-Winlogon	7002	(1102)	User Logoff Notification for Customer Experience Improvement Program
Information	2014-09-17 오후 1:57:57	Microsoft-Windows-Winlogon	7001	(1101)	User Logon Notification for Customer Experience Improvement Program
Information	2014-09-16 오후 3:40:03	Microsoft-Windows-Winlogon	7002	(1102)	User Logoff Notification for Customer Experience Improvement Program
Information	2014-09-16 오전 8:52:04	Microsoft-Windows-Winlogon	7001	(1101)	User Logon Notification for Customer Experience Improvement Program
Information	2014-09-16 오전 8:51:20	Microsoft-Windows-Kernel-General	12	None	The operating system started at system time ‎2014‎-‎09‎-‎15T23:51:19.610798500Z.
Information	2014-09-16 오전 8:50:44	Microsoft-Windows-Kernel-General	13	None	The operating system is shutting down at system time ‎2014‎-‎09‎-‎15T23:50:44.024222100Z.
Information	2014-09-16 오전 8:50:28	Microsoft-Windows-Winlogon	7002	(1102)	User Logoff Notification for Customer Experience Improvement Program
Information	2014-09-11 오후 5:57:52	Microsoft-Windows-Winlogon	7001	(1101)	User Logon Notification for Customer Experience Improvement Program
Information	2014-09-11 오후 5:30:14	Microsoft-Windows-Winlogon	7002	(1102)	User Logoff Notification for Customer Experience Improvement Program
Information	2014-09-11 오후 4:52:58	Microsoft-Windows-Winlogon	7001	(1101)	User Logon Notification for Customer Experience Improvement Program
Information	2014-09-11 오전 5:12:30	Microsoft-Windows-Kernel-General	12	None	The operating system started at system time ‎2014‎-‎09‎-‎10T20:12:29.610798500Z.
Information	2014-09-11 오전 5:11:50	Microsoft-Windows-Kernel-General	13	None	The operating system is shutting down at system time ‎2014‎-‎09‎-‎10T20:11:50.840215400Z.
Information	2014-09-04 오후 7:17:09	Microsoft-Windows-Kernel-General	12	None	The operating system started at system time ‎2014‎-‎09‎-‎04T10:17:08.610798500Z.
Information	2014-09-04 오후 5:06:03	Microsoft-Windows-Kernel-General	13	None	The operating system is shutting down at system time ‎2014‎-‎09‎-‎04T08:06:03.464611000Z.
Information	2014-09-04 오후 4:53:58	Microsoft-Windows-Kernel-General	12	None	The operating system started at system time ‎2014‎-‎09‎-‎04T07:53:57.610798500Z.
Information	2014-09-04 오후 4:47:44	Microsoft-Windows-Kernel-General	13	None	The operating system is shutting down at system time ‎2014‎-‎09‎-‎04T07:47:44.846011600Z.
Information	2014-09-04 오후 4:47:33	Microsoft-Windows-Winlogon	7002	(1102)	User Logoff Notification for Customer Experience Improvement Program
Information	2014-09-04 오후 3:49:21	Microsoft-Windows-Winlogon	7001	(1101)	User Logon Notification for Customer Experience Improvement Program
Information	2014-09-04 오후 3:48:13	Microsoft-Windows-Kernel-General	12	None	The operating system started at system time ‎2014‎-‎09‎-‎04T06:48:12.610798500Z.
Information	2014-09-04 오후 2:38:41	Microsoft-Windows-Kernel-General	13	None	The operating system is shutting down at system time ‎2014‎-‎09‎-‎04T05:38:41.134813300Z.
Information	2014-09-04 오후 2:38:29	Microsoft-Windows-Winlogon	7002	(1102)	User Logoff Notification for Customer Experience Improvement Program
Information	2014-09-04 오후 2:01:07	Microsoft-Windows-Winlogon	7001	(1101)	User Logon Notification for Customer Experience Improvement Program
Information	2014-09-04 오후 1:52:09	Microsoft-Windows-Kernel-General	12	None	The operating system started at system time ‎2014‎-‎09‎-‎04T04:52:08.610798500Z.
Information	2014-09-02 오후 6:41:09	Microsoft-Windows-Kernel-General	13	None	The operating system is shutting down at system time ‎2014‎-‎09‎-‎02T09:41:09.265614000Z.
Information	2014-09-02 오후 6:40:57	Microsoft-Windows-Winlogon	7002	(1102)	User Logoff Notification for Customer Experience Improvement Program
Information	2014-09-02 오후 6:39:32	Microsoft-Windows-Winlogon	7001	(1101)	User Logon Notification for Customer Experience Improvement Program
Information	2014-09-01 오후 10:03:07	Microsoft-Windows-Kernel-General	12	None	The operating system started at system time ‎2014‎-‎09‎-‎01T13:03:06.610798500Z.
Information	2014-09-01 오후 10:02:27	Microsoft-Windows-Kernel-General	13	None	The operating system is shutting down at system time ‎2014‎-‎09‎-‎01T13:02:27.965610700Z.
Information	2014-09-01 오후 10:02:18	Microsoft-Windows-Winlogon	7002	(1102)	User Logoff Notification for Customer Experience Improvement Program
Information	2014-09-01 오후 9:59:43	Microsoft-Windows-Winlogon	7001	(1101)	User Logon Notification for Customer Experience Improvement Program
Information	2014-09-01 오후 9:58:43	Microsoft-Windows-Kernel-General	12	None	The operating system started at system time ‎2014‎-‎09‎-‎01T12:58:42.610798500Z.
Information	2014-09-01 오후 9:58:05	Microsoft-Windows-Kernel-General	13	None	The operating system is shutting down at system time ‎2014‎-‎09‎-‎01T12:58:05.098459200Z.
Information	2014-09-01 오후 9:57:55	Microsoft-Windows-Winlogon	7002	(1102)	User Logoff Notification for Customer Experience Improvement Program
Information	2014-09-01 오후 9:51:46	Microsoft-Windows-Winlogon	7001	(1101)	User Logon Notification for Customer Experience Improvement Program
Information	2014-09-01 오후 9:49:55	Microsoft-Windows-Kernel-General	12	None	The operating system started at system time ‎2014‎-‎09‎-‎01T12:49:54.610798500Z.
Information	2014-09-01 오후 9:49:20	Microsoft-Windows-Kernel-General	13	None	The operating system is shutting down at system time ‎2014‎-‎09‎-‎01T12:49:20.200059000Z.
Information	2014-09-01 오후 9:49:09	Microsoft-Windows-Winlogon	7002	(1102)	User Logoff Notification for Customer Experience Improvement Program
Information	2014-09-01 오후 9:22:21	Microsoft-Windows-Winlogon	7001	(1101)	User Logon Notification for Customer Experience Improvement Program
Information	2014-09-01 오후 5:30:39	Microsoft-Windows-Kernel-General	12	None	The operating system started at system time ‎2014‎-‎09‎-‎01T08:30:38.610798500Z.
Information	2014-08-30 오후 4:38:40	Microsoft-Windows-Kernel-General	13	None	The operating system is shutting down at system time ‎2014‎-‎08‎-‎30T07:38:40.299213400Z.
Information	2014-08-30 오후 4:38:31	Microsoft-Windows-Winlogon	7002	(1102)	User Logoff Notification for Customer Experience Improvement Program
Information	2014-08-30 오후 4:32:29	Microsoft-Windows-Winlogon	7001	(1101)	User Logon Notification for Customer Experience Improvement Program
Information	2014-08-30 오후 4:31:18	Microsoft-Windows-Kernel-General	12	None	The operating system started at system time ‎2014‎-‎08‎-‎30T07:31:17.610798500Z.
Information	2014-08-30 오후 2:55:57	Microsoft-Windows-Winlogon	7001	(1101)	User Logon Notification for Customer Experience Improvement Program
Information	2014-08-30 오후 2:55:44	Microsoft-Windows-Winlogon	7002	(1102)	User Logoff Notification for Customer Experience Improvement Program
Information	2014-08-30 오후 2:44:32	Microsoft-Windows-Winlogon	7001	(1101)	User Logon Notification for Customer Experience Improvement Program
Information	2014-08-30 오후 2:44:06	Microsoft-Windows-Winlogon	7002	(1102)	User Logoff Notification for Customer Experience Improvement Program
Information	2014-08-30 오후 2:38:25	Microsoft-Windows-Winlogon	7001	(1101)	User Logon Notification for Customer Experience Improvement Program
Information	2014-08-30 오후 2:38:08	Microsoft-Windows-Winlogon	7002	(1102)	User Logoff Notification for Customer Experience Improvement Program
Information	2014-08-30 오후 2:36:43	Microsoft-Windows-Winlogon	7001	(1101)	User Logon Notification for Customer Experience Improvement Program
Information	2014-08-30 오후 2:36:03	Microsoft-Windows-Kernel-General	12	None	The operating system started at system time ‎2014‎-‎08‎-‎30T05:36:02.610798500Z.
Information	2014-08-30 오후 2:35:35	Microsoft-Windows-Kernel-General	13	None	The operating system is shutting down at system time ‎2014‎-‎08‎-‎30T05:35:35.647813800Z.
Information	2014-08-30 오후 2:35:26	Microsoft-Windows-Winlogon	7002	(1102)	User Logoff Notification for Customer Experience Improvement Program
Information	2014-08-30 오후 2:31:33	Microsoft-Windows-Winlogon	7001	(1101)	User Logon Notification for Customer Experience Improvement Program
Information	2014-08-30 오후 2:30:21	Microsoft-Windows-Kernel-General	12	None	The operating system started at system time ‎2014‎-‎08‎-‎30T05:30:20.610798500Z.
Information	2014-08-30 오후 2:29:51	Microsoft-Windows-Kernel-General	13	None	The operating system is shutting down at system time ‎2014‎-‎08‎-‎30T05:29:51.621613200Z.
Information	2014-08-30 오후 2:29:42	Microsoft-Windows-Winlogon	7002	(1102)	User Logoff Notification for Customer Experience Improvement Program
Information	2014-08-30 오후 12:43:44	Microsoft-Windows-Winlogon	7001	(1101)	User Logon Notification for Customer Experience Improvement Program
Information	2014-08-30 오후 12:42:46	Microsoft-Windows-Kernel-General	12	None	The operating system started at system time ‎2014‎-‎08‎-‎30T03:42:45.626398500Z.
Information	2014-08-30 오후 12:42:18	Microsoft-Windows-Kernel-General	13	None	The operating system is shutting down at system time ‎2014‎-‎08‎-‎30T03:42:18.052271100Z.
Information	2014-08-30 오후 12:42:08	Microsoft-Windows-Winlogon	7002	(1102)	User Logoff Notification for Customer Experience Improvement Program
Information	2014-08-30 오후 12:40:03	Microsoft-Windows-Winlogon	7001	(1101)	User Logon Notification for Customer Experience Improvement Program
Information	2014-08-30 오후 12:39:53	Microsoft-Windows-Winlogon	7002	(1102)	User Logoff Notification for Customer Experience Improvement Program
Information	2014-08-30 오후 12:39:35	Microsoft-Windows-Winlogon	7001	(1101)	User Logon Notification for Customer Experience Improvement Program
Information	2014-08-30 오후 12:39:06	Microsoft-Windows-Winlogon	7002	(1102)	User Logoff Notification for Customer Experience Improvement Program
Information	2014-08-30 오후 12:37:39	Microsoft-Windows-Winlogon	7001	(1101)	User Logon Notification for Customer Experience Improvement Program
Information	2014-08-30 오후 12:37:28	Microsoft-Windows-Winlogon	7002	(1102)	User Logoff Notification for Customer Experience Improvement Program
Information	2014-08-30 오후 12:35:55	Microsoft-Windows-Winlogon	7001	(1101)	User Logon Notification for Customer Experience Improvement Program
Information	2014-08-30 오후 12:35:49	Microsoft-Windows-Winlogon	7002	(1102)	User Logoff Notification for Customer Experience Improvement Program
Information	2014-08-30 오후 12:35:02	Microsoft-Windows-Winlogon	7001	(1101)	User Logon Notification for Customer Experience Improvement Program
Information	2014-08-30 오후 12:34:51	Microsoft-Windows-Winlogon	7002	(1102)	User Logoff Notification for Customer Experience Improvement Program
Information	2014-08-30 오후 12:34:24	Microsoft-Windows-Winlogon	7001	(1101)	User Logon Notification for Customer Experience Improvement Program
Information	2014-08-30 오후 12:34:07	Microsoft-Windows-Winlogon	7002	(1102)	User Logoff Notification for Customer Experience Improvement Program
Information	2014-08-30 오후 12:32:46	Microsoft-Windows-Winlogon	7001	(1101)	User Logon Notification for Customer Experience Improvement Program
Information	2014-08-30 오후 12:32:12	Microsoft-Windows-Kernel-General	12	None	The operating system started at system time ‎2014‎-‎08‎-‎30T03:32:11.610798500Z.
Information	2014-08-30 오후 12:31:45	Microsoft-Windows-Kernel-General	13	None	The operating system is shutting down at system time ‎2014‎-‎08‎-‎30T03:31:45.609250000Z.
Information	2014-08-30 오후 12:31:36	Microsoft-Windows-Winlogon	7002	(1102)	User Logoff Notification for Customer Experience Improvement Program
Information	2014-08-30 오후 12:29:33	Microsoft-Windows-Winlogon	7001	(1101)	User Logon Notification for Customer Experience Improvement Program
Information	2014-08-30 오후 12:28:44	Microsoft-Windows-Winlogon	7002	(1102)	User Logoff Notification for Customer Experience Improvement Program
Information	2014-08-30 오후 12:26:13	Microsoft-Windows-Winlogon	7001	(1101)	User Logon Notification for Customer Experience Improvement Program
Information	2014-08-30 오후 12:25:25	Microsoft-Windows-Kernel-General	12	None	The operating system started at system time ‎2014‎-‎08‎-‎30T03:25:24.626398500Z.
Information	2014-08-30 오후 12:24:47	Microsoft-Windows-Kernel-General	13	None	The operating system is shutting down at system time ‎2014‎-‎08‎-‎30T03:24:47.803411800Z.
Information	2014-08-30 오후 12:24:37	Microsoft-Windows-Winlogon	7002	(1102)	User Logoff Notification for Customer Experience Improvement Program
Information	2014-08-30 오후 12:18:40	Microsoft-Windows-Winlogon	7001	(1101)	User Logon Notification for Customer Experience Improvement Program
Information	2014-08-30 오후 12:18:19	Microsoft-Windows-Winlogon	7002	(1102)	User Logoff Notification for Customer Experience Improvement Program
Information	2014-08-30 오후 12:17:54	Microsoft-Windows-Winlogon	7001	(1101)	User Logon Notification for Customer Experience Improvement Program
Information	2014-08-30 오후 12:17:48	Microsoft-Windows-Winlogon	7002	(1102)	User Logoff Notification for Customer Experience Improvement Program
Information	2014-08-30 오후 12:07:23	Microsoft-Windows-Winlogon	7001	(1101)	User Logon Notification for Customer Experience Improvement Program
Information	2014-08-30 오후 12:07:14	Microsoft-Windows-Winlogon	7002	(1102)	User Logoff Notification for Customer Experience Improvement Program
Information	2014-08-30 오후 12:05:41	Microsoft-Windows-Winlogon	7001	(1101)	User Logon Notification for Customer Experience Improvement Program
Information	2014-08-30 오후 12:05:30	Microsoft-Windows-Winlogon	7002	(1102)	User Logoff Notification for Customer Experience Improvement Program
Information	2014-08-30 오전 11:47:21	Microsoft-Windows-Winlogon	7001	(1101)	User Logon Notification for Customer Experience Improvement Program
Information	2014-08-30 오전 11:47:15	Microsoft-Windows-Winlogon	7002	(1102)	User Logoff Notification for Customer Experience Improvement Program
Information	2014-08-30 오전 11:45:44	Microsoft-Windows-Winlogon	7001	(1101)	User Logon Notification for Customer Experience Improvement Program
Information	2014-08-30 오전 11:45:39	Microsoft-Windows-Winlogon	7002	(1102)	User Logoff Notification for Customer Experience Improvement Program
Information	2014-08-30 오전 11:43:50	Microsoft-Windows-Winlogon	7001	(1101)	User Logon Notification for Customer Experience Improvement Program
Information	2014-08-30 오전 11:43:41	Microsoft-Windows-Winlogon	7002	(1102)	User Logoff Notification for Customer Experience Improvement Program
Information	2014-08-30 오전 11:42:02	Microsoft-Windows-Winlogon	7001	(1101)	User Logon Notification for Customer Experience Improvement Program
Information	2014-08-30 오전 11:41:56	Microsoft-Windows-Winlogon	7002	(1102)	User Logoff Notification for Customer Experience Improvement Program
Information	2014-08-30 오전 11:40:56	Microsoft-Windows-Winlogon	7001	(1101)	User Logon Notification for Customer Experience Improvement Program
Information	2014-08-30 오전 11:40:51	Microsoft-Windows-Winlogon	7002	(1102)	User Logoff Notification for Customer Experience Improvement Program
Information	2014-08-30 오전 11:40:01	Microsoft-Windows-Winlogon	7001	(1101)	User Logon Notification for Customer Experience Improvement Program
Information	2014-08-30 오전 11:39:36	Microsoft-Windows-Winlogon	7002	(1102)	User Logoff Notification for Customer Experience Improvement Program
Information	2014-08-30 오전 11:39:28	Microsoft-Windows-Winlogon	7001	(1101)	User Logon Notification for Customer Experience Improvement Program
Information	2014-08-30 오전 11:39:20	Microsoft-Windows-Winlogon	7002	(1102)	User Logoff Notification for Customer Experience Improvement Program
Information	2014-08-30 오전 11:35:52	Microsoft-Windows-Winlogon	7001	(1101)	User Logon Notification for Customer Experience Improvement Program
Information	2014-08-30 오전 11:35:42	Microsoft-Windows-Winlogon	7002	(1102)	User Logoff Notification for Customer Experience Improvement Program
Information	2014-08-30 오전 1:47:34	Microsoft-Windows-Winlogon	7001	(1101)	User Logon Notification for Customer Experience Improvement Program
Information	2014-08-30 오전 1:46:49	Microsoft-Windows-Winlogon	7002	(1102)	User Logoff Notification for Customer Experience Improvement Program
Information	2014-08-30 오전 1:25:04	Microsoft-Windows-Winlogon	7001	(1101)	User Logon Notification for Customer Experience Improvement Program
Information	2014-08-30 오전 1:24:11	Microsoft-Windows-Kernel-General	12	None	The operating system started at system time ‎2014‎-‎08‎-‎29T16:24:10.626398500Z.
Information	2014-08-29 오후 11:50:03	Microsoft-Windows-Winlogon	7001	(1101)	User Logon Notification for Customer Experience Improvement Program
Information	2014-08-29 오후 8:56:34	Microsoft-Windows-Winlogon	7001	(1101)	User Logon Notification for Customer Experience Improvement Program
Information	2014-08-29 오후 8:56:24	Microsoft-Windows-Winlogon	7002	(1102)	User Logoff Notification for Customer Experience Improvement Program
Information	2014-08-29 오후 8:50:44	Microsoft-Windows-Winlogon	7001	(1101)	User Logon Notification for Customer Experience Improvement Program
Information	2014-08-29 오후 8:50:24	Microsoft-Windows-Winlogon	7002	(1102)	User Logoff Notification for Customer Experience Improvement Program
Information	2014-08-29 오후 8:49:52	Microsoft-Windows-Winlogon	7001	(1101)	User Logon Notification for Customer Experience Improvement Program
Information	2014-08-29 오후 8:49:47	Microsoft-Windows-Winlogon	7002	(1102)	User Logoff Notification for Customer Experience Improvement Program
Information	2014-08-29 오후 8:34:01	Microsoft-Windows-Winlogon	7001	(1101)	User Logon Notification for Customer Experience Improvement Program
Information	2014-08-29 오후 8:33:08	Microsoft-Windows-Kernel-General	12	None	The operating system started at system time ‎2014‎-‎08‎-‎29T11:33:07.626398500Z.
Information	2014-08-29 오후 8:30:01	Microsoft-Windows-Kernel-General	13	None	The operating system is shutting down at system time ‎2014‎-‎08‎-‎29T11:30:01.459550200Z.
Information	2014-08-29 오후 8:28:35	Microsoft-Windows-Kernel-General	12	None	The operating system started at system time ‎2014‎-‎08‎-‎29T11:28:34.626398500Z.
Information	2014-08-29 오후 8:12:02	Microsoft-Windows-Kernel-General	13	None	The operating system is shutting down at system time ‎2014‎-‎08‎-‎29T11:12:02.370483100Z.
Information	2014-08-29 오후 8:11:51	Microsoft-Windows-Winlogon	7002	(1102)	User Logoff Notification for Customer Experience Improvement Program
Information	2014-08-29 오후 8:09:57	Microsoft-Windows-Winlogon	7001	(1101)	User Logon Notification for Customer Experience Improvement Program
Information	2014-08-29 오후 8:09:20	Microsoft-Windows-Kernel-General	12	None	The operating system started at system time ‎2014‎-‎08‎-‎29T11:09:19.626398500Z.
Information	2014-08-29 오후 8:08:43	Microsoft-Windows-Kernel-General	13	None	The operating system is shutting down at system time ‎2014‎-‎08‎-‎29T11:08:43.275995300Z.
Information	2014-08-29 오후 8:08:34	Microsoft-Windows-Winlogon	7002	(1102)	User Logoff Notification for Customer Experience Improvement Program
Information	2014-08-29 오후 8:05:39	Microsoft-Windows-Winlogon	7001	(1101)	User Logon Notification for Customer Experience Improvement Program
Information	2014-08-29 오후 8:04:57	Microsoft-Windows-Kernel-General	12	None	The operating system started at system time ‎2014‎-‎08‎-‎29T11:04:56.626398500Z.
Information	2014-08-30 오전 3:50:37	Microsoft-Windows-Kernel-General	13	None	The operating system is shutting down at system time ‎2014‎-‎08‎-‎29T18:50:37.792929200Z.
Information	2014-08-30 오전 3:49:23	Microsoft-Windows-Kernel-General	12	None	The operating system started at system time ‎2014‎-‎08‎-‎29T18:49:22.626398500Z.
Information	2014-08-30 오전 2:32:26	Microsoft-Windows-Kernel-General	13	None	The operating system is shutting down at system time ‎2014‎-‎08‎-‎29T17:32:26.967141300Z.
Information	2014-08-30 오전 2:32:17	Microsoft-Windows-Winlogon	7002	(1102)	User Logoff Notification for Customer Experience Improvement Program
Information	2014-08-30 오전 2:26:09	Microsoft-Windows-Winlogon	7001	(1101)	User Logon Notification for Customer Experience Improvement Program
Information	2014-08-30 오전 2:25:24	Microsoft-Windows-Kernel-General	12	None	The operating system started at system time ‎2014‎-‎08‎-‎29T17:25:23.626398500Z.
Information	2014-08-30 오전 2:23:01	Microsoft-Windows-Kernel-General	13	None	The operating system is shutting down at system time ‎2014‎-‎08‎-‎29T17:23:01.272769300Z.
Information	2014-08-30 오전 2:22:46	Microsoft-Windows-Winlogon	7002	(1102)	User Logoff Notification for Customer Experience Improvement Program
Information	2014-08-30 오전 1:43:50	Microsoft-Windows-Winlogon	7001	(1101)	User Logon Notification for Customer Experience Improvement Program
Information	2014-08-30 오전 1:42:26	Microsoft-Windows-Kernel-General	12	None	The operating system started at system time ‎2014‎-‎08‎-‎29T16:42:25.626398500Z.
Information	2014-08-30 오전 1:30:41	Microsoft-Windows-Kernel-General	13	None	The operating system is shutting down at system time ‎2014‎-‎08‎-‎29T16:30:41.932734800Z.
Information	2014-08-30 오전 1:30:25	Microsoft-Windows-Winlogon	7002	(1102)	User Logoff Notification for Customer Experience Improvement Program
Information	2014-08-30 오전 1:26:04	Microsoft-Windows-Winlogon	7001	(1101)	User Logon Notification for Customer Experience Improvement Program
Information	2014-08-30 오전 1:24:40	Microsoft-Windows-Kernel-General	12	None	The operating system started at system time ‎2014‎-‎08‎-‎29T16:24:39.626398500Z.
Information	2014-08-30 오전 1:24:12	Microsoft-Windows-Kernel-General	13	None	The operating system is shutting down at system time ‎2014‎-‎08‎-‎29T16:24:12.465957600Z.
Information	2014-08-30 오전 1:24:03	Microsoft-Windows-Winlogon	7002	(1102)	User Logoff Notification for Customer Experience Improvement Program
Information	2014-08-30 오전 1:22:13	Microsoft-Windows-Winlogon	7001	(1101)	User Logon Notification for Customer Experience Improvement Program
Information	2014-08-30 오전 1:20:48	Microsoft-Windows-Kernel-General	12	None	The operating system started at system time ‎2014‎-‎08‎-‎29T16:20:47.626398500Z.
Information	2014-08-30 오전 1:18:51	Microsoft-Windows-Kernel-General	13	None	The operating system is shutting down at system time ‎2014‎-‎08‎-‎29T16:18:51.928412600Z.
Information	2014-08-30 오전 1:18:43	Microsoft-Windows-Winlogon	7002	(1102)	User Logoff Notification for Customer Experience Improvement Program
Information	2014-08-30 오전 1:16:21	Microsoft-Windows-Winlogon	7001	(1101)	User Logon Notification for Customer Experience Improvement Program
Information	2014-08-30 오전 1:14:56	Microsoft-Windows-Kernel-General	12	None	The operating system started at system time ‎2014‎-‎08‎-‎29T16:14:55.626398500Z.
Information	2014-08-30 오전 1:13:06	Microsoft-Windows-Kernel-General	13	None	The operating system is shutting down at system time ‎2014‎-‎08‎-‎29T16:13:06.137628000Z.
Information	2014-08-30 오전 1:12:56	Microsoft-Windows-Winlogon	7002	(1102)	User Logoff Notification for Customer Experience Improvement Program
Information	2014-08-30 오전 1:11:18	Microsoft-Windows-Winlogon	7001	(1101)	User Logon Notification for Customer Experience Improvement Program
Information	2014-08-30 오전 1:09:01	Microsoft-Windows-Kernel-General	12	None	The operating system started at system time ‎2014‎-‎08‎-‎29T16:09:00.626398500Z.
Information	2014-08-30 오전 12:29:14	Microsoft-Windows-Kernel-General	13	None	The operating system is shutting down at system time ‎2014‎-‎08‎-‎29T15:29:14.575569200Z.
Information	2014-08-30 오전 12:29:01	Microsoft-Windows-Winlogon	7002	(1102)	User Logoff Notification for Customer Experience Improvement Program
Information	2014-08-30 오전 12:11:19	Microsoft-Windows-Winlogon	7001	(1101)	User Logon Notification for Customer Experience Improvement Program
Information	2014-08-30 오전 12:10:33	Microsoft-Windows-Kernel-General	12	None	The operating system started at system time ‎2014‎-‎08‎-‎29T15:10:32.626398500Z.
Information	2014-08-29 오전 2:11:20	Microsoft-Windows-Kernel-General	13	None	The operating system is shutting down at system time ‎2014‎-‎08‎-‎28T17:11:20.822120500Z.
Information	2014-08-29 오전 2:10:11	Microsoft-Windows-Kernel-General	12	None	The operating system started at system time ‎2014‎-‎08‎-‎28T17:10:10.626398500Z.
Information	2014-08-29 오전 2:09:48	Microsoft-Windows-Kernel-General	13	None	The operating system is shutting down at system time ‎2014‎-‎08‎-‎28T17:09:48.789965900Z.
Information	2014-08-29 오전 2:09:40	Microsoft-Windows-Winlogon	7002	(1102)	User Logoff Notification for Customer Experience Improvement Program
Information	2014-08-29 오전 1:59:04	Microsoft-Windows-Winlogon	7001	(1101)	User Logon Notification for Customer Experience Improvement Program
Information	2014-08-29 오전 1:57:33	Microsoft-Windows-Kernel-General	12	None	The operating system started at system time ‎2014‎-‎08‎-‎28T16:57:32.626398500Z.
Information	2014-08-27 오전 6:19:57	Microsoft-Windows-Kernel-General	13	None	The operating system is shutting down at system time ‎2014‎-‎08‎-‎26T21:19:57.646734900Z.
Information	2014-08-27 오전 6:19:47	Microsoft-Windows-Winlogon	7002	(1102)	User Logoff Notification for Customer Experience Improvement Program
Information	2014-08-27 오전 5:27:48	Microsoft-Windows-Winlogon	7001	(1101)	User Logon Notification for Customer Experience Improvement Program
Information	2014-08-27 오전 5:27:43	Microsoft-Windows-Winlogon	7002	(1102)	User Logoff Notification for Customer Experience Improvement Program
Information	2014-08-27 오전 5:24:34	Microsoft-Windows-Winlogon	7001	(1101)	User Logon Notification for Customer Experience Improvement Program
Information	2014-08-27 오전 5:24:22	Microsoft-Windows-Winlogon	7002	(1102)	User Logoff Notification for Customer Experience Improvement Program
Information	2014-08-27 오전 4:53:05	Microsoft-Windows-Winlogon	7001	(1101)	User Logon Notification for Customer Experience Improvement Program
Information	2014-08-27 오전 4:52:03	Microsoft-Windows-Kernel-General	12	None	The operating system started at system time ‎2014‎-‎08‎-‎26T19:52:02.626398500Z.
Information	2014-08-27 오전 4:49:30	Microsoft-Windows-Kernel-General	13	None	The operating system is shutting down at system time ‎2014‎-‎08‎-‎26T19:49:30.926853700Z.
Information	2014-08-27 오전 4:49:13	Microsoft-Windows-Winlogon	7002	(1102)	User Logoff Notification for Customer Experience Improvement Program
Information	2014-08-27 오전 1:55:41	Microsoft-Windows-Winlogon	7001	(1101)	User Logon Notification for Customer Experience Improvement Program
Information	2014-08-27 오전 1:52:32	Microsoft-Windows-Kernel-General	12	None	The operating system started at system time ‎2014‎-‎08‎-‎26T16:52:31.626398500Z.
Information	2014-08-27 오전 1:52:07	Microsoft-Windows-Kernel-General	13	None	The operating system is shutting down at system time ‎2014‎-‎08‎-‎26T16:52:07.199614300Z.
