Level	Date and Time	Source	Event ID	Task Category
Information	2014-11-21 오후 3:39:46	Microsoft-Windows-Winlogon	7001	(1101)	User Logon Notification for Customer Experience Improvement Program
Information	2014-11-20 오후 6:01:27	Microsoft-Windows-Winlogon	7002	(1102)	User Logoff Notification for Customer Experience Improvement Program
Information	2014-11-20 오후 6:01:01	Microsoft-Windows-Winlogon	7001	(1101)	User Logon Notification for Customer Experience Improvement Program
Information	2014-11-20 오후 5:52:42	Microsoft-Windows-Winlogon	7002	(1102)	User Logoff Notification for Customer Experience Improvement Program
Information	2014-11-20 오후 3:13:27	Microsoft-Windows-Winlogon	7001	(1101)	User Logon Notification for Customer Experience Improvement Program
Information	2014-11-20 오후 3:13:16	Microsoft-Windows-Winlogon	7002	(1102)	User Logoff Notification for Customer Experience Improvement Program
Information	2014-11-20 오후 2:30:21	Microsoft-Windows-Winlogon	7001	(1101)	User Logon Notification for Customer Experience Improvement Program
Information	2014-11-20 오후 2:25:30	Microsoft-Windows-Kernel-General	12	None	The operating system started at system time ‎2014‎-‎11‎-‎20T05:25:29.626398500Z.
Information	2014-11-19 오후 10:19:59	Microsoft-Windows-Kernel-General	13	None	The operating system is shutting down at system time ‎2014‎-‎11‎-‎19T13:19:59.727819000Z.
Information	2014-11-19 오후 10:19:04	Microsoft-Windows-Winlogon	7002	(1102)	User Logoff Notification for Customer Experience Improvement Program
Information	2014-11-19 오후 12:48:37	Microsoft-Windows-Winlogon	7001	(1101)	User Logon Notification for Customer Experience Improvement Program
Information	2014-11-19 오후 12:24:32	Microsoft-Windows-Winlogon	7002	(1102)	User Logoff Notification for Customer Experience Improvement Program
Information	2014-11-19 오후 12:22:12	Microsoft-Windows-Winlogon	7001	(1101)	User Logon Notification for Customer Experience Improvement Program
Information	2014-11-13 오후 5:44:41	Microsoft-Windows-Winlogon	7002	(1102)	User Logoff Notification for Customer Experience Improvement Program
Information	2014-11-13 오후 4:14:39	Microsoft-Windows-Winlogon	7001	(1101)	User Logon Notification for Customer Experience Improvement Program
Information	2014-11-13 오후 4:07:46	Microsoft-Windows-Kernel-General	12	None	The operating system started at system time ‎2014‎-‎11‎-‎13T07:07:45.610798400Z.
Information	2014-11-13 오후 4:07:16	Microsoft-Windows-Kernel-General	13	None	The operating system is shutting down at system time ‎2014‎-‎11‎-‎13T07:07:16.916925400Z.
Information	2014-11-13 오후 4:06:05	Microsoft-Windows-Kernel-General	12	None	The operating system started at system time ‎2014‎-‎11‎-‎13T07:06:04.610798400Z.
Information	2014-11-12 오후 4:05:52	Microsoft-Windows-Kernel-General	13	None	The operating system is shutting down at system time ‎2014‎-‎11‎-‎12T07:05:52.678224600Z.
Information	2014-11-12 오후 3:52:00	Microsoft-Windows-Winlogon	7002	(1102)	User Logoff Notification for Customer Experience Improvement Program
Information	2014-11-12 오후 2:06:26	Microsoft-Windows-Winlogon	7001	(1101)	User Logon Notification for Customer Experience Improvement Program
Information	2014-11-10 오후 6:23:05	Microsoft-Windows-Winlogon	7002	(1102)	User Logoff Notification for Customer Experience Improvement Program
Information	2014-11-10 오후 4:51:57	Microsoft-Windows-Winlogon	7001	(1101)	User Logon Notification for Customer Experience Improvement Program
Information	2014-11-10 오후 4:49:50	Microsoft-Windows-Kernel-General	12	None	The operating system started at system time ‎2014‎-‎11‎-‎10T07:49:49.626398500Z.
Information	2014-11-07 오후 6:08:29	Microsoft-Windows-Winlogon	7002	(1102)	User Logoff Notification for Customer Experience Improvement Program
Information	2014-11-07 오후 2:23:08	Microsoft-Windows-Winlogon	7001	(1101)	User Logon Notification for Customer Experience Improvement Program
Information	2014-11-07 오후 2:22:20	Microsoft-Windows-Kernel-General	12	None	The operating system started at system time ‎2014‎-‎11‎-‎07T05:22:19.626398500Z.
Information	2014-11-06 오후 7:01:34	Microsoft-Windows-Kernel-General	13	None	The operating system is shutting down at system time ‎2014‎-‎11‎-‎06T10:01:34.569613400Z.
Information	2014-11-06 오후 7:01:22	Microsoft-Windows-Winlogon	7002	(1102)	User Logoff Notification for Customer Experience Improvement Program
Information	2014-11-06 오후 4:45:07	Microsoft-Windows-Winlogon	7001	(1101)	User Logon Notification for Customer Experience Improvement Program
Information	2014-11-06 오후 4:44:25	Microsoft-Windows-Kernel-General	12	None	The operating system started at system time ‎2014‎-‎11‎-‎06T07:44:24.626398500Z.
Information	2014-11-05 오후 4:41:18	Microsoft-Windows-Kernel-General	13	None	The operating system is shutting down at system time ‎2014‎-‎11‎-‎05T07:41:18.283614900Z.
Information	2014-11-05 오후 4:41:05	Microsoft-Windows-Winlogon	7002	(1102)	User Logoff Notification for Customer Experience Improvement Program
Information	2014-11-05 오후 4:08:31	Microsoft-Windows-Winlogon	7001	(1101)	User Logon Notification for Customer Experience Improvement Program
Information	2014-11-05 오후 4:07:47	Microsoft-Windows-Kernel-General	12	None	The operating system started at system time ‎2014‎-‎11‎-‎05T07:07:46.610798400Z.
Information	2014-11-05 오후 3:48:59	Microsoft-Windows-Kernel-General	13	None	The operating system is shutting down at system time ‎2014‎-‎11‎-‎05T06:48:59.294212600Z.
Information	2014-11-05 오후 3:48:46	Microsoft-Windows-Winlogon	7002	(1102)	User Logoff Notification for Customer Experience Improvement Program
Information	2014-11-05 오후 2:02:56	Microsoft-Windows-Winlogon	7001	(1101)	User Logon Notification for Customer Experience Improvement Program
Information	2014-11-05 오후 2:02:27	Microsoft-Windows-Winlogon	7002	(1102)	User Logoff Notification for Customer Experience Improvement Program
Information	2014-11-05 오후 12:47:59	Microsoft-Windows-Winlogon	7001	(1101)	User Logon Notification for Customer Experience Improvement Program
Information	2014-11-05 오후 12:45:31	Microsoft-Windows-Kernel-General	12	None	The operating system started at system time ‎2014‎-‎11‎-‎05T03:45:30.626398500Z.
Information	2014-10-30 오후 5:28:50	Microsoft-Windows-Kernel-General	13	None	The operating system is shutting down at system time ‎2014‎-‎10‎-‎30T08:28:50.913816300Z.
Information	2014-10-30 오후 5:28:37	Microsoft-Windows-Winlogon	7002	(1102)	User Logoff Notification for Customer Experience Improvement Program
Information	2014-10-30 오후 4:44:36	Microsoft-Windows-Winlogon	7001	(1101)	User Logon Notification for Customer Experience Improvement Program
Information	2014-10-30 오후 4:43:43	Microsoft-Windows-Winlogon	7002	(1102)	User Logoff Notification for Customer Experience Improvement Program
Information	2014-10-29 오후 6:35:11	Microsoft-Windows-Winlogon	7001	(1101)	User Logon Notification for Customer Experience Improvement Program
Information	2014-10-29 오후 6:34:17	Microsoft-Windows-Kernel-General	12	None	The operating system started at system time ‎2014‎-‎10‎-‎29T09:34:16.610798400Z.
Information	2014-10-29 오후 3:48:36	Microsoft-Windows-Kernel-General	13	None	The operating system is shutting down at system time ‎2014‎-‎10‎-‎29T06:48:36.619614700Z.
Information	2014-10-29 오후 3:48:26	Microsoft-Windows-Winlogon	7002	(1102)	User Logoff Notification for Customer Experience Improvement Program
Information	2014-10-29 오후 2:00:52	Microsoft-Windows-Winlogon	7001	(1101)	User Logon Notification for Customer Experience Improvement Program
Information	2014-10-29 오후 1:52:26	Microsoft-Windows-Kernel-General	12	None	The operating system started at system time ‎2014‎-‎10‎-‎29T04:52:25.626398500Z.
Information	2014-10-29 오후 1:41:21	Microsoft-Windows-Kernel-General	13	None	The operating system is shutting down at system time ‎2014‎-‎10‎-‎29T04:41:21.375417300Z.
Information	2014-10-29 오후 1:40:33	Microsoft-Windows-Winlogon	7002	(1102)	User Logoff Notification for Customer Experience Improvement Program
Information	2014-10-29 오후 1:13:00	Microsoft-Windows-Winlogon	7001	(1101)	User Logon Notification for Customer Experience Improvement Program
Information	2014-10-29 오후 1:07:32	Microsoft-Windows-Kernel-General	12	None	The operating system started at system time ‎2014‎-‎10‎-‎29T04:07:31.626398500Z.
Information	2014-10-29 오후 1:06:53	Microsoft-Windows-Kernel-General	13	None	The operating system is shutting down at system time ‎2014‎-‎10‎-‎29T04:06:53.302778400Z.
Information	2014-10-29 오후 12:59:29	Microsoft-Windows-Kernel-General	12	None	The operating system started at system time ‎2014‎-‎10‎-‎29T03:59:28.626398500Z.
Information	2014-10-29 오후 12:58:49	Microsoft-Windows-Kernel-General	13	None	The operating system is shutting down at system time ‎2014‎-‎10‎-‎29T03:58:49.565768100Z.
Information	2014-10-29 오후 12:50:44	Microsoft-Windows-Kernel-General	12	None	The operating system started at system time ‎2014‎-‎10‎-‎29T03:50:43.610798400Z.
Information	2014-10-28 오후 8:43:31	Microsoft-Windows-Kernel-General	13	None	The operating system is shutting down at system time ‎2014‎-‎10‎-‎28T11:43:31.978023100Z.
Information	2014-10-28 오후 8:34:18	Microsoft-Windows-Winlogon	7002	(1102)	User Logoff Notification for Customer Experience Improvement Program
Information	2014-10-28 오후 6:38:20	Microsoft-Windows-Winlogon	7001	(1101)	User Logon Notification for Customer Experience Improvement Program
Information	2014-10-28 오후 2:05:51	Microsoft-Windows-Winlogon	7002	(1102)	User Logoff Notification for Customer Experience Improvement Program
Information	2014-10-28 오후 1:29:34	Microsoft-Windows-Winlogon	7001	(1101)	User Logon Notification for Customer Experience Improvement Program
Information	2014-10-28 오후 1:28:30	Microsoft-Windows-Kernel-General	12	None	The operating system started at system time ‎2014‎-‎10‎-‎28T04:28:29.626398500Z.
Information	2014-10-27 오후 1:41:45	Microsoft-Windows-Kernel-General	13	None	The operating system is shutting down at system time ‎2014‎-‎10‎-‎27T04:41:45.793414200Z.
Information	2014-10-27 오후 1:41:36	Microsoft-Windows-Winlogon	7002	(1102)	User Logoff Notification for Customer Experience Improvement Program
Information	2014-10-23 오후 3:50:43	Microsoft-Windows-Winlogon	7001	(1101)	User Logon Notification for Customer Experience Improvement Program
Information	2014-10-23 오후 3:49:03	Microsoft-Windows-Kernel-General	12	None	The operating system started at system time ‎2014‎-‎10‎-‎23T06:49:02.626398500Z.
Information	2014-10-22 오후 3:48:40	Microsoft-Windows-Kernel-General	13	None	The operating system is shutting down at system time ‎2014‎-‎10‎-‎22T06:48:40.638411800Z.
Information	2014-10-22 오후 3:48:29	Microsoft-Windows-Winlogon	7002	(1102)	User Logoff Notification for Customer Experience Improvement Program
Information	2014-10-22 오후 2:17:55	Microsoft-Windows-Winlogon	7001	(1101)	User Logon Notification for Customer Experience Improvement Program
Information	2014-10-22 오후 2:17:05	Microsoft-Windows-Kernel-General	12	None	The operating system started at system time ‎2014‎-‎10‎-‎22T05:17:04.626398500Z.
Information	2014-10-22 오후 2:15:04	Microsoft-Windows-Kernel-General	13	None	The operating system is shutting down at system time ‎2014‎-‎10‎-‎22T05:15:04.170812400Z.
Information	2014-10-20 오후 1:34:09	Microsoft-Windows-Winlogon	7002	(1102)	User Logoff Notification for Customer Experience Improvement Program
Information	2014-10-20 오후 12:50:44	Microsoft-Windows-Winlogon	7001	(1101)	User Logon Notification for Customer Experience Improvement Program
Information	2014-10-20 오후 12:45:10	Microsoft-Windows-Kernel-General	12	None	The operating system started at system time ‎2014‎-‎10‎-‎20T03:45:09.610798400Z.
Information	2014-10-17 오후 4:24:08	Microsoft-Windows-Kernel-General	13	None	The operating system is shutting down at system time ‎2014‎-‎10‎-‎17T07:24:08.220213900Z.
Information	2014-10-17 오후 4:23:58	Microsoft-Windows-Winlogon	7002	(1102)	User Logoff Notification for Customer Experience Improvement Program
Information	2014-10-17 오전 11:03:15	Microsoft-Windows-Winlogon	7001	(1101)	User Logon Notification for Customer Experience Improvement Program
Information	2014-10-17 오전 10:57:48	Microsoft-Windows-Kernel-General	12	None	The operating system started at system time ‎2014‎-‎10‎-‎17T01:57:47.610798400Z.
Information	2014-10-17 오전 10:57:04	Microsoft-Windows-Kernel-General	13	None	The operating system is shutting down at system time ‎2014‎-‎10‎-‎17T01:57:04.797611800Z.
Information	2014-10-17 오전 10:56:52	Microsoft-Windows-Winlogon	7002	(1102)	User Logoff Notification for Customer Experience Improvement Program
Information	2014-10-16 오후 5:08:15	Microsoft-Windows-Winlogon	7001	(1101)	User Logon Notification for Customer Experience Improvement Program
Information	2014-10-16 오후 5:01:22	Microsoft-Windows-Kernel-General	12	None	The operating system started at system time ‎2014‎-‎10‎-‎16T08:01:21.610798500Z.
Information	2014-10-16 오후 5:00:44	Microsoft-Windows-Kernel-General	13	None	The operating system is shutting down at system time ‎2014‎-‎10‎-‎16T08:00:44.332115700Z.
Information	2014-10-16 오후 4:59:38	Microsoft-Windows-Kernel-General	12	None	The operating system started at system time ‎2014‎-‎10‎-‎16T07:59:37.626398500Z.
Information	2014-10-16 오후 4:55:42	Microsoft-Windows-Kernel-General	13	None	The operating system is shutting down at system time ‎2014‎-‎10‎-‎16T07:55:42.514818900Z.
Information	2014-10-16 오후 4:41:20	Microsoft-Windows-Winlogon	7002	(1102)	User Logoff Notification for Customer Experience Improvement Program
Information	2014-10-16 오후 2:24:41	Microsoft-Windows-Winlogon	7001	(1101)	User Logon Notification for Customer Experience Improvement Program
Information	2014-10-16 오후 2:24:15	Microsoft-Windows-Winlogon	7002	(1102)	User Logoff Notification for Customer Experience Improvement Program
Information	2014-10-15 오후 4:03:56	Microsoft-Windows-Winlogon	7001	(1101)	User Logon Notification for Customer Experience Improvement Program
Information	2014-10-14 오후 1:54:41	Microsoft-Windows-Winlogon	7002	(1102)	User Logoff Notification for Customer Experience Improvement Program
Information	2014-10-14 오후 1:21:26	Microsoft-Windows-Winlogon	7001	(1101)	User Logon Notification for Customer Experience Improvement Program
Information	2014-10-13 오후 12:51:39	Microsoft-Windows-Winlogon	7002	(1102)	User Logoff Notification for Customer Experience Improvement Program
Information	2014-10-13 오후 12:13:01	Microsoft-Windows-Winlogon	7001	(1101)	User Logon Notification for Customer Experience Improvement Program
Information	2014-10-13 오후 12:11:23	Microsoft-Windows-Kernel-General	12	None	The operating system started at system time ‎2014‎-‎10‎-‎13T03:11:22.626398500Z.
Information	2014-10-09 오후 3:53:55	Microsoft-Windows-Kernel-General	13	None	The operating system is shutting down at system time ‎2014‎-‎10‎-‎09T06:53:55.326212300Z.
Information	2014-10-09 오후 3:53:43	Microsoft-Windows-Winlogon	7002	(1102)	User Logoff Notification for Customer Experience Improvement Program
Information	2014-10-09 오후 2:02:29	Microsoft-Windows-Winlogon	7001	(1101)	User Logon Notification for Customer Experience Improvement Program
Information	2014-10-09 오후 1:59:28	Microsoft-Windows-Kernel-General	12	None	The operating system started at system time ‎2014‎-‎10‎-‎09T04:59:27.610798400Z.
Information	2014-10-04 오후 1:29:50	Microsoft-Windows-Kernel-General	13	None	The operating system is shutting down at system time ‎2014‎-‎10‎-‎04T04:29:50.683816000Z.
Information	2014-10-04 오후 1:27:46	Microsoft-Windows-Kernel-General	12	None	The operating system started at system time ‎2014‎-‎10‎-‎04T04:27:45.626398500Z.
Information	2014-10-02 오후 6:41:22	Microsoft-Windows-Kernel-General	13	None	The operating system is shutting down at system time ‎2014‎-‎10‎-‎02T09:41:22.949412400Z.
Information	2014-10-02 오후 6:41:12	Microsoft-Windows-Winlogon	7002	(1102)	User Logoff Notification for Customer Experience Improvement Program
Information	2014-10-02 오후 5:00:23	Microsoft-Windows-Winlogon	7001	(1101)	User Logon Notification for Customer Experience Improvement Program
Information	2014-10-02 오후 4:57:28	Microsoft-Windows-Kernel-General	12	None	The operating system started at system time ‎2014‎-‎10‎-‎02T07:57:27.626398500Z.
Information	2014-10-01 오후 3:50:03	Microsoft-Windows-Kernel-General	13	None	The operating system is shutting down at system time ‎2014‎-‎10‎-‎01T06:50:03.360455800Z.
Information	2014-10-01 오후 3:49:29	Microsoft-Windows-Winlogon	7002	(1102)	User Logoff Notification for Customer Experience Improvement Program
Information	2014-10-01 오후 2:10:49	Microsoft-Windows-Winlogon	7001	(1101)	User Logon Notification for Customer Experience Improvement Program
Information	2014-10-01 오후 2:08:11	Microsoft-Windows-Winlogon	7002	(1102)	User Logoff Notification for Customer Experience Improvement Program
Information	2014-09-29 오후 12:41:19	Microsoft-Windows-Winlogon	7001	(1101)	User Logon Notification for Customer Experience Improvement Program
Information	2014-09-29 오후 12:35:43	Microsoft-Windows-Kernel-General	12	None	The operating system started at system time ‎2014‎-‎09‎-‎29T03:35:42.610798500Z.
Information	2014-09-26 오후 2:37:32	Microsoft-Windows-Kernel-General	13	None	The operating system is shutting down at system time ‎2014‎-‎09‎-‎26T05:37:32.427625400Z.
Information	2014-09-26 오후 2:37:14	Microsoft-Windows-Winlogon	7002	(1102)	User Logoff Notification for Customer Experience Improvement Program
Information	2014-09-26 오후 2:08:05	Microsoft-Windows-Winlogon	7001	(1101)	User Logon Notification for Customer Experience Improvement Program
Information	2014-09-26 오후 2:06:00	Microsoft-Windows-Kernel-General	12	None	The operating system started at system time ‎2014‎-‎09‎-‎26T05:05:59.626398500Z.
Information	2014-09-25 오후 8:23:00	Microsoft-Windows-Kernel-General	13	None	The operating system is shutting down at system time ‎2014‎-‎09‎-‎25T11:23:00.937811700Z.
Information	2014-09-25 오후 8:22:51	Microsoft-Windows-Winlogon	7002	(1102)	User Logoff Notification for Customer Experience Improvement Program
Information	2014-09-25 오후 6:46:44	Microsoft-Windows-Winlogon	7001	(1101)	User Logon Notification for Customer Experience Improvement Program
Information	2014-09-25 오후 6:45:53	Microsoft-Windows-Kernel-General	12	None	The operating system started at system time ‎2014‎-‎09‎-‎25T09:45:52.610798500Z.
Information	2014-09-25 오후 5:53:15	Microsoft-Windows-Kernel-General	13	None	The operating system is shutting down at system time ‎2014‎-‎09‎-‎25T08:53:15.249014300Z.
Information	2014-09-25 오후 5:53:04	Microsoft-Windows-Winlogon	7002	(1102)	User Logoff Notification for Customer Experience Improvement Program
Information	2014-09-25 오후 4:43:04	Microsoft-Windows-Winlogon	7001	(1101)	User Logon Notification for Customer Experience Improvement Program
Information	2014-09-25 오후 4:42:06	Microsoft-Windows-Kernel-General	12	None	The operating system started at system time ‎2014‎-‎09‎-‎25T07:42:05.610798400Z.
Information	2014-09-24 오후 4:50:37	Microsoft-Windows-Kernel-General	13	None	The operating system is shutting down at system time ‎2014‎-‎09‎-‎24T07:50:37.214212900Z.
Information	2014-09-24 오후 4:50:27	Microsoft-Windows-Winlogon	7002	(1102)	User Logoff Notification for Customer Experience Improvement Program
Information	2014-09-24 오후 2:09:59	Microsoft-Windows-Winlogon	7001	(1101)	User Logon Notification for Customer Experience Improvement Program
Information	2014-09-24 오후 2:00:22	Microsoft-Windows-Kernel-General	12	None	The operating system started at system time ‎2014‎-‎09‎-‎24T05:00:21.610798400Z.
Information	2014-09-23 오후 9:25:21	Microsoft-Windows-Kernel-General	13	None	The operating system is shutting down at system time ‎2014‎-‎09‎-‎23T12:25:21.269011100Z.
Information	2014-09-22 오후 10:58:45	Microsoft-Windows-Winlogon	7002	(1102)	User Logoff Notification for Customer Experience Improvement Program
Information	2014-09-22 오후 6:36:12	Microsoft-Windows-Winlogon	7001	(1101)	User Logon Notification for Customer Experience Improvement Program
Information	2014-09-22 오후 4:47:40	Microsoft-Windows-Winlogon	7002	(1102)	User Logoff Notification for Customer Experience Improvement Program
Information	2014-09-22 오후 3:32:26	Microsoft-Windows-Winlogon	7001	(1101)	User Logon Notification for Customer Experience Improvement Program
Information	2014-09-22 오후 3:31:45	Microsoft-Windows-Kernel-General	12	None	The operating system started at system time ‎2014‎-‎09‎-‎22T06:31:44.610798400Z.
Information	2014-09-18 오후 8:21:50	Microsoft-Windows-Kernel-General	13	None	The operating system is shutting down at system time ‎2014‎-‎09‎-‎18T11:21:50.797012600Z.
Information	2014-09-18 오후 8:21:39	Microsoft-Windows-Winlogon	7002	(1102)	User Logoff Notification for Customer Experience Improvement Program
Information	2014-09-18 오후 4:19:25	Microsoft-Windows-Winlogon	7001	(1101)	User Logon Notification for Customer Experience Improvement Program
Information	2014-09-18 오후 4:18:03	Microsoft-Windows-Kernel-General	12	None	The operating system started at system time ‎2014‎-‎09‎-‎18T07:18:02.626398500Z.
Information	2014-09-17 오후 4:54:38	Microsoft-Windows-Kernel-General	13	None	The operating system is shutting down at system time ‎2014‎-‎09‎-‎17T07:54:38.070213200Z.
Information	2014-09-17 오후 4:54:27	Microsoft-Windows-Winlogon	7002	(1102)	User Logoff Notification for Customer Experience Improvement Program
Information	2014-09-17 오후 1:59:08	Microsoft-Windows-Winlogon	7001	(1101)	User Logon Notification for Customer Experience Improvement Program
Information	2014-09-17 오후 1:58:24	Microsoft-Windows-Kernel-General	12	None	The operating system started at system time ‎2014‎-‎09‎-‎17T04:58:23.626398500Z.
Information	2014-09-11 오후 8:22:26	Microsoft-Windows-Kernel-General	13	None	The operating system is shutting down at system time ‎2014‎-‎09‎-‎11T11:22:26.425215800Z.
Information	2014-09-11 오후 8:22:13	Microsoft-Windows-Winlogon	7002	(1102)	User Logoff Notification for Customer Experience Improvement Program
Information	2014-09-11 오후 5:02:58	Microsoft-Windows-Winlogon	7001	(1101)	User Logon Notification for Customer Experience Improvement Program
Information	2014-09-11 오후 5:02:10	Microsoft-Windows-Kernel-General	12	None	The operating system started at system time ‎2014‎-‎09‎-‎11T08:02:09.626398500Z.
Information	2014-09-11 오후 5:00:55	Microsoft-Windows-Kernel-General	13	None	The operating system is shutting down at system time ‎2014‎-‎09‎-‎11T08:00:55.841612500Z.
Information	2014-09-11 오후 4:56:58	Microsoft-Windows-Kernel-General	12	None	The operating system started at system time ‎2014‎-‎09‎-‎11T07:56:57.610798500Z.
Information	2014-09-11 오후 4:32:20	Microsoft-Windows-Kernel-General	13	None	The operating system is shutting down at system time ‎2014‎-‎09‎-‎11T07:32:20.792614600Z.
Information	2014-09-11 오후 4:27:04	Microsoft-Windows-Kernel-General	12	None	The operating system started at system time ‎2014‎-‎09‎-‎11T07:27:03.626398500Z.
Information	2014-09-11 오전 5:12:28	Microsoft-Windows-Kernel-General	12	None	The operating system started at system time ‎2014‎-‎09‎-‎10T20:12:27.610798400Z.
Information	2014-09-11 오전 5:11:51	Microsoft-Windows-Kernel-General	13	None	The operating system is shutting down at system time ‎2014‎-‎09‎-‎10T20:11:51.261416900Z.
Information	2014-09-04 오후 4:54:05	Microsoft-Windows-Kernel-General	12	None	The operating system started at system time ‎2014‎-‎09‎-‎04T07:54:04.610798400Z.
Information	2014-09-04 오후 4:39:41	Microsoft-Windows-Kernel-General	13	None	The operating system is shutting down at system time ‎2014‎-‎09‎-‎04T07:39:41.369613000Z.
Information	2014-09-04 오후 4:39:30	Microsoft-Windows-Winlogon	7002	(1102)	User Logoff Notification for Customer Experience Improvement Program
Information	2014-09-04 오후 3:55:01	Microsoft-Windows-Winlogon	7001	(1101)	User Logon Notification for Customer Experience Improvement Program
Information	2014-09-04 오후 3:41:55	Microsoft-Windows-Kernel-General	12	None	The operating system started at system time ‎2014‎-‎09‎-‎04T06:41:54.626398500Z.
Information	2014-09-03 오후 4:28:31	Microsoft-Windows-Kernel-General	13	None	The operating system is shutting down at system time ‎2014‎-‎09‎-‎03T07:28:31.677811300Z.
Information	2014-09-03 오후 4:28:21	Microsoft-Windows-Winlogon	7002	(1102)	User Logoff Notification for Customer Experience Improvement Program
Information	2014-09-03 오후 3:24:37	Microsoft-Windows-Winlogon	7001	(1101)	User Logon Notification for Customer Experience Improvement Program
Information	2014-09-03 오후 3:22:50	Microsoft-Windows-Kernel-General	12	None	The operating system started at system time ‎2014‎-‎09‎-‎03T06:22:49.610798500Z.
Information	2014-09-02 오후 6:41:05	Microsoft-Windows-Kernel-General	13	None	The operating system is shutting down at system time ‎2014‎-‎09‎-‎02T09:41:05.527012000Z.
Information	2014-09-02 오후 6:40:56	Microsoft-Windows-Winlogon	7002	(1102)	User Logoff Notification for Customer Experience Improvement Program
Information	2014-09-02 오후 6:39:36	Microsoft-Windows-Winlogon	7001	(1101)	User Logon Notification for Customer Experience Improvement Program
Information	2014-09-01 오후 10:04:14	Microsoft-Windows-Kernel-General	12	None	The operating system started at system time ‎2014‎-‎09‎-‎01T13:04:13.610798500Z.
Information	2014-09-01 오후 10:03:36	Microsoft-Windows-Kernel-General	13	None	The operating system is shutting down at system time ‎2014‎-‎09‎-‎01T13:03:36.391012000Z.
Information	2014-09-01 오후 10:03:26	Microsoft-Windows-Winlogon	7002	(1102)	User Logoff Notification for Customer Experience Improvement Program
Information	2014-09-01 오후 9:59:54	Microsoft-Windows-Winlogon	7001	(1101)	User Logon Notification for Customer Experience Improvement Program
Information	2014-09-01 오후 9:58:52	Microsoft-Windows-Kernel-General	12	None	The operating system started at system time ‎2014‎-‎09‎-‎01T12:58:51.610798500Z.
Information	2014-09-01 오후 9:58:14	Microsoft-Windows-Kernel-General	13	None	The operating system is shutting down at system time ‎2014‎-‎09‎-‎01T12:58:14.565670000Z.
Information	2014-09-01 오후 9:58:04	Microsoft-Windows-Winlogon	7002	(1102)	User Logoff Notification for Customer Experience Improvement Program
Information	2014-09-01 오후 9:51:52	Microsoft-Windows-Winlogon	7001	(1101)	User Logon Notification for Customer Experience Improvement Program
Information	2014-09-01 오후 9:49:58	Microsoft-Windows-Kernel-General	12	None	The operating system started at system time ‎2014‎-‎09‎-‎01T12:49:57.610798500Z.
Information	2014-09-01 오후 9:49:28	Microsoft-Windows-Kernel-General	13	None	The operating system is shutting down at system time ‎2014‎-‎09‎-‎01T12:49:28.978871100Z.
Information	2014-09-01 오후 9:49:18	Microsoft-Windows-Winlogon	7002	(1102)	User Logoff Notification for Customer Experience Improvement Program
Information	2014-09-01 오후 9:22:31	Microsoft-Windows-Winlogon	7001	(1101)	User Logon Notification for Customer Experience Improvement Program
Information	2014-09-01 오후 5:30:41	Microsoft-Windows-Kernel-General	12	None	The operating system started at system time ‎2014‎-‎09‎-‎01T08:30:40.610798500Z.
Information	2014-08-30 오후 4:38:38	Microsoft-Windows-Kernel-General	13	None	The operating system is shutting down at system time ‎2014‎-‎08‎-‎30T07:38:38.077813500Z.
Information	2014-08-30 오후 4:38:27	Microsoft-Windows-Winlogon	7002	(1102)	User Logoff Notification for Customer Experience Improvement Program
Information	2014-08-30 오후 4:32:06	Microsoft-Windows-Winlogon	7001	(1101)	User Logon Notification for Customer Experience Improvement Program
Information	2014-08-30 오후 4:31:10	Microsoft-Windows-Kernel-General	12	None	The operating system started at system time ‎2014‎-‎08‎-‎30T07:31:09.610798500Z.
Information	2014-08-30 오후 2:55:57	Microsoft-Windows-Winlogon	7001	(1101)	User Logon Notification for Customer Experience Improvement Program
Information	2014-08-30 오후 2:55:44	Microsoft-Windows-Winlogon	7002	(1102)	User Logoff Notification for Customer Experience Improvement Program
Information	2014-08-30 오후 2:44:32	Microsoft-Windows-Winlogon	7001	(1101)	User Logon Notification for Customer Experience Improvement Program
Information	2014-08-30 오후 2:44:06	Microsoft-Windows-Winlogon	7002	(1102)	User Logoff Notification for Customer Experience Improvement Program
Information	2014-08-30 오후 2:38:25	Microsoft-Windows-Winlogon	7001	(1101)	User Logon Notification for Customer Experience Improvement Program
Information	2014-08-30 오후 2:38:08	Microsoft-Windows-Winlogon	7002	(1102)	User Logoff Notification for Customer Experience Improvement Program
Information	2014-08-30 오후 2:36:43	Microsoft-Windows-Winlogon	7001	(1101)	User Logon Notification for Customer Experience Improvement Program
Information	2014-08-30 오후 2:36:03	Microsoft-Windows-Kernel-General	12	None	The operating system started at system time ‎2014‎-‎08‎-‎30T05:36:02.610798500Z.
Information	2014-08-30 오후 2:35:35	Microsoft-Windows-Kernel-General	13	None	The operating system is shutting down at system time ‎2014‎-‎08‎-‎30T05:35:35.647813800Z.
Information	2014-08-30 오후 2:35:26	Microsoft-Windows-Winlogon	7002	(1102)	User Logoff Notification for Customer Experience Improvement Program
Information	2014-08-30 오후 2:31:33	Microsoft-Windows-Winlogon	7001	(1101)	User Logon Notification for Customer Experience Improvement Program
Information	2014-08-30 오후 2:30:21	Microsoft-Windows-Kernel-General	12	None	The operating system started at system time ‎2014‎-‎08‎-‎30T05:30:20.610798500Z.
Information	2014-08-30 오후 2:29:51	Microsoft-Windows-Kernel-General	13	None	The operating system is shutting down at system time ‎2014‎-‎08‎-‎30T05:29:51.621613200Z.
Information	2014-08-30 오후 2:29:42	Microsoft-Windows-Winlogon	7002	(1102)	User Logoff Notification for Customer Experience Improvement Program
Information	2014-08-30 오후 12:43:44	Microsoft-Windows-Winlogon	7001	(1101)	User Logon Notification for Customer Experience Improvement Program
Information	2014-08-30 오후 12:42:46	Microsoft-Windows-Kernel-General	12	None	The operating system started at system time ‎2014‎-‎08‎-‎30T03:42:45.626398500Z.
Information	2014-08-30 오후 12:42:18	Microsoft-Windows-Kernel-General	13	None	The operating system is shutting down at system time ‎2014‎-‎08‎-‎30T03:42:18.052271100Z.
Information	2014-08-30 오후 12:42:08	Microsoft-Windows-Winlogon	7002	(1102)	User Logoff Notification for Customer Experience Improvement Program
Information	2014-08-30 오후 12:40:03	Microsoft-Windows-Winlogon	7001	(1101)	User Logon Notification for Customer Experience Improvement Program
Information	2014-08-30 오후 12:39:53	Microsoft-Windows-Winlogon	7002	(1102)	User Logoff Notification for Customer Experience Improvement Program
Information	2014-08-30 오후 12:39:35	Microsoft-Windows-Winlogon	7001	(1101)	User Logon Notification for Customer Experience Improvement Program
Information	2014-08-30 오후 12:39:06	Microsoft-Windows-Winlogon	7002	(1102)	User Logoff Notification for Customer Experience Improvement Program
Information	2014-08-30 오후 12:37:39	Microsoft-Windows-Winlogon	7001	(1101)	User Logon Notification for Customer Experience Improvement Program
Information	2014-08-30 오후 12:37:28	Microsoft-Windows-Winlogon	7002	(1102)	User Logoff Notification for Customer Experience Improvement Program
Information	2014-08-30 오후 12:35:55	Microsoft-Windows-Winlogon	7001	(1101)	User Logon Notification for Customer Experience Improvement Program
Information	2014-08-30 오후 12:35:49	Microsoft-Windows-Winlogon	7002	(1102)	User Logoff Notification for Customer Experience Improvement Program
Information	2014-08-30 오후 12:35:02	Microsoft-Windows-Winlogon	7001	(1101)	User Logon Notification for Customer Experience Improvement Program
Information	2014-08-30 오후 12:34:51	Microsoft-Windows-Winlogon	7002	(1102)	User Logoff Notification for Customer Experience Improvement Program
Information	2014-08-30 오후 12:34:24	Microsoft-Windows-Winlogon	7001	(1101)	User Logon Notification for Customer Experience Improvement Program
Information	2014-08-30 오후 12:34:07	Microsoft-Windows-Winlogon	7002	(1102)	User Logoff Notification for Customer Experience Improvement Program
Information	2014-08-30 오후 12:32:46	Microsoft-Windows-Winlogon	7001	(1101)	User Logon Notification for Customer Experience Improvement Program
Information	2014-08-30 오후 12:32:12	Microsoft-Windows-Kernel-General	12	None	The operating system started at system time ‎2014‎-‎08‎-‎30T03:32:11.610798500Z.
Information	2014-08-30 오후 12:31:45	Microsoft-Windows-Kernel-General	13	None	The operating system is shutting down at system time ‎2014‎-‎08‎-‎30T03:31:45.609250000Z.
Information	2014-08-30 오후 12:31:36	Microsoft-Windows-Winlogon	7002	(1102)	User Logoff Notification for Customer Experience Improvement Program
Information	2014-08-30 오후 12:29:33	Microsoft-Windows-Winlogon	7001	(1101)	User Logon Notification for Customer Experience Improvement Program
Information	2014-08-30 오후 12:28:44	Microsoft-Windows-Winlogon	7002	(1102)	User Logoff Notification for Customer Experience Improvement Program
Information	2014-08-30 오후 12:26:13	Microsoft-Windows-Winlogon	7001	(1101)	User Logon Notification for Customer Experience Improvement Program
Information	2014-08-30 오후 12:25:25	Microsoft-Windows-Kernel-General	12	None	The operating system started at system time ‎2014‎-‎08‎-‎30T03:25:24.626398500Z.
Information	2014-08-30 오후 12:24:47	Microsoft-Windows-Kernel-General	13	None	The operating system is shutting down at system time ‎2014‎-‎08‎-‎30T03:24:47.803411800Z.
Information	2014-08-30 오후 12:24:37	Microsoft-Windows-Winlogon	7002	(1102)	User Logoff Notification for Customer Experience Improvement Program
Information	2014-08-30 오후 12:18:40	Microsoft-Windows-Winlogon	7001	(1101)	User Logon Notification for Customer Experience Improvement Program
Information	2014-08-30 오후 12:18:19	Microsoft-Windows-Winlogon	7002	(1102)	User Logoff Notification for Customer Experience Improvement Program
Information	2014-08-30 오후 12:17:54	Microsoft-Windows-Winlogon	7001	(1101)	User Logon Notification for Customer Experience Improvement Program
Information	2014-08-30 오후 12:17:48	Microsoft-Windows-Winlogon	7002	(1102)	User Logoff Notification for Customer Experience Improvement Program
Information	2014-08-30 오후 12:07:23	Microsoft-Windows-Winlogon	7001	(1101)	User Logon Notification for Customer Experience Improvement Program
Information	2014-08-30 오후 12:07:14	Microsoft-Windows-Winlogon	7002	(1102)	User Logoff Notification for Customer Experience Improvement Program
Information	2014-08-30 오후 12:05:41	Microsoft-Windows-Winlogon	7001	(1101)	User Logon Notification for Customer Experience Improvement Program
Information	2014-08-30 오후 12:05:30	Microsoft-Windows-Winlogon	7002	(1102)	User Logoff Notification for Customer Experience Improvement Program
Information	2014-08-30 오전 11:47:21	Microsoft-Windows-Winlogon	7001	(1101)	User Logon Notification for Customer Experience Improvement Program
Information	2014-08-30 오전 11:47:15	Microsoft-Windows-Winlogon	7002	(1102)	User Logoff Notification for Customer Experience Improvement Program
Information	2014-08-30 오전 11:45:44	Microsoft-Windows-Winlogon	7001	(1101)	User Logon Notification for Customer Experience Improvement Program
Information	2014-08-30 오전 11:45:39	Microsoft-Windows-Winlogon	7002	(1102)	User Logoff Notification for Customer Experience Improvement Program
Information	2014-08-30 오전 11:43:50	Microsoft-Windows-Winlogon	7001	(1101)	User Logon Notification for Customer Experience Improvement Program
Information	2014-08-30 오전 11:43:41	Microsoft-Windows-Winlogon	7002	(1102)	User Logoff Notification for Customer Experience Improvement Program
Information	2014-08-30 오전 11:42:02	Microsoft-Windows-Winlogon	7001	(1101)	User Logon Notification for Customer Experience Improvement Program
Information	2014-08-30 오전 11:41:56	Microsoft-Windows-Winlogon	7002	(1102)	User Logoff Notification for Customer Experience Improvement Program
Information	2014-08-30 오전 11:40:56	Microsoft-Windows-Winlogon	7001	(1101)	User Logon Notification for Customer Experience Improvement Program
Information	2014-08-30 오전 11:40:51	Microsoft-Windows-Winlogon	7002	(1102)	User Logoff Notification for Customer Experience Improvement Program
Information	2014-08-30 오전 11:40:01	Microsoft-Windows-Winlogon	7001	(1101)	User Logon Notification for Customer Experience Improvement Program
Information	2014-08-30 오전 11:39:36	Microsoft-Windows-Winlogon	7002	(1102)	User Logoff Notification for Customer Experience Improvement Program
Information	2014-08-30 오전 11:39:28	Microsoft-Windows-Winlogon	7001	(1101)	User Logon Notification for Customer Experience Improvement Program
Information	2014-08-30 오전 11:39:20	Microsoft-Windows-Winlogon	7002	(1102)	User Logoff Notification for Customer Experience Improvement Program
Information	2014-08-30 오전 11:35:52	Microsoft-Windows-Winlogon	7001	(1101)	User Logon Notification for Customer Experience Improvement Program
Information	2014-08-30 오전 11:35:42	Microsoft-Windows-Winlogon	7002	(1102)	User Logoff Notification for Customer Experience Improvement Program
Information	2014-08-30 오전 1:47:34	Microsoft-Windows-Winlogon	7001	(1101)	User Logon Notification for Customer Experience Improvement Program
Information	2014-08-30 오전 1:46:49	Microsoft-Windows-Winlogon	7002	(1102)	User Logoff Notification for Customer Experience Improvement Program
Information	2014-08-30 오전 1:25:04	Microsoft-Windows-Winlogon	7001	(1101)	User Logon Notification for Customer Experience Improvement Program
Information	2014-08-30 오전 1:24:11	Microsoft-Windows-Kernel-General	12	None	The operating system started at system time ‎2014‎-‎08‎-‎29T16:24:10.626398500Z.
Information	2014-08-29 오후 11:50:03	Microsoft-Windows-Winlogon	7001	(1101)	User Logon Notification for Customer Experience Improvement Program
Information	2014-08-29 오후 8:56:34	Microsoft-Windows-Winlogon	7001	(1101)	User Logon Notification for Customer Experience Improvement Program
Information	2014-08-29 오후 8:56:24	Microsoft-Windows-Winlogon	7002	(1102)	User Logoff Notification for Customer Experience Improvement Program
Information	2014-08-29 오후 8:50:44	Microsoft-Windows-Winlogon	7001	(1101)	User Logon Notification for Customer Experience Improvement Program
Information	2014-08-29 오후 8:50:24	Microsoft-Windows-Winlogon	7002	(1102)	User Logoff Notification for Customer Experience Improvement Program
Information	2014-08-29 오후 8:49:52	Microsoft-Windows-Winlogon	7001	(1101)	User Logon Notification for Customer Experience Improvement Program
Information	2014-08-29 오후 8:49:47	Microsoft-Windows-Winlogon	7002	(1102)	User Logoff Notification for Customer Experience Improvement Program
Information	2014-08-29 오후 8:34:01	Microsoft-Windows-Winlogon	7001	(1101)	User Logon Notification for Customer Experience Improvement Program
Information	2014-08-29 오후 8:33:08	Microsoft-Windows-Kernel-General	12	None	The operating system started at system time ‎2014‎-‎08‎-‎29T11:33:07.626398500Z.
Information	2014-08-29 오후 8:30:01	Microsoft-Windows-Kernel-General	13	None	The operating system is shutting down at system time ‎2014‎-‎08‎-‎29T11:30:01.459550200Z.
Information	2014-08-29 오후 8:28:35	Microsoft-Windows-Kernel-General	12	None	The operating system started at system time ‎2014‎-‎08‎-‎29T11:28:34.626398500Z.
Information	2014-08-29 오후 8:12:02	Microsoft-Windows-Kernel-General	13	None	The operating system is shutting down at system time ‎2014‎-‎08‎-‎29T11:12:02.370483100Z.
Information	2014-08-29 오후 8:11:51	Microsoft-Windows-Winlogon	7002	(1102)	User Logoff Notification for Customer Experience Improvement Program
Information	2014-08-29 오후 8:09:57	Microsoft-Windows-Winlogon	7001	(1101)	User Logon Notification for Customer Experience Improvement Program
Information	2014-08-29 오후 8:09:20	Microsoft-Windows-Kernel-General	12	None	The operating system started at system time ‎2014‎-‎08‎-‎29T11:09:19.626398500Z.
Information	2014-08-29 오후 8:08:43	Microsoft-Windows-Kernel-General	13	None	The operating system is shutting down at system time ‎2014‎-‎08‎-‎29T11:08:43.275995300Z.
Information	2014-08-29 오후 8:08:34	Microsoft-Windows-Winlogon	7002	(1102)	User Logoff Notification for Customer Experience Improvement Program
Information	2014-08-29 오후 8:05:39	Microsoft-Windows-Winlogon	7001	(1101)	User Logon Notification for Customer Experience Improvement Program
Information	2014-08-29 오후 8:04:57	Microsoft-Windows-Kernel-General	12	None	The operating system started at system time ‎2014‎-‎08‎-‎29T11:04:56.626398500Z.
Information	2014-08-30 오전 3:50:37	Microsoft-Windows-Kernel-General	13	None	The operating system is shutting down at system time ‎2014‎-‎08‎-‎29T18:50:37.792929200Z.
Information	2014-08-30 오전 3:49:23	Microsoft-Windows-Kernel-General	12	None	The operating system started at system time ‎2014‎-‎08‎-‎29T18:49:22.626398500Z.
Information	2014-08-30 오전 2:32:26	Microsoft-Windows-Kernel-General	13	None	The operating system is shutting down at system time ‎2014‎-‎08‎-‎29T17:32:26.967141300Z.
Information	2014-08-30 오전 2:32:17	Microsoft-Windows-Winlogon	7002	(1102)	User Logoff Notification for Customer Experience Improvement Program
Information	2014-08-30 오전 2:26:09	Microsoft-Windows-Winlogon	7001	(1101)	User Logon Notification for Customer Experience Improvement Program
Information	2014-08-30 오전 2:25:24	Microsoft-Windows-Kernel-General	12	None	The operating system started at system time ‎2014‎-‎08‎-‎29T17:25:23.626398500Z.
Information	2014-08-30 오전 2:23:01	Microsoft-Windows-Kernel-General	13	None	The operating system is shutting down at system time ‎2014‎-‎08‎-‎29T17:23:01.272769300Z.
Information	2014-08-30 오전 2:22:46	Microsoft-Windows-Winlogon	7002	(1102)	User Logoff Notification for Customer Experience Improvement Program
Information	2014-08-30 오전 1:43:50	Microsoft-Windows-Winlogon	7001	(1101)	User Logon Notification for Customer Experience Improvement Program
Information	2014-08-30 오전 1:42:26	Microsoft-Windows-Kernel-General	12	None	The operating system started at system time ‎2014‎-‎08‎-‎29T16:42:25.626398500Z.
Information	2014-08-30 오전 1:30:41	Microsoft-Windows-Kernel-General	13	None	The operating system is shutting down at system time ‎2014‎-‎08‎-‎29T16:30:41.932734800Z.
Information	2014-08-30 오전 1:30:25	Microsoft-Windows-Winlogon	7002	(1102)	User Logoff Notification for Customer Experience Improvement Program
Information	2014-08-30 오전 1:26:04	Microsoft-Windows-Winlogon	7001	(1101)	User Logon Notification for Customer Experience Improvement Program
Information	2014-08-30 오전 1:24:40	Microsoft-Windows-Kernel-General	12	None	The operating system started at system time ‎2014‎-‎08‎-‎29T16:24:39.626398500Z.
Information	2014-08-30 오전 1:24:12	Microsoft-Windows-Kernel-General	13	None	The operating system is shutting down at system time ‎2014‎-‎08‎-‎29T16:24:12.465957600Z.
Information	2014-08-30 오전 1:24:03	Microsoft-Windows-Winlogon	7002	(1102)	User Logoff Notification for Customer Experience Improvement Program
Information	2014-08-30 오전 1:22:13	Microsoft-Windows-Winlogon	7001	(1101)	User Logon Notification for Customer Experience Improvement Program
Information	2014-08-30 오전 1:20:48	Microsoft-Windows-Kernel-General	12	None	The operating system started at system time ‎2014‎-‎08‎-‎29T16:20:47.626398500Z.
Information	2014-08-30 오전 1:18:51	Microsoft-Windows-Kernel-General	13	None	The operating system is shutting down at system time ‎2014‎-‎08‎-‎29T16:18:51.928412600Z.
Information	2014-08-30 오전 1:18:43	Microsoft-Windows-Winlogon	7002	(1102)	User Logoff Notification for Customer Experience Improvement Program
Information	2014-08-30 오전 1:16:21	Microsoft-Windows-Winlogon	7001	(1101)	User Logon Notification for Customer Experience Improvement Program
Information	2014-08-30 오전 1:14:56	Microsoft-Windows-Kernel-General	12	None	The operating system started at system time ‎2014‎-‎08‎-‎29T16:14:55.626398500Z.
Information	2014-08-30 오전 1:13:06	Microsoft-Windows-Kernel-General	13	None	The operating system is shutting down at system time ‎2014‎-‎08‎-‎29T16:13:06.137628000Z.
Information	2014-08-30 오전 1:12:56	Microsoft-Windows-Winlogon	7002	(1102)	User Logoff Notification for Customer Experience Improvement Program
Information	2014-08-30 오전 1:11:18	Microsoft-Windows-Winlogon	7001	(1101)	User Logon Notification for Customer Experience Improvement Program
Information	2014-08-30 오전 1:09:01	Microsoft-Windows-Kernel-General	12	None	The operating system started at system time ‎2014‎-‎08‎-‎29T16:09:00.626398500Z.
Information	2014-08-30 오전 12:29:14	Microsoft-Windows-Kernel-General	13	None	The operating system is shutting down at system time ‎2014‎-‎08‎-‎29T15:29:14.575569200Z.
Information	2014-08-30 오전 12:29:01	Microsoft-Windows-Winlogon	7002	(1102)	User Logoff Notification for Customer Experience Improvement Program
Information	2014-08-30 오전 12:11:19	Microsoft-Windows-Winlogon	7001	(1101)	User Logon Notification for Customer Experience Improvement Program
Information	2014-08-30 오전 12:10:33	Microsoft-Windows-Kernel-General	12	None	The operating system started at system time ‎2014‎-‎08‎-‎29T15:10:32.626398500Z.
Information	2014-08-29 오전 2:11:20	Microsoft-Windows-Kernel-General	13	None	The operating system is shutting down at system time ‎2014‎-‎08‎-‎28T17:11:20.822120500Z.
Information	2014-08-29 오전 2:10:11	Microsoft-Windows-Kernel-General	12	None	The operating system started at system time ‎2014‎-‎08‎-‎28T17:10:10.626398500Z.
Information	2014-08-29 오전 2:09:48	Microsoft-Windows-Kernel-General	13	None	The operating system is shutting down at system time ‎2014‎-‎08‎-‎28T17:09:48.789965900Z.
Information	2014-08-29 오전 2:09:40	Microsoft-Windows-Winlogon	7002	(1102)	User Logoff Notification for Customer Experience Improvement Program
Information	2014-08-29 오전 1:59:04	Microsoft-Windows-Winlogon	7001	(1101)	User Logon Notification for Customer Experience Improvement Program
Information	2014-08-29 오전 1:57:33	Microsoft-Windows-Kernel-General	12	None	The operating system started at system time ‎2014‎-‎08‎-‎28T16:57:32.626398500Z.
Information	2014-08-27 오전 6:19:57	Microsoft-Windows-Kernel-General	13	None	The operating system is shutting down at system time ‎2014‎-‎08‎-‎26T21:19:57.646734900Z.
Information	2014-08-27 오전 6:19:47	Microsoft-Windows-Winlogon	7002	(1102)	User Logoff Notification for Customer Experience Improvement Program
Information	2014-08-27 오전 5:27:48	Microsoft-Windows-Winlogon	7001	(1101)	User Logon Notification for Customer Experience Improvement Program
Information	2014-08-27 오전 5:27:43	Microsoft-Windows-Winlogon	7002	(1102)	User Logoff Notification for Customer Experience Improvement Program
Information	2014-08-27 오전 5:24:34	Microsoft-Windows-Winlogon	7001	(1101)	User Logon Notification for Customer Experience Improvement Program
Information	2014-08-27 오전 5:24:22	Microsoft-Windows-Winlogon	7002	(1102)	User Logoff Notification for Customer Experience Improvement Program
Information	2014-08-27 오전 4:53:05	Microsoft-Windows-Winlogon	7001	(1101)	User Logon Notification for Customer Experience Improvement Program
Information	2014-08-27 오전 4:52:03	Microsoft-Windows-Kernel-General	12	None	The operating system started at system time ‎2014‎-‎08‎-‎26T19:52:02.626398500Z.
Information	2014-08-27 오전 4:49:30	Microsoft-Windows-Kernel-General	13	None	The operating system is shutting down at system time ‎2014‎-‎08‎-‎26T19:49:30.926853700Z.
Information	2014-08-27 오전 4:49:13	Microsoft-Windows-Winlogon	7002	(1102)	User Logoff Notification for Customer Experience Improvement Program
Information	2014-08-27 오전 1:55:41	Microsoft-Windows-Winlogon	7001	(1101)	User Logon Notification for Customer Experience Improvement Program
Information	2014-08-27 오전 1:52:32	Microsoft-Windows-Kernel-General	12	None	The operating system started at system time ‎2014‎-‎08‎-‎26T16:52:31.626398500Z.
Information	2014-08-27 오전 1:52:07	Microsoft-Windows-Kernel-General	13	None	The operating system is shutting down at system time ‎2014‎-‎08‎-‎26T16:52:07.199614300Z.
Information	2014-08-27 오전 1:51:45	Microsoft-Windows-Winlogon	7002	(1102)	User Logoff Notification for Customer Experience Improvement Program
Information	2014-08-26 오후 9:47:20	Microsoft-Windows-Winlogon	7001	(1101)	User Logon Notification for Customer Experience Improvement Program
Information	2014-08-24 오전 5:05:54	Microsoft-Windows-Kernel-General	12	None	The operating system started at system time ‎2014‎-‎08‎-‎23T20:05:53.626398500Z.
Information	2014-08-24 오전 5:05:29	Microsoft-Windows-Kernel-General	13	None	The operating system is shutting down at system time ‎2014‎-‎08‎-‎23T20:05:29.999674400Z.
Information	2014-08-23 오전 5:59:22	Microsoft-Windows-Kernel-General	12	None	The operating system started at system time ‎2014‎-‎08‎-‎22T20:59:21.626398500Z.
Information	2014-08-23 오전 5:58:58	Microsoft-Windows-Kernel-General	13	None	The operating system is shutting down at system time ‎2014‎-‎08‎-‎22T20:58:58.810724400Z.
Information	2014-08-23 오전 5:56:12	Microsoft-Windows-Winlogon	7002	(1102)	User Logoff Notification for Customer Experience Improvement Program
Information	2014-08-22 오후 5:21:24	Microsoft-Windows-Winlogon	7001	(1101)	User Logon Notification for Customer Experience Improvement Program
Information	2014-08-22 오후 5:20:13	Microsoft-Windows-Kernel-General	12	None	The operating system started at system time ‎2014‎-‎08‎-‎22T08:20:12.610798500Z.
Information	2014-08-22 오후 5:19:49	Microsoft-Windows-Kernel-General	13	None	The operating system is shutting down at system time ‎2014‎-‎08‎-‎22T08:19:49.659052100Z.
Information	2014-08-22 오후 5:19:41	Microsoft-Windows-Winlogon	7002	(1102)	User Logoff Notification for Customer Experience Improvement Program
Information	2014-08-22 오후 3:54:59	Microsoft-Windows-Winlogon	7001	(1101)	User Logon Notification for Customer Experience Improvement Program
Information	2014-08-22 오후 3:54:11	Microsoft-Windows-Kernel-General	12	None	The operating system started at system time ‎2014‎-‎08‎-‎22T06:54:10.610798500Z.
