Level	Date and Time	Source	Event ID	Task Category
Information	2014-11-21 오후 4:18:45	Microsoft-Windows-Winlogon	7001	(1101)	User Logon Notification for Customer Experience Improvement Program
Information	2014-11-21 오후 4:13:19	Microsoft-Windows-Kernel-General	12	None	The operating system started at system time ‎2014‎-‎11‎-‎21T07:13:18.610798500Z.
Information	2014-11-19 오후 2:23:24	Microsoft-Windows-Kernel-General	13	None	The operating system is shutting down at system time ‎2014‎-‎11‎-‎19T05:23:24.080221400Z.
Information	2014-11-19 오후 2:22:42	Microsoft-Windows-Winlogon	7002	(1102)	User Logoff Notification for Customer Experience Improvement Program
Information	2014-11-19 오후 2:08:15	Microsoft-Windows-Winlogon	7001	(1101)	User Logon Notification for Customer Experience Improvement Program
Information	2014-11-19 오후 2:06:21	Microsoft-Windows-Kernel-General	12	None	The operating system started at system time ‎2014‎-‎11‎-‎19T05:06:20.626398500Z.
Information	2014-11-18 오후 3:28:21	Microsoft-Windows-Kernel-General	13	None	The operating system is shutting down at system time ‎2014‎-‎11‎-‎18T06:28:21.631812900Z.
Information	2014-11-18 오후 3:28:12	Microsoft-Windows-Winlogon	7002	(1102)	User Logoff Notification for Customer Experience Improvement Program
Information	2014-11-18 오후 2:53:52	Microsoft-Windows-Winlogon	7001	(1101)	User Logon Notification for Customer Experience Improvement Program
Information	2014-11-14 오전 5:14:54	Microsoft-Windows-Kernel-General	12	None	The operating system started at system time ‎2014‎-‎11‎-‎13T20:14:53.610798500Z.
Information	2014-11-14 오전 5:14:18	Microsoft-Windows-Kernel-General	13	None	The operating system is shutting down at system time ‎2014‎-‎11‎-‎13T20:14:18.558223200Z.
Information	2014-11-13 오후 6:13:13	Microsoft-Windows-Winlogon	7002	(1102)	User Logoff Notification for Customer Experience Improvement Program
Information	2014-11-13 오후 4:59:02	Microsoft-Windows-Winlogon	7001	(1101)	User Logon Notification for Customer Experience Improvement Program
Information	2014-11-13 오후 4:58:20	Microsoft-Windows-Kernel-General	12	None	The operating system started at system time ‎2014‎-‎11‎-‎13T07:58:19.626398500Z.
Information	2014-11-12 오후 3:52:38	Microsoft-Windows-Kernel-General	13	None	The operating system is shutting down at system time ‎2014‎-‎11‎-‎12T06:52:38.192015400Z.
Information	2014-11-12 오후 3:52:25	Microsoft-Windows-Winlogon	7002	(1102)	User Logoff Notification for Customer Experience Improvement Program
Information	2014-11-12 오전 5:10:17	Microsoft-Windows-Winlogon	7001	(1101)	User Logon Notification for Customer Experience Improvement Program
Information	2014-11-12 오전 5:08:21	Microsoft-Windows-Kernel-General	12	None	The operating system started at system time ‎2014‎-‎11‎-‎11T20:08:20.626398500Z.
Information	2014-11-11 오후 2:15:19	Microsoft-Windows-Kernel-General	13	None	The operating system is shutting down at system time ‎2014‎-‎11‎-‎11T05:15:19.860990500Z.
Information	2014-11-11 오후 2:13:30	Microsoft-Windows-Kernel-General	12	None	The operating system started at system time ‎2014‎-‎11‎-‎11T05:13:29.626398500Z.
Information	2014-11-11 오후 2:06:48	Microsoft-Windows-Kernel-General	13	None	The operating system is shutting down at system time ‎2014‎-‎11‎-‎11T05:06:48.654411300Z.
Information	2014-11-11 오후 12:38:20	Microsoft-Windows-Kernel-General	12	None	The operating system started at system time ‎2014‎-‎11‎-‎11T03:38:19.610798500Z.
Information	2014-11-11 오후 12:35:10	Microsoft-Windows-Kernel-General	13	None	The operating system is shutting down at system time ‎2014‎-‎11‎-‎11T03:35:10.086934900Z.
Information	2014-11-10 오후 3:01:35	Microsoft-Windows-Winlogon	7002	(1102)	User Logoff Notification for Customer Experience Improvement Program
Information	2014-11-10 오후 2:11:09	Microsoft-Windows-Winlogon	7001	(1101)	User Logon Notification for Customer Experience Improvement Program
Information	2014-11-10 오후 2:10:13	Microsoft-Windows-Kernel-General	12	None	The operating system started at system time ‎2014‎-‎11‎-‎10T05:10:12.610798500Z.
Information	2014-11-06 오후 5:29:22	Microsoft-Windows-Winlogon	7002	(1102)	User Logoff Notification for Customer Experience Improvement Program
Information	2014-11-06 오후 4:50:30	Microsoft-Windows-Winlogon	7001	(1101)	User Logon Notification for Customer Experience Improvement Program
Information	2014-11-06 오후 4:48:42	Microsoft-Windows-Kernel-General	12	None	The operating system started at system time ‎2014‎-‎11‎-‎06T07:48:41.626398500Z.
Information	2014-11-05 오후 3:49:55	Microsoft-Windows-Kernel-General	13	None	The operating system is shutting down at system time ‎2014‎-‎11‎-‎05T06:49:55.660621000Z.
Information	2014-11-05 오후 3:49:40	Microsoft-Windows-Winlogon	7002	(1102)	User Logoff Notification for Customer Experience Improvement Program
Information	2014-11-05 오후 2:04:49	Microsoft-Windows-Winlogon	7001	(1101)	User Logon Notification for Customer Experience Improvement Program
Information	2014-11-04 오전 9:30:39	Microsoft-Windows-Kernel-General	12	None	The operating system started at system time ‎2014‎-‎11‎-‎04T00:30:38.626398500Z.
Information	2014-11-03 오후 3:04:53	Microsoft-Windows-Kernel-General	13	None	The operating system is shutting down at system time ‎2014‎-‎11‎-‎03T06:04:53.870814700Z.
Information	2014-10-31 오후 7:32:26	Microsoft-Windows-Winlogon	7002	(1102)	User Logoff Notification for Customer Experience Improvement Program
Information	2014-10-31 오후 5:07:53	Microsoft-Windows-Winlogon	7001	(1101)	User Logon Notification for Customer Experience Improvement Program
Information	2014-10-30 오후 5:31:59	Microsoft-Windows-Winlogon	7002	(1102)	User Logoff Notification for Customer Experience Improvement Program
Information	2014-10-30 오후 5:07:19	Microsoft-Windows-Winlogon	7001	(1101)	User Logon Notification for Customer Experience Improvement Program
Information	2014-10-30 오후 5:05:18	Microsoft-Windows-Kernel-General	12	None	The operating system started at system time ‎2014‎-‎10‎-‎30T08:05:17.610798500Z.
Information	2014-10-30 오전 4:31:41	Microsoft-Windows-Kernel-General	13	None	The operating system is shutting down at system time ‎2014‎-‎10‎-‎29T19:31:41.438414500Z.
Information	2014-10-30 오전 4:31:30	Microsoft-Windows-Winlogon	7002	(1102)	User Logoff Notification for Customer Experience Improvement Program
Information	2014-10-30 오전 1:57:39	Microsoft-Windows-Winlogon	7001	(1101)	User Logon Notification for Customer Experience Improvement Program
Information	2014-10-30 오전 1:53:16	Microsoft-Windows-Kernel-General	12	None	The operating system started at system time ‎2014‎-‎10‎-‎29T16:53:15.626398500Z.
Information	2014-10-29 오후 3:48:09	Microsoft-Windows-Kernel-General	13	None	The operating system is shutting down at system time ‎2014‎-‎10‎-‎29T06:48:09.621613300Z.
Information	2014-10-29 오후 3:47:57	Microsoft-Windows-Winlogon	7002	(1102)	User Logoff Notification for Customer Experience Improvement Program
Information	2014-10-29 오후 1:57:42	Microsoft-Windows-Winlogon	7001	(1101)	User Logon Notification for Customer Experience Improvement Program
Information	2014-10-29 오후 1:56:40	Microsoft-Windows-Kernel-General	12	None	The operating system started at system time ‎2014‎-‎10‎-‎29T04:56:39.610798500Z.
Information	2014-10-29 오후 1:55:55	Microsoft-Windows-Kernel-General	13	None	The operating system is shutting down at system time ‎2014‎-‎10‎-‎29T04:55:55.618417200Z.
Information	2014-10-29 오후 1:55:44	Microsoft-Windows-Winlogon	7002	(1102)	User Logoff Notification for Customer Experience Improvement Program
Information	2014-10-23 오후 4:30:13	Microsoft-Windows-Winlogon	7001	(1101)	User Logon Notification for Customer Experience Improvement Program
Information	2014-10-23 오후 4:29:24	Microsoft-Windows-Kernel-General	12	None	The operating system started at system time ‎2014‎-‎10‎-‎23T07:29:23.610798400Z.
Information	2014-10-23 오후 4:00:36	Microsoft-Windows-Kernel-General	13	None	The operating system is shutting down at system time ‎2014‎-‎10‎-‎23T07:00:36.551583300Z.
Information	2014-10-23 오후 4:00:07	Microsoft-Windows-Winlogon	7002	(1102)	User Logoff Notification for Customer Experience Improvement Program
Information	2014-10-23 오후 3:56:29	Microsoft-Windows-Winlogon	7001	(1101)	User Logon Notification for Customer Experience Improvement Program
Information	2014-10-23 오후 3:54:50	Microsoft-Windows-Kernel-General	12	None	The operating system started at system time ‎2014‎-‎10‎-‎23T06:54:49.626398500Z.
Information	2014-10-22 오후 5:30:22	Microsoft-Windows-Kernel-General	13	None	The operating system is shutting down at system time ‎2014‎-‎10‎-‎22T08:30:22.592015700Z.
Information	2014-10-22 오후 5:30:09	Microsoft-Windows-Winlogon	7002	(1102)	User Logoff Notification for Customer Experience Improvement Program
Information	2014-10-22 오후 3:58:31	Microsoft-Windows-Winlogon	7001	(1101)	User Logon Notification for Customer Experience Improvement Program
Information	2014-10-22 오후 3:49:07	Microsoft-Windows-Winlogon	7002	(1102)	User Logoff Notification for Customer Experience Improvement Program
Information	2014-10-22 오후 2:08:26	Microsoft-Windows-Winlogon	7001	(1101)	User Logon Notification for Customer Experience Improvement Program
Information	2014-10-22 오후 2:04:15	Microsoft-Windows-Kernel-General	12	None	The operating system started at system time ‎2014‎-‎10‎-‎22T05:04:14.626398500Z.
Information	2014-10-21 오후 7:09:54	Microsoft-Windows-Kernel-General	13	None	The operating system is shutting down at system time ‎2014‎-‎10‎-‎21T10:09:54.194214000Z.
Information	2014-10-21 오후 7:09:43	Microsoft-Windows-Winlogon	7002	(1102)	User Logoff Notification for Customer Experience Improvement Program
Information	2014-10-21 오후 6:26:34	Microsoft-Windows-Winlogon	7001	(1101)	User Logon Notification for Customer Experience Improvement Program
Information	2014-10-21 오후 1:57:59	Microsoft-Windows-Winlogon	7002	(1102)	User Logoff Notification for Customer Experience Improvement Program
Information	2014-10-21 오후 12:31:33	Microsoft-Windows-Winlogon	7001	(1101)	User Logon Notification for Customer Experience Improvement Program
Information	2014-10-20 오후 9:44:24	Microsoft-Windows-Winlogon	7002	(1102)	User Logoff Notification for Customer Experience Improvement Program
Information	2014-10-20 오후 5:14:30	Microsoft-Windows-Winlogon	7001	(1101)	User Logon Notification for Customer Experience Improvement Program
Information	2014-10-20 오후 2:01:41	Microsoft-Windows-Winlogon	7002	(1102)	User Logoff Notification for Customer Experience Improvement Program
Information	2014-10-20 오전 11:05:43	Microsoft-Windows-Winlogon	7001	(1101)	User Logon Notification for Customer Experience Improvement Program
Information	2014-10-20 오전 10:59:01	Microsoft-Windows-Kernel-General	12	None	The operating system started at system time ‎2014‎-‎10‎-‎20T01:59:00.610798500Z.
Information	2014-10-20 오전 10:58:25	Microsoft-Windows-Kernel-General	13	None	The operating system is shutting down at system time ‎2014‎-‎10‎-‎20T01:58:25.814118300Z.
Information	2014-10-20 오전 10:57:18	Microsoft-Windows-Kernel-General	12	None	The operating system started at system time ‎2014‎-‎10‎-‎20T01:57:17.626398500Z.
Information	2014-10-16 오후 7:01:43	Microsoft-Windows-Kernel-General	13	None	The operating system is shutting down at system time ‎2014‎-‎10‎-‎16T10:01:43.880814200Z.
Information	2014-10-16 오후 6:45:23	Microsoft-Windows-Winlogon	7002	(1102)	User Logoff Notification for Customer Experience Improvement Program
Information	2014-10-16 오후 5:05:39	Microsoft-Windows-Winlogon	7001	(1101)	User Logon Notification for Customer Experience Improvement Program
Information	2014-10-16 오후 5:04:33	Microsoft-Windows-Kernel-General	12	None	The operating system started at system time ‎2014‎-‎10‎-‎16T08:04:32.610798500Z.
Information	2014-10-16 오후 12:52:40	Microsoft-Windows-Kernel-General	13	None	The operating system is shutting down at system time ‎2014‎-‎10‎-‎16T03:52:40.696817300Z.
Information	2014-10-16 오후 12:52:23	Microsoft-Windows-Winlogon	7002	(1102)	User Logoff Notification for Customer Experience Improvement Program
Information	2014-10-16 오후 12:19:05	Microsoft-Windows-Winlogon	7001	(1101)	User Logon Notification for Customer Experience Improvement Program
Information	2014-10-16 오후 12:18:20	Microsoft-Windows-Kernel-General	12	None	The operating system started at system time ‎2014‎-‎10‎-‎16T03:18:19.610798500Z.
Information	2014-10-16 오전 9:27:54	Microsoft-Windows-Kernel-General	13	None	The operating system is shutting down at system time ‎2014‎-‎10‎-‎16T00:27:54.120591300Z.
Information	2014-10-16 오전 9:27:41	Microsoft-Windows-Winlogon	7002	(1102)	User Logoff Notification for Customer Experience Improvement Program
Information	2014-10-16 오전 9:17:09	Microsoft-Windows-Winlogon	7001	(1101)	User Logon Notification for Customer Experience Improvement Program
Information	2014-10-16 오전 9:16:24	Microsoft-Windows-Kernel-General	12	None	The operating system started at system time ‎2014‎-‎10‎-‎16T00:16:23.626398500Z.
Information	2014-10-08 오후 3:48:45	Microsoft-Windows-Kernel-General	13	None	The operating system is shutting down at system time ‎2014‎-‎10‎-‎08T06:48:45.058614500Z.
Information	2014-10-08 오후 3:48:34	Microsoft-Windows-Winlogon	7002	(1102)	User Logoff Notification for Customer Experience Improvement Program
Information	2014-10-08 오후 2:17:13	Microsoft-Windows-Winlogon	7001	(1101)	User Logon Notification for Customer Experience Improvement Program
Information	2014-10-02 오후 6:16:12	Microsoft-Windows-Winlogon	7002	(1102)	User Logoff Notification for Customer Experience Improvement Program
Information	2014-10-02 오후 4:06:31	Microsoft-Windows-Winlogon	7001	(1101)	User Logon Notification for Customer Experience Improvement Program
Information	2014-10-02 오후 4:05:17	Microsoft-Windows-Kernel-General	12	None	The operating system started at system time ‎2014‎-‎10‎-‎02T07:05:16.610798400Z.
Information	2014-10-01 오후 5:15:47	Microsoft-Windows-Kernel-General	13	None	The operating system is shutting down at system time ‎2014‎-‎10‎-‎01T08:15:47.796013700Z.
Information	2014-10-01 오후 5:15:35	Microsoft-Windows-Winlogon	7002	(1102)	User Logoff Notification for Customer Experience Improvement Program
Information	2014-10-01 오후 4:25:15	Microsoft-Windows-Winlogon	7001	(1101)	User Logon Notification for Customer Experience Improvement Program
Information	2014-10-01 오후 4:24:29	Microsoft-Windows-Kernel-General	12	None	The operating system started at system time ‎2014‎-‎10‎-‎01T07:24:28.610798500Z.
Information	2014-10-01 오후 4:05:25	Microsoft-Windows-Kernel-General	13	None	The operating system is shutting down at system time ‎2014‎-‎10‎-‎01T07:05:25.242610700Z.
Information	2014-10-01 오후 4:05:15	Microsoft-Windows-Winlogon	7002	(1102)	User Logoff Notification for Customer Experience Improvement Program
Information	2014-10-01 오후 2:15:31	Microsoft-Windows-Winlogon	7001	(1101)	User Logon Notification for Customer Experience Improvement Program
Information	2014-10-01 오후 2:14:00	Microsoft-Windows-Kernel-General	12	None	The operating system started at system time ‎2014‎-‎10‎-‎01T05:13:59.610798400Z.
Information	2014-10-01 오후 2:13:00	Microsoft-Windows-Kernel-General	13	None	The operating system is shutting down at system time ‎2014‎-‎10‎-‎01T05:13:00.120111800Z.
Information	2014-10-01 오후 2:11:25	Microsoft-Windows-Winlogon	7002	(1102)	User Logoff Notification for Customer Experience Improvement Program
Information	2014-10-01 오후 2:06:25	Microsoft-Windows-Winlogon	7001	(1101)	User Logon Notification for Customer Experience Improvement Program
Information	2014-10-01 오후 2:04:55	Microsoft-Windows-Kernel-General	12	None	The operating system started at system time ‎2014‎-‎10‎-‎01T05:04:54.626398500Z.
Information	2014-10-01 오전 10:39:42	Microsoft-Windows-Kernel-General	13	None	The operating system is shutting down at system time ‎2014‎-‎10‎-‎01T01:39:42.735214700Z.
Information	2014-10-01 오전 10:39:22	Microsoft-Windows-Winlogon	7002	(1102)	User Logoff Notification for Customer Experience Improvement Program
Information	2014-10-01 오전 10:26:36	Microsoft-Windows-Winlogon	7001	(1101)	User Logon Notification for Customer Experience Improvement Program
Information	2014-10-01 오전 10:19:56	Microsoft-Windows-Kernel-General	12	None	The operating system started at system time ‎2014‎-‎10‎-‎01T01:19:55.626398500Z.
Information	2014-09-29 오후 5:17:33	Microsoft-Windows-Kernel-General	13	None	The operating system is shutting down at system time ‎2014‎-‎09‎-‎29T08:17:33.524634500Z.
Information	2014-09-29 오후 5:17:08	Microsoft-Windows-Winlogon	7002	(1102)	User Logoff Notification for Customer Experience Improvement Program
Information	2014-09-29 오후 4:50:53	Microsoft-Windows-Winlogon	7001	(1101)	User Logon Notification for Customer Experience Improvement Program
Information	2014-09-29 오후 1:52:10	Microsoft-Windows-Winlogon	7002	(1102)	User Logoff Notification for Customer Experience Improvement Program
Information	2014-09-29 오후 1:16:35	Microsoft-Windows-Winlogon	7001	(1101)	User Logon Notification for Customer Experience Improvement Program
Information	2014-09-25 오후 5:44:39	Microsoft-Windows-Winlogon	7002	(1102)	User Logoff Notification for Customer Experience Improvement Program
Information	2014-09-25 오후 4:55:22	Microsoft-Windows-Winlogon	7001	(1101)	User Logon Notification for Customer Experience Improvement Program
Information	2014-09-25 오후 1:52:30	Microsoft-Windows-Winlogon	7002	(1102)	User Logoff Notification for Customer Experience Improvement Program
Information	2014-09-25 오후 12:14:33	Microsoft-Windows-Winlogon	7001	(1101)	User Logon Notification for Customer Experience Improvement Program
Information	2014-09-25 오후 12:13:54	Microsoft-Windows-Kernel-General	12	None	The operating system started at system time ‎2014‎-‎09‎-‎25T03:13:53.610798500Z.
Information	2014-09-24 오후 3:57:15	Microsoft-Windows-Kernel-General	13	None	The operating system is shutting down at system time ‎2014‎-‎09‎-‎24T06:57:15.358212600Z.
Information	2014-09-24 오후 3:57:04	Microsoft-Windows-Winlogon	7002	(1102)	User Logoff Notification for Customer Experience Improvement Program
Information	2014-09-24 오후 2:14:28	Microsoft-Windows-Winlogon	7001	(1101)	User Logon Notification for Customer Experience Improvement Program
Information	2014-09-24 오후 2:13:33	Microsoft-Windows-Kernel-General	12	None	The operating system started at system time ‎2014‎-‎09‎-‎24T05:13:32.610798500Z.
Information	2014-09-24 오후 2:13:02	Microsoft-Windows-Kernel-General	13	None	The operating system is shutting down at system time ‎2014‎-‎09‎-‎24T05:13:02.693804600Z.
Information	2014-09-24 오후 2:12:50	Microsoft-Windows-Winlogon	7002	(1102)	User Logoff Notification for Customer Experience Improvement Program
Information	2014-09-24 오후 2:07:25	Microsoft-Windows-Winlogon	7001	(1101)	User Logon Notification for Customer Experience Improvement Program
Information	2014-09-24 오후 2:04:30	Microsoft-Windows-Kernel-General	12	None	The operating system started at system time ‎2014‎-‎09‎-‎24T05:04:29.610798500Z.
Information	2014-09-22 오후 6:21:39	Microsoft-Windows-Kernel-General	13	None	The operating system is shutting down at system time ‎2014‎-‎09‎-‎22T09:21:39.897812500Z.
Information	2014-09-22 오후 6:21:28	Microsoft-Windows-Winlogon	7002	(1102)	User Logoff Notification for Customer Experience Improvement Program
Information	2014-09-22 오후 4:06:29	Microsoft-Windows-Winlogon	7001	(1101)	User Logon Notification for Customer Experience Improvement Program
Information	2014-09-22 오후 4:03:53	Microsoft-Windows-Kernel-General	12	None	The operating system started at system time ‎2014‎-‎09‎-‎22T07:03:52.610798500Z.
Information	2014-09-18 오후 10:13:15	Microsoft-Windows-Kernel-General	13	None	The operating system is shutting down at system time ‎2014‎-‎09‎-‎18T13:13:15.381610100Z.
Information	2014-09-18 오후 10:12:29	Microsoft-Windows-Winlogon	7002	(1102)	User Logoff Notification for Customer Experience Improvement Program
Information	2014-09-18 오후 8:37:15	Microsoft-Windows-Winlogon	7001	(1101)	User Logon Notification for Customer Experience Improvement Program
Information	2014-09-18 오후 8:24:55	Microsoft-Windows-Kernel-General	12	None	The operating system started at system time ‎2014‎-‎09‎-‎18T11:24:54.610798500Z.
Information	2014-09-18 오후 5:42:13	Microsoft-Windows-Kernel-General	13	None	The operating system is shutting down at system time ‎2014‎-‎09‎-‎18T08:42:13.410010400Z.
Information	2014-09-18 오후 5:42:03	Microsoft-Windows-Winlogon	7002	(1102)	User Logoff Notification for Customer Experience Improvement Program
Information	2014-09-18 오후 5:06:23	Microsoft-Windows-Winlogon	7001	(1101)	User Logon Notification for Customer Experience Improvement Program
Information	2014-09-18 오후 5:05:36	Microsoft-Windows-Kernel-General	12	None	The operating system started at system time ‎2014‎-‎09‎-‎18T08:05:35.610798500Z.
Information	2014-09-18 오후 12:15:16	Microsoft-Windows-Kernel-General	13	None	The operating system is shutting down at system time ‎2014‎-‎09‎-‎18T03:15:16.131212500Z.
Information	2014-09-18 오후 12:15:06	Microsoft-Windows-Winlogon	7002	(1102)	User Logoff Notification for Customer Experience Improvement Program
Information	2014-09-18 오전 9:57:35	Microsoft-Windows-Winlogon	7001	(1101)	User Logon Notification for Customer Experience Improvement Program
Information	2014-09-17 오후 5:17:44	Microsoft-Windows-Winlogon	7002	(1102)	User Logoff Notification for Customer Experience Improvement Program
Information	2014-09-17 오후 3:40:47	Microsoft-Windows-Winlogon	7001	(1101)	User Logon Notification for Customer Experience Improvement Program
Information	2014-09-17 오후 3:31:50	Microsoft-Windows-Winlogon	7002	(1102)	User Logoff Notification for Customer Experience Improvement Program
Information	2014-09-17 오후 2:11:44	Microsoft-Windows-Winlogon	7001	(1101)	User Logon Notification for Customer Experience Improvement Program
Information	2014-09-17 오후 2:07:56	Microsoft-Windows-Kernel-General	12	None	The operating system started at system time ‎2014‎-‎09‎-‎17T05:07:55.610798500Z.
Information	2014-09-16 오전 9:12:25	Microsoft-Windows-Kernel-General	13	None	The operating system is shutting down at system time ‎2014‎-‎09‎-‎16T00:12:25.405411800Z.
Information	2014-09-16 오전 9:12:04	Microsoft-Windows-Winlogon	7002	(1102)	User Logoff Notification for Customer Experience Improvement Program
Information	2014-09-11 오후 5:03:47	Microsoft-Windows-Winlogon	7001	(1101)	User Logon Notification for Customer Experience Improvement Program
Information	2014-09-11 오전 5:12:21	Microsoft-Windows-Kernel-General	12	None	The operating system started at system time ‎2014‎-‎09‎-‎10T20:12:20.610798500Z.
Information	2014-09-11 오전 5:11:45	Microsoft-Windows-Kernel-General	13	None	The operating system is shutting down at system time ‎2014‎-‎09‎-‎10T20:11:45.754617300Z.
Information	2014-09-04 오후 7:20:10	Microsoft-Windows-Kernel-General	12	None	The operating system started at system time ‎2014‎-‎09‎-‎04T10:20:09.610798500Z.
Information	2014-09-04 오후 4:41:49	Microsoft-Windows-Kernel-General	13	None	The operating system is shutting down at system time ‎2014‎-‎09‎-‎04T07:41:49.956812800Z.
Information	2014-09-04 오후 3:57:04	Microsoft-Windows-Kernel-General	12	None	The operating system started at system time ‎2014‎-‎09‎-‎04T06:57:03.610798500Z.
Information	2014-09-03 오후 4:30:34	Microsoft-Windows-Kernel-General	13	None	The operating system is shutting down at system time ‎2014‎-‎09‎-‎03T07:30:34.813613300Z.
Information	2014-09-03 오후 4:30:23	Microsoft-Windows-Winlogon	7002	(1102)	User Logoff Notification for Customer Experience Improvement Program
Information	2014-09-03 오후 3:48:52	Microsoft-Windows-Winlogon	7001	(1101)	User Logon Notification for Customer Experience Improvement Program
Information	2014-09-03 오후 3:46:29	Microsoft-Windows-Kernel-General	12	None	The operating system started at system time ‎2014‎-‎09‎-‎03T06:46:28.610798500Z.
Information	2014-09-03 오후 3:45:56	Microsoft-Windows-Kernel-General	13	None	The operating system is shutting down at system time ‎2014‎-‎09‎-‎03T06:45:56.600634900Z.
Information	2014-09-03 오후 3:45:46	Microsoft-Windows-Winlogon	7002	(1102)	User Logoff Notification for Customer Experience Improvement Program
Information	2014-09-03 오후 3:30:18	Microsoft-Windows-Winlogon	7001	(1101)	User Logon Notification for Customer Experience Improvement Program
Information	2014-09-03 오후 3:29:17	Microsoft-Windows-Kernel-General	12	None	The operating system started at system time ‎2014‎-‎09‎-‎03T06:29:16.610798500Z.
Information	2014-09-02 오후 6:28:26	Microsoft-Windows-Kernel-General	13	None	The operating system is shutting down at system time ‎2014‎-‎09‎-‎02T09:28:26.448895300Z.
Information	2014-09-02 오후 6:27:31	Microsoft-Windows-Kernel-General	12	None	The operating system started at system time ‎2014‎-‎09‎-‎02T09:27:30.610798500Z.
Information	2014-09-02 오후 6:26:54	Microsoft-Windows-Kernel-General	13	None	The operating system is shutting down at system time ‎2014‎-‎09‎-‎02T09:26:54.205811900Z.
Information	2014-09-02 오후 6:26:43	Microsoft-Windows-Winlogon	7002	(1102)	User Logoff Notification for Customer Experience Improvement Program
Information	2014-09-02 오후 6:23:32	Microsoft-Windows-Winlogon	7001	(1101)	User Logon Notification for Customer Experience Improvement Program
Information	2014-09-02 오후 6:22:41	Microsoft-Windows-Kernel-General	12	None	The operating system started at system time ‎2014‎-‎09‎-‎02T09:22:40.610798500Z.
Information	2014-09-02 오후 6:22:13	Microsoft-Windows-Kernel-General	13	None	The operating system is shutting down at system time ‎2014‎-‎09‎-‎02T09:22:13.470591300Z.
Information	2014-09-02 오후 6:22:02	Microsoft-Windows-Winlogon	7002	(1102)	User Logoff Notification for Customer Experience Improvement Program
Information	2014-09-02 오후 6:19:49	Microsoft-Windows-Winlogon	7001	(1101)	User Logon Notification for Customer Experience Improvement Program
Information	2014-09-02 오후 6:16:36	Microsoft-Windows-Kernel-General	12	None	The operating system started at system time ‎2014‎-‎09‎-‎02T09:16:35.610798500Z.
Information	2014-09-02 오후 6:16:00	Microsoft-Windows-Kernel-General	13	None	The operating system is shutting down at system time ‎2014‎-‎09‎-‎02T09:16:00.763191700Z.
Information	2014-09-02 오후 6:15:50	Microsoft-Windows-Winlogon	7002	(1102)	User Logoff Notification for Customer Experience Improvement Program
Information	2014-09-02 오후 6:12:59	Microsoft-Windows-Winlogon	7001	(1101)	User Logon Notification for Customer Experience Improvement Program
Information	2014-09-01 오후 6:40:18	Microsoft-Windows-Kernel-General	12	None	The operating system started at system time ‎2014‎-‎09‎-‎01T09:40:17.610798500Z.
Information	2014-08-30 오후 4:38:40	Microsoft-Windows-Kernel-General	13	None	The operating system is shutting down at system time ‎2014‎-‎08‎-‎30T07:38:40.299213400Z.
Information	2014-08-30 오후 4:38:31	Microsoft-Windows-Winlogon	7002	(1102)	User Logoff Notification for Customer Experience Improvement Program
Information	2014-08-30 오후 4:32:29	Microsoft-Windows-Winlogon	7001	(1101)	User Logon Notification for Customer Experience Improvement Program
Information	2014-08-30 오후 4:31:18	Microsoft-Windows-Kernel-General	12	None	The operating system started at system time ‎2014‎-‎08‎-‎30T07:31:17.610798500Z.
Information	2014-08-30 오후 2:55:57	Microsoft-Windows-Winlogon	7001	(1101)	User Logon Notification for Customer Experience Improvement Program
Information	2014-08-30 오후 2:55:44	Microsoft-Windows-Winlogon	7002	(1102)	User Logoff Notification for Customer Experience Improvement Program
Information	2014-08-30 오후 2:44:32	Microsoft-Windows-Winlogon	7001	(1101)	User Logon Notification for Customer Experience Improvement Program
Information	2014-08-30 오후 2:44:06	Microsoft-Windows-Winlogon	7002	(1102)	User Logoff Notification for Customer Experience Improvement Program
Information	2014-08-30 오후 2:38:25	Microsoft-Windows-Winlogon	7001	(1101)	User Logon Notification for Customer Experience Improvement Program
Information	2014-08-30 오후 2:38:08	Microsoft-Windows-Winlogon	7002	(1102)	User Logoff Notification for Customer Experience Improvement Program
Information	2014-08-30 오후 2:36:43	Microsoft-Windows-Winlogon	7001	(1101)	User Logon Notification for Customer Experience Improvement Program
Information	2014-08-30 오후 2:36:03	Microsoft-Windows-Kernel-General	12	None	The operating system started at system time ‎2014‎-‎08‎-‎30T05:36:02.610798500Z.
Information	2014-08-30 오후 2:35:35	Microsoft-Windows-Kernel-General	13	None	The operating system is shutting down at system time ‎2014‎-‎08‎-‎30T05:35:35.647813800Z.
Information	2014-08-30 오후 2:35:26	Microsoft-Windows-Winlogon	7002	(1102)	User Logoff Notification for Customer Experience Improvement Program
Information	2014-08-30 오후 2:31:33	Microsoft-Windows-Winlogon	7001	(1101)	User Logon Notification for Customer Experience Improvement Program
Information	2014-08-30 오후 2:30:21	Microsoft-Windows-Kernel-General	12	None	The operating system started at system time ‎2014‎-‎08‎-‎30T05:30:20.610798500Z.
Information	2014-08-30 오후 2:29:51	Microsoft-Windows-Kernel-General	13	None	The operating system is shutting down at system time ‎2014‎-‎08‎-‎30T05:29:51.621613200Z.
Information	2014-08-30 오후 2:29:42	Microsoft-Windows-Winlogon	7002	(1102)	User Logoff Notification for Customer Experience Improvement Program
Information	2014-08-30 오후 12:43:44	Microsoft-Windows-Winlogon	7001	(1101)	User Logon Notification for Customer Experience Improvement Program
Information	2014-08-30 오후 12:42:46	Microsoft-Windows-Kernel-General	12	None	The operating system started at system time ‎2014‎-‎08‎-‎30T03:42:45.626398500Z.
Information	2014-08-30 오후 12:42:18	Microsoft-Windows-Kernel-General	13	None	The operating system is shutting down at system time ‎2014‎-‎08‎-‎30T03:42:18.052271100Z.
Information	2014-08-30 오후 12:42:08	Microsoft-Windows-Winlogon	7002	(1102)	User Logoff Notification for Customer Experience Improvement Program
Information	2014-08-30 오후 12:40:03	Microsoft-Windows-Winlogon	7001	(1101)	User Logon Notification for Customer Experience Improvement Program
Information	2014-08-30 오후 12:39:53	Microsoft-Windows-Winlogon	7002	(1102)	User Logoff Notification for Customer Experience Improvement Program
Information	2014-08-30 오후 12:39:35	Microsoft-Windows-Winlogon	7001	(1101)	User Logon Notification for Customer Experience Improvement Program
Information	2014-08-30 오후 12:39:06	Microsoft-Windows-Winlogon	7002	(1102)	User Logoff Notification for Customer Experience Improvement Program
Information	2014-08-30 오후 12:37:39	Microsoft-Windows-Winlogon	7001	(1101)	User Logon Notification for Customer Experience Improvement Program
Information	2014-08-30 오후 12:37:28	Microsoft-Windows-Winlogon	7002	(1102)	User Logoff Notification for Customer Experience Improvement Program
Information	2014-08-30 오후 12:35:55	Microsoft-Windows-Winlogon	7001	(1101)	User Logon Notification for Customer Experience Improvement Program
Information	2014-08-30 오후 12:35:49	Microsoft-Windows-Winlogon	7002	(1102)	User Logoff Notification for Customer Experience Improvement Program
Information	2014-08-30 오후 12:35:02	Microsoft-Windows-Winlogon	7001	(1101)	User Logon Notification for Customer Experience Improvement Program
Information	2014-08-30 오후 12:34:51	Microsoft-Windows-Winlogon	7002	(1102)	User Logoff Notification for Customer Experience Improvement Program
Information	2014-08-30 오후 12:34:24	Microsoft-Windows-Winlogon	7001	(1101)	User Logon Notification for Customer Experience Improvement Program
Information	2014-08-30 오후 12:34:07	Microsoft-Windows-Winlogon	7002	(1102)	User Logoff Notification for Customer Experience Improvement Program
Information	2014-08-30 오후 12:32:46	Microsoft-Windows-Winlogon	7001	(1101)	User Logon Notification for Customer Experience Improvement Program
Information	2014-08-30 오후 12:32:12	Microsoft-Windows-Kernel-General	12	None	The operating system started at system time ‎2014‎-‎08‎-‎30T03:32:11.610798500Z.
Information	2014-08-30 오후 12:31:45	Microsoft-Windows-Kernel-General	13	None	The operating system is shutting down at system time ‎2014‎-‎08‎-‎30T03:31:45.609250000Z.
Information	2014-08-30 오후 12:31:36	Microsoft-Windows-Winlogon	7002	(1102)	User Logoff Notification for Customer Experience Improvement Program
Information	2014-08-30 오후 12:29:33	Microsoft-Windows-Winlogon	7001	(1101)	User Logon Notification for Customer Experience Improvement Program
Information	2014-08-30 오후 12:28:44	Microsoft-Windows-Winlogon	7002	(1102)	User Logoff Notification for Customer Experience Improvement Program
Information	2014-08-30 오후 12:26:13	Microsoft-Windows-Winlogon	7001	(1101)	User Logon Notification for Customer Experience Improvement Program
Information	2014-08-30 오후 12:25:25	Microsoft-Windows-Kernel-General	12	None	The operating system started at system time ‎2014‎-‎08‎-‎30T03:25:24.626398500Z.
Information	2014-08-30 오후 12:24:47	Microsoft-Windows-Kernel-General	13	None	The operating system is shutting down at system time ‎2014‎-‎08‎-‎30T03:24:47.803411800Z.
Information	2014-08-30 오후 12:24:37	Microsoft-Windows-Winlogon	7002	(1102)	User Logoff Notification for Customer Experience Improvement Program
Information	2014-08-30 오후 12:18:40	Microsoft-Windows-Winlogon	7001	(1101)	User Logon Notification for Customer Experience Improvement Program
Information	2014-08-30 오후 12:18:19	Microsoft-Windows-Winlogon	7002	(1102)	User Logoff Notification for Customer Experience Improvement Program
Information	2014-08-30 오후 12:17:54	Microsoft-Windows-Winlogon	7001	(1101)	User Logon Notification for Customer Experience Improvement Program
Information	2014-08-30 오후 12:17:48	Microsoft-Windows-Winlogon	7002	(1102)	User Logoff Notification for Customer Experience Improvement Program
Information	2014-08-30 오후 12:07:23	Microsoft-Windows-Winlogon	7001	(1101)	User Logon Notification for Customer Experience Improvement Program
Information	2014-08-30 오후 12:07:14	Microsoft-Windows-Winlogon	7002	(1102)	User Logoff Notification for Customer Experience Improvement Program
Information	2014-08-30 오후 12:05:41	Microsoft-Windows-Winlogon	7001	(1101)	User Logon Notification for Customer Experience Improvement Program
Information	2014-08-30 오후 12:05:30	Microsoft-Windows-Winlogon	7002	(1102)	User Logoff Notification for Customer Experience Improvement Program
Information	2014-08-30 오전 11:47:21	Microsoft-Windows-Winlogon	7001	(1101)	User Logon Notification for Customer Experience Improvement Program
Information	2014-08-30 오전 11:47:15	Microsoft-Windows-Winlogon	7002	(1102)	User Logoff Notification for Customer Experience Improvement Program
Information	2014-08-30 오전 11:45:44	Microsoft-Windows-Winlogon	7001	(1101)	User Logon Notification for Customer Experience Improvement Program
Information	2014-08-30 오전 11:45:39	Microsoft-Windows-Winlogon	7002	(1102)	User Logoff Notification for Customer Experience Improvement Program
Information	2014-08-30 오전 11:43:50	Microsoft-Windows-Winlogon	7001	(1101)	User Logon Notification for Customer Experience Improvement Program
Information	2014-08-30 오전 11:43:41	Microsoft-Windows-Winlogon	7002	(1102)	User Logoff Notification for Customer Experience Improvement Program
Information	2014-08-30 오전 11:42:02	Microsoft-Windows-Winlogon	7001	(1101)	User Logon Notification for Customer Experience Improvement Program
Information	2014-08-30 오전 11:41:56	Microsoft-Windows-Winlogon	7002	(1102)	User Logoff Notification for Customer Experience Improvement Program
Information	2014-08-30 오전 11:40:56	Microsoft-Windows-Winlogon	7001	(1101)	User Logon Notification for Customer Experience Improvement Program
Information	2014-08-30 오전 11:40:51	Microsoft-Windows-Winlogon	7002	(1102)	User Logoff Notification for Customer Experience Improvement Program
Information	2014-08-30 오전 11:40:01	Microsoft-Windows-Winlogon	7001	(1101)	User Logon Notification for Customer Experience Improvement Program
Information	2014-08-30 오전 11:39:36	Microsoft-Windows-Winlogon	7002	(1102)	User Logoff Notification for Customer Experience Improvement Program
Information	2014-08-30 오전 11:39:28	Microsoft-Windows-Winlogon	7001	(1101)	User Logon Notification for Customer Experience Improvement Program
Information	2014-08-30 오전 11:39:20	Microsoft-Windows-Winlogon	7002	(1102)	User Logoff Notification for Customer Experience Improvement Program
Information	2014-08-30 오전 11:35:52	Microsoft-Windows-Winlogon	7001	(1101)	User Logon Notification for Customer Experience Improvement Program
Information	2014-08-30 오전 11:35:42	Microsoft-Windows-Winlogon	7002	(1102)	User Logoff Notification for Customer Experience Improvement Program
Information	2014-08-30 오전 1:47:34	Microsoft-Windows-Winlogon	7001	(1101)	User Logon Notification for Customer Experience Improvement Program
Information	2014-08-30 오전 1:46:49	Microsoft-Windows-Winlogon	7002	(1102)	User Logoff Notification for Customer Experience Improvement Program
Information	2014-08-30 오전 1:25:04	Microsoft-Windows-Winlogon	7001	(1101)	User Logon Notification for Customer Experience Improvement Program
Information	2014-08-30 오전 1:24:11	Microsoft-Windows-Kernel-General	12	None	The operating system started at system time ‎2014‎-‎08‎-‎29T16:24:10.626398500Z.
Information	2014-08-29 오후 11:50:03	Microsoft-Windows-Winlogon	7001	(1101)	User Logon Notification for Customer Experience Improvement Program
Information	2014-08-29 오후 8:56:34	Microsoft-Windows-Winlogon	7001	(1101)	User Logon Notification for Customer Experience Improvement Program
Information	2014-08-29 오후 8:56:24	Microsoft-Windows-Winlogon	7002	(1102)	User Logoff Notification for Customer Experience Improvement Program
Information	2014-08-29 오후 8:50:44	Microsoft-Windows-Winlogon	7001	(1101)	User Logon Notification for Customer Experience Improvement Program
Information	2014-08-29 오후 8:50:24	Microsoft-Windows-Winlogon	7002	(1102)	User Logoff Notification for Customer Experience Improvement Program
Information	2014-08-29 오후 8:49:52	Microsoft-Windows-Winlogon	7001	(1101)	User Logon Notification for Customer Experience Improvement Program
Information	2014-08-29 오후 8:49:47	Microsoft-Windows-Winlogon	7002	(1102)	User Logoff Notification for Customer Experience Improvement Program
Information	2014-08-29 오후 8:34:01	Microsoft-Windows-Winlogon	7001	(1101)	User Logon Notification for Customer Experience Improvement Program
Information	2014-08-29 오후 8:33:08	Microsoft-Windows-Kernel-General	12	None	The operating system started at system time ‎2014‎-‎08‎-‎29T11:33:07.626398500Z.
Information	2014-08-29 오후 8:30:01	Microsoft-Windows-Kernel-General	13	None	The operating system is shutting down at system time ‎2014‎-‎08‎-‎29T11:30:01.459550200Z.
Information	2014-08-29 오후 8:28:35	Microsoft-Windows-Kernel-General	12	None	The operating system started at system time ‎2014‎-‎08‎-‎29T11:28:34.626398500Z.
Information	2014-08-29 오후 8:12:02	Microsoft-Windows-Kernel-General	13	None	The operating system is shutting down at system time ‎2014‎-‎08‎-‎29T11:12:02.370483100Z.
Information	2014-08-29 오후 8:11:51	Microsoft-Windows-Winlogon	7002	(1102)	User Logoff Notification for Customer Experience Improvement Program
Information	2014-08-29 오후 8:09:57	Microsoft-Windows-Winlogon	7001	(1101)	User Logon Notification for Customer Experience Improvement Program
Information	2014-08-29 오후 8:09:20	Microsoft-Windows-Kernel-General	12	None	The operating system started at system time ‎2014‎-‎08‎-‎29T11:09:19.626398500Z.
Information	2014-08-29 오후 8:08:43	Microsoft-Windows-Kernel-General	13	None	The operating system is shutting down at system time ‎2014‎-‎08‎-‎29T11:08:43.275995300Z.
Information	2014-08-29 오후 8:08:34	Microsoft-Windows-Winlogon	7002	(1102)	User Logoff Notification for Customer Experience Improvement Program
Information	2014-08-29 오후 8:05:39	Microsoft-Windows-Winlogon	7001	(1101)	User Logon Notification for Customer Experience Improvement Program
Information	2014-08-29 오후 8:04:57	Microsoft-Windows-Kernel-General	12	None	The operating system started at system time ‎2014‎-‎08‎-‎29T11:04:56.626398500Z.
Information	2014-08-30 오전 3:50:37	Microsoft-Windows-Kernel-General	13	None	The operating system is shutting down at system time ‎2014‎-‎08‎-‎29T18:50:37.792929200Z.
Information	2014-08-30 오전 3:49:23	Microsoft-Windows-Kernel-General	12	None	The operating system started at system time ‎2014‎-‎08‎-‎29T18:49:22.626398500Z.
Information	2014-08-30 오전 2:32:26	Microsoft-Windows-Kernel-General	13	None	The operating system is shutting down at system time ‎2014‎-‎08‎-‎29T17:32:26.967141300Z.
Information	2014-08-30 오전 2:32:17	Microsoft-Windows-Winlogon	7002	(1102)	User Logoff Notification for Customer Experience Improvement Program
Information	2014-08-30 오전 2:26:09	Microsoft-Windows-Winlogon	7001	(1101)	User Logon Notification for Customer Experience Improvement Program
Information	2014-08-30 오전 2:25:24	Microsoft-Windows-Kernel-General	12	None	The operating system started at system time ‎2014‎-‎08‎-‎29T17:25:23.626398500Z.
Information	2014-08-30 오전 2:23:01	Microsoft-Windows-Kernel-General	13	None	The operating system is shutting down at system time ‎2014‎-‎08‎-‎29T17:23:01.272769300Z.
Information	2014-08-30 오전 2:22:46	Microsoft-Windows-Winlogon	7002	(1102)	User Logoff Notification for Customer Experience Improvement Program
Information	2014-08-30 오전 1:43:50	Microsoft-Windows-Winlogon	7001	(1101)	User Logon Notification for Customer Experience Improvement Program
Information	2014-08-30 오전 1:42:26	Microsoft-Windows-Kernel-General	12	None	The operating system started at system time ‎2014‎-‎08‎-‎29T16:42:25.626398500Z.
Information	2014-08-30 오전 1:30:41	Microsoft-Windows-Kernel-General	13	None	The operating system is shutting down at system time ‎2014‎-‎08‎-‎29T16:30:41.932734800Z.
Information	2014-08-30 오전 1:30:25	Microsoft-Windows-Winlogon	7002	(1102)	User Logoff Notification for Customer Experience Improvement Program
Information	2014-08-30 오전 1:26:04	Microsoft-Windows-Winlogon	7001	(1101)	User Logon Notification for Customer Experience Improvement Program
Information	2014-08-30 오전 1:24:40	Microsoft-Windows-Kernel-General	12	None	The operating system started at system time ‎2014‎-‎08‎-‎29T16:24:39.626398500Z.
Information	2014-08-30 오전 1:24:12	Microsoft-Windows-Kernel-General	13	None	The operating system is shutting down at system time ‎2014‎-‎08‎-‎29T16:24:12.465957600Z.
Information	2014-08-30 오전 1:24:03	Microsoft-Windows-Winlogon	7002	(1102)	User Logoff Notification for Customer Experience Improvement Program
Information	2014-08-30 오전 1:22:13	Microsoft-Windows-Winlogon	7001	(1101)	User Logon Notification for Customer Experience Improvement Program
Information	2014-08-30 오전 1:20:48	Microsoft-Windows-Kernel-General	12	None	The operating system started at system time ‎2014‎-‎08‎-‎29T16:20:47.626398500Z.
Information	2014-08-30 오전 1:18:51	Microsoft-Windows-Kernel-General	13	None	The operating system is shutting down at system time ‎2014‎-‎08‎-‎29T16:18:51.928412600Z.
Information	2014-08-30 오전 1:18:43	Microsoft-Windows-Winlogon	7002	(1102)	User Logoff Notification for Customer Experience Improvement Program
Information	2014-08-30 오전 1:16:21	Microsoft-Windows-Winlogon	7001	(1101)	User Logon Notification for Customer Experience Improvement Program
Information	2014-08-30 오전 1:14:56	Microsoft-Windows-Kernel-General	12	None	The operating system started at system time ‎2014‎-‎08‎-‎29T16:14:55.626398500Z.
Information	2014-08-30 오전 1:13:06	Microsoft-Windows-Kernel-General	13	None	The operating system is shutting down at system time ‎2014‎-‎08‎-‎29T16:13:06.137628000Z.
Information	2014-08-30 오전 1:12:56	Microsoft-Windows-Winlogon	7002	(1102)	User Logoff Notification for Customer Experience Improvement Program
Information	2014-08-30 오전 1:11:18	Microsoft-Windows-Winlogon	7001	(1101)	User Logon Notification for Customer Experience Improvement Program
Information	2014-08-30 오전 1:09:01	Microsoft-Windows-Kernel-General	12	None	The operating system started at system time ‎2014‎-‎08‎-‎29T16:09:00.626398500Z.
Information	2014-08-30 오전 12:29:14	Microsoft-Windows-Kernel-General	13	None	The operating system is shutting down at system time ‎2014‎-‎08‎-‎29T15:29:14.575569200Z.
Information	2014-08-30 오전 12:29:01	Microsoft-Windows-Winlogon	7002	(1102)	User Logoff Notification for Customer Experience Improvement Program
Information	2014-08-30 오전 12:11:19	Microsoft-Windows-Winlogon	7001	(1101)	User Logon Notification for Customer Experience Improvement Program
Information	2014-08-30 오전 12:10:33	Microsoft-Windows-Kernel-General	12	None	The operating system started at system time ‎2014‎-‎08‎-‎29T15:10:32.626398500Z.
Information	2014-08-29 오전 2:11:20	Microsoft-Windows-Kernel-General	13	None	The operating system is shutting down at system time ‎2014‎-‎08‎-‎28T17:11:20.822120500Z.
Information	2014-08-29 오전 2:10:11	Microsoft-Windows-Kernel-General	12	None	The operating system started at system time ‎2014‎-‎08‎-‎28T17:10:10.626398500Z.
Information	2014-08-29 오전 2:09:48	Microsoft-Windows-Kernel-General	13	None	The operating system is shutting down at system time ‎2014‎-‎08‎-‎28T17:09:48.789965900Z.
Information	2014-08-29 오전 2:09:40	Microsoft-Windows-Winlogon	7002	(1102)	User Logoff Notification for Customer Experience Improvement Program
Information	2014-08-29 오전 1:59:04	Microsoft-Windows-Winlogon	7001	(1101)	User Logon Notification for Customer Experience Improvement Program
Information	2014-08-29 오전 1:57:33	Microsoft-Windows-Kernel-General	12	None	The operating system started at system time ‎2014‎-‎08‎-‎28T16:57:32.626398500Z.
Information	2014-08-27 오전 6:19:57	Microsoft-Windows-Kernel-General	13	None	The operating system is shutting down at system time ‎2014‎-‎08‎-‎26T21:19:57.646734900Z.
Information	2014-08-27 오전 6:19:47	Microsoft-Windows-Winlogon	7002	(1102)	User Logoff Notification for Customer Experience Improvement Program
Information	2014-08-27 오전 5:27:48	Microsoft-Windows-Winlogon	7001	(1101)	User Logon Notification for Customer Experience Improvement Program
Information	2014-08-27 오전 5:27:43	Microsoft-Windows-Winlogon	7002	(1102)	User Logoff Notification for Customer Experience Improvement Program
Information	2014-08-27 오전 5:24:34	Microsoft-Windows-Winlogon	7001	(1101)	User Logon Notification for Customer Experience Improvement Program
Information	2014-08-27 오전 5:24:22	Microsoft-Windows-Winlogon	7002	(1102)	User Logoff Notification for Customer Experience Improvement Program
Information	2014-08-27 오전 4:53:05	Microsoft-Windows-Winlogon	7001	(1101)	User Logon Notification for Customer Experience Improvement Program
Information	2014-08-27 오전 4:52:03	Microsoft-Windows-Kernel-General	12	None	The operating system started at system time ‎2014‎-‎08‎-‎26T19:52:02.626398500Z.
Information	2014-08-27 오전 4:49:30	Microsoft-Windows-Kernel-General	13	None	The operating system is shutting down at system time ‎2014‎-‎08‎-‎26T19:49:30.926853700Z.
Information	2014-08-27 오전 4:49:13	Microsoft-Windows-Winlogon	7002	(1102)	User Logoff Notification for Customer Experience Improvement Program
Information	2014-08-27 오전 1:55:41	Microsoft-Windows-Winlogon	7001	(1101)	User Logon Notification for Customer Experience Improvement Program
Information	2014-08-27 오전 1:52:32	Microsoft-Windows-Kernel-General	12	None	The operating system started at system time ‎2014‎-‎08‎-‎26T16:52:31.626398500Z.
Information	2014-08-27 오전 1:52:07	Microsoft-Windows-Kernel-General	13	None	The operating system is shutting down at system time ‎2014‎-‎08‎-‎26T16:52:07.199614300Z.
Information	2014-08-27 오전 1:51:45	Microsoft-Windows-Winlogon	7002	(1102)	User Logoff Notification for Customer Experience Improvement Program
Information	2014-08-26 오후 9:47:20	Microsoft-Windows-Winlogon	7001	(1101)	User Logon Notification for Customer Experience Improvement Program
Information	2014-08-24 오전 5:05:54	Microsoft-Windows-Kernel-General	12	None	The operating system started at system time ‎2014‎-‎08‎-‎23T20:05:53.626398500Z.
Information	2014-08-24 오전 5:05:29	Microsoft-Windows-Kernel-General	13	None	The operating system is shutting down at system time ‎2014‎-‎08‎-‎23T20:05:29.999674400Z.
Information	2014-08-23 오전 5:59:22	Microsoft-Windows-Kernel-General	12	None	The operating system started at system time ‎2014‎-‎08‎-‎22T20:59:21.626398500Z.
Information	2014-08-23 오전 5:58:58	Microsoft-Windows-Kernel-General	13	None	The operating system is shutting down at system time ‎2014‎-‎08‎-‎22T20:58:58.810724400Z.
Information	2014-08-23 오전 5:56:12	Microsoft-Windows-Winlogon	7002	(1102)	User Logoff Notification for Customer Experience Improvement Program
Information	2014-08-22 오후 5:21:24	Microsoft-Windows-Winlogon	7001	(1101)	User Logon Notification for Customer Experience Improvement Program
Information	2014-08-22 오후 5:20:13	Microsoft-Windows-Kernel-General	12	None	The operating system started at system time ‎2014‎-‎08‎-‎22T08:20:12.610798500Z.
Information	2014-08-22 오후 5:19:49	Microsoft-Windows-Kernel-General	13	None	The operating system is shutting down at system time ‎2014‎-‎08‎-‎22T08:19:49.659052100Z.
Information	2014-08-22 오후 5:19:41	Microsoft-Windows-Winlogon	7002	(1102)	User Logoff Notification for Customer Experience Improvement Program
Information	2014-08-22 오후 3:54:59	Microsoft-Windows-Winlogon	7001	(1101)	User Logon Notification for Customer Experience Improvement Program
Information	2014-08-22 오후 3:54:11	Microsoft-Windows-Kernel-General	12	None	The operating system started at system time ‎2014‎-‎08‎-‎22T06:54:10.610798500Z.
Information	2014-08-22 오후 3:53:48	Microsoft-Windows-Kernel-General	13	None	The operating system is shutting down at system time ‎2014‎-‎08‎-‎22T06:53:48.032306900Z.
Information	2014-08-22 오후 3:53:40	Microsoft-Windows-Winlogon	7002	(1102)	User Logoff Notification for Customer Experience Improvement Program
Information	2014-08-22 오후 3:13:29	Microsoft-Windows-Winlogon	7001	(1101)	User Logon Notification for Customer Experience Improvement Program
